20:17:06.026 [main                     ] DEBUG Logger               - Configured Logger
20:17:06.086 [main                     ] DEBUG GameApplication      - Logging settings
Title: Dinosaur Exploder
Version: 1.0
Width: 600
Height: 800
Fullscreen: false
Intro: false
Profiling: false
Single step:false
App Mode: DEVELOPER
Menu Key: ESCAPE
Stage Style: DECORATED
Scene Factory: class com.almasb.fxgl.app.scene.SceneFactory

20:17:06.623 [JavaFX Application Thread] DEBUG FXGLApplication      - Initializing FXGL
20:17:06.630 [JavaFX Application Thread] INFO  Engine               - FXGL-17 (31.12.2021 18.16) on WINDOWS (J:17.0.2 FX:17.0.1)
20:17:06.631 [JavaFX Application Thread] DEBUG Engine               - JRE Vendor Name: Oracle Corporation
20:17:06.631 [JavaFX Application Thread] DEBUG Engine               - Running on OS: Windows 10 version 10.0
20:17:06.631 [JavaFX Application Thread] DEBUG Engine               - Architecture: amd64
20:17:06.631 [JavaFX Application Thread] INFO  Engine               - Source code and latest versions at: https://github.com/AlmasB/FXGL
20:17:06.632 [JavaFX Application Thread] INFO  Engine               -       Ask questions and discuss at: https://github.com/AlmasB/FXGL/discussions
20:17:06.632 [JavaFX Application Thread] INFO  Engine               -              Join the FXGL chat at: https://gitter.im/AlmasB/FXGL
20:17:06.758 [JavaFX Application Thread] DEBUG PrimaryStageWindow   - Creating a JavaFX scene
20:17:06.820 [JavaFX Application Thread] DEBUG PrimaryStageWindow   - Target settings size: 600.0 x 800.0
20:17:06.821 [JavaFX Application Thread] DEBUG PrimaryStageWindow   - Scaled scene size:    600.0 x 800.0
20:17:06.821 [JavaFX Application Thread] DEBUG PrimaryStageWindow   - Scaled ratio: (1.0, 1.0)
20:17:06.822 [JavaFX Application Thread] DEBUG PrimaryStageWindow   - Set initial scene to FXGLStartupScene
20:17:06.831 [JavaFX Application Thread] DEBUG PrimaryStageWindow   - Opening main window
20:17:06.950 [JavaFX Application Thread] DEBUG PrimaryStageWindow   - Window border size: (14.66668701171875, 37.33331298828125)
20:17:06.951 [JavaFX Application Thread] DEBUG PrimaryStageWindow   - Scaled size: 600.0 x 800.0
20:17:06.952 [JavaFX Application Thread] DEBUG PrimaryStageWindow   - Scaled ratio: (1.0, 1.0)
20:17:06.952 [JavaFX Application Thread] DEBUG PrimaryStageWindow   - Scene size: 600.0 x 800.0
20:17:06.953 [JavaFX Application Thread] DEBUG PrimaryStageWindow   - Stage size: 614.6666870117188 x 837.3333129882812
20:17:06.963 [FXGL Background Thread 1 ] DEBUG Engine               - Initializing environment variables
20:17:07.019 [FXGL Background Thread 1 ] DEBUG FXGLAssetLoaderServi - User app class for loading assets: class com.dinosaur.dinosaurexploder.DinosaurApp
20:17:07.019 [FXGL Background Thread 1 ] DEBUG GameApplicationServi - Applying CSS: fxgl_dark.css
20:17:07.021 [FXGL Background Thread 1 ] DEBUG FXGLAssetLoaderServi - Loading from file system: jar:file:///C:/Users/Pepito/.m2/repository/com/github/almasb/fxgl/17/fxgl-17.jar!/fxglassets/ui/css/fxgl_dark.css
20:17:07.096 [FXGL Background Thread 1 ] DEBUG GameApplicationServi - Initializing application scenes
20:17:07.174 [FXGL Background Thread 1 ] DEBUG GameWorld            - Game world initialized
20:17:07.255 [FXGL Background Thread 1 ] DEBUG PhysicsWorld         - Physics world initialized: appHeight=800, physics.ppm=50.0
20:17:07.256 [FXGL Background Thread 1 ] DEBUG PhysicsWorld         - Using strategy: BRUTE_FORCE
20:17:07.262 [FXGL Background Thread 1 ] DEBUG GameScene            - Game scene initialized: 600x800
20:17:07.281 [FXGL Background Thread 1 ] WARN  FXGL.DefaultMenu     - FXGLDefaultMenu is not designed for resolutions < 800x600
20:17:07.281 [FXGL Background Thread 1 ] DEBUG FXGL.DefaultMenu     - createMenuBodyGameMenu()
20:17:07.302 [FXGL Background Thread 1 ] DEBUG FXGL.DefaultMenu     - createOptionsMenu()
20:17:07.319 [FXGL Background Thread 1 ] DEBUG FXGLAssetLoaderServi - Loading from file system: jar:file:///C:/Users/Pepito/.m2/repository/com/github/almasb/fxgl/17/fxgl-17.jar!/fxglassets/textures/particles/smoke.png
20:17:07.451 [FXGL Background Thread 1 ] DEBUG FXGLAssetLoaderServi - Loading from file system: jar:file:///C:/Users/Pepito/.m2/repository/com/github/almasb/fxgl/17/fxgl-17.jar!/fxglassets/textures/particles/trace_horizontal.png
20:17:07.521 [FXGL Background Thread 1 ] DEBUG GameApplicationServi - Application scenes initialized
20:17:07.537 [FXGL Background Thread 1 ] DEBUG SystemBundleService  - Loading FXGL system data
20:17:07.543 [FXGL Background Thread 1 ] DEBUG FileSystemAccess     - Reading from: C:\Users\Pepito\Documents\OpSoPr\project\dinosaur-exploder\system\fxgl.bundle
20:17:07.551 [FXGL Background Thread 1 ] DEBUG SystemBundleService  - Bundle FXGL: {}
20:17:07.551 [FXGL Background Thread 1 ] DEBUG UpdaterService       - Checking for updates
20:17:07.556 [FXGL Background Thread 4 ] DEBUG FXGLApplication      - Loading fonts
20:17:07.557 [FXGL Background Thread 1 ] DEBUG FXGLApplication      - Loading default localization
20:17:07.557 [FXGL Background Thread 4 ] DEBUG FXGLAssetLoaderServi - Loading from file system: jar:file:///C:/Users/Pepito/.m2/repository/com/github/almasb/fxgl/17/fxgl-17.jar!/fxglassets/ui/fonts/VarelaRound-Regular.ttf
20:17:07.558 [FXGL Background Thread 1 ] DEBUG FXGLAssetLoaderServi - Loading from file system: jar:file:///C:/Users/Pepito/.m2/repository/com/github/almasb/fxgl/17/fxgl-17.jar!/fxglassets/languages/english.lang
20:17:07.587 [FXGL Background Thread 1 ] INFO  FXGLApplication      - FXGL initialization took: 0.624 sec
20:17:07.604 [JavaFX Application Thread] DEBUG Input                - Registered new binding: action0 - Up
20:17:07.605 [JavaFX Application Thread] DEBUG Input                - Registered new binding: action1 - Down
20:17:07.606 [JavaFX Application Thread] DEBUG Input                - Registered new binding: action2 - Left
20:17:07.606 [JavaFX Application Thread] DEBUG Input                - Registered new binding: action3 - Right
20:17:07.607 [JavaFX Application Thread] DEBUG Input                - Registered new binding: action4 - Space
20:17:07.608 [JavaFX Application Thread] DEBUG FXGLAssetLoaderServi - Loading from file system: jar:file:///C:/Users/Pepito/.m2/repository/com/github/almasb/fxgl/17/fxgl-17.jar!/fxglassets/textures/fxgl_icon.png
20:17:07.644 [JavaFX Application Thread] DEBUG FXGLAssetLoaderServi - Loading from file system: jar:file:///C:/Users/Pepito/.m2/repository/com/github/almasb/fxgl/17/fxgl-17.jar!/fxglassets/textures/fxgl_default_cursor.png
20:17:07.647 [JavaFX Application Thread] DEBUG Input                - Registered new binding: Screenshot - CTRL+8
20:17:07.648 [JavaFX Application Thread] DEBUG Input                - Registered new binding: System info dump - CTRL+9
20:17:07.649 [JavaFX Application Thread] DEBUG Input                - Registered new binding: Restart - CTRL+R
20:17:07.650 [JavaFX Application Thread] DEBUG Input                - Registered new binding: Toggle Debug Camera - CTRL+7
20:17:07.653 [FXGL Background Thread 4 ] DEBUG FXGLAssetLoaderServi - Loading from file system: jar:file:///C:/Users/Pepito/.m2/repository/com/github/almasb/fxgl/17/fxgl-17.jar!/fxglassets/ui/fonts/Abel-Regular.ttf
20:17:07.654 [JavaFX Application Thread] DEBUG LoopRunner           - Starting loop
20:17:07.654 [JavaFX Application Thread] DEBUG LoopRunner           - Initializing JavaFX AnimationTimerLoop
20:17:07.657 [JavaFX Application Thread] DEBUG GameApplicationServi - Starting new game
20:17:07.658 [JavaFX Application Thread] DEBUG Input                - Clearing active input actions
20:17:07.659 [FXGL Background Thread 4 ] DEBUG FXGLAssetLoaderServi - Loading from file system: jar:file:///C:/Users/Pepito/.m2/repository/com/github/almasb/fxgl/17/fxgl-17.jar!/fxglassets/ui/fonts/TerminalLandMono-Regular.otf
20:17:07.666 [FXGL Background Thread 4 ] DEBUG FXGLAssetLoaderServi - Loading from file system: jar:file:///C:/Users/Pepito/.m2/repository/com/github/almasb/fxgl/17/fxgl-17.jar!/fxglassets/ui/fonts/Courier-Prime.ttf
20:17:07.682 [JavaFX Application Thread] DEBUG GameApplicationServi - Removing overlay from FXGLStartupScene and adding to FXGLLoadingScene
20:17:07.683 [JavaFX Application Thread] DEBUG PrimaryStageWindow   - FXGLStartupScene -> FXGLLoadingScene
20:17:07.683 [JavaFX Application Thread] DEBUG GameApplicationServi - Clearing previous game
20:17:07.683 [JavaFX Application Thread] DEBUG GameScene            - Clearing game scene
20:17:07.684 [JavaFX Application Thread] DEBUG GameWorld            - Clearing game world
20:17:07.684 [JavaFX Application Thread] DEBUG PhysicsWorld         - Clearing physics world
20:17:07.687 [FXGL Background Thread 4 ] DEBUG FXGLApplication      - Initializing game
20:17:07.700 [FXGL Background Thread 4 ] DEBUG FXGLAssetLoaderServi - Loading from file system: file:/C:/Users/Pepito/Documents/OpSoPr/project/dinosaur-exploder/target/classes/assets/textures/background.png
20:17:07.751 [JavaFX Application Thread] DEBUG FXGLApplication      - Registering font factories with UI factory
20:17:08.031 [FXGL Background Thread 4 ] DEBUG FXGLAssetLoaderServi - Loading from file system: file:/C:/Users/Pepito/Documents/OpSoPr/project/dinosaur-exploder/target/classes/assets/textures/spaceship.png
20:17:08.047 [FXGL Background Thread 4 ] DEBUG FXGLAssetLoaderServi - Loading from file system: file:/C:/Users/Pepito/Documents/OpSoPr/project/dinosaur-exploder/target/classes/assets/textures/greenDino.png
20:17:08.050 [FXGL Background Thread 4 ] INFO  FXGLApplication      - Game initialization took: 0.363 sec
20:17:08.053 [JavaFX Application Thread] DEBUG Input                - Clearing active input actions
20:17:08.068 [JavaFX Application Thread] DEBUG GameApplicationServi - Removing overlay from FXGLLoadingScene and adding to GameScene
20:17:08.068 [JavaFX Application Thread] DEBUG PrimaryStageWindow   - FXGLLoadingScene -> GameScene
20:17:10.013 [JavaFX Application Thread] DEBUG LoopRunner           - Stopping loop
20:17:10.014 [JavaFX Application Thread] FATAL FXGLApplication      - Uncaught Exception:
java.lang.IllegalArgumentException: Component PlayerComponent not found!
	at com.almasb.fxgl.entity@17/com.almasb.fxgl.entity.Entity.getComponent(Entity.java:366)
	at com.dinosaur.dinosaurexploder/com.dinosaur.dinosaurexploder.DinosaurApp.lambda$initInput$4(DinosaurApp.java:37)
	at com.almasb.fxgl.all@17/com.almasb.fxgl.dsl.FXGL$Companion$onKeyDown$1.onActionBegin(FXGL.kt:384)
	at com.almasb.fxgl.core@17/com.almasb.fxgl.input.UserAction.begin$fxgl_core(UserAction.kt:37)
	at com.almasb.fxgl.core@17/com.almasb.fxgl.input.Input.handlePressed(Input.kt:350)
	at com.almasb.fxgl.core@17/com.almasb.fxgl.input.Input.onKeyEvent(Input.kt:291)
	at com.almasb.fxgl.all@17/com.almasb.fxgl.app.PrimaryStageWindow$1$1.invoke(MainWindow.kt:308)
	at com.almasb.fxgl.all@17/com.almasb.fxgl.app.PrimaryStageWindow$1$1.invoke(MainWindow.kt:308)
	at com.almasb.fxgl.core@17/com.almasb.fxgl.core.fsm.StateMachine.runOnActiveStates(StateMachine.kt:69)
	at com.almasb.fxgl.all@17/com.almasb.fxgl.app.PrimaryStageWindow$1.invoke(MainWindow.kt:308)
	at com.almasb.fxgl.all@17/com.almasb.fxgl.app.PrimaryStageWindow$1.invoke(MainWindow.kt:306)
	at com.almasb.fxgl.all@17/com.almasb.fxgl.app.MainWindow.addKeyHandler$lambda-1(MainWindow.kt:221)
	at javafx.base/com.sun.javafx.event.CompositeEventHandler$NormalEventHandlerRecord.handleBubblingEvent(CompositeEventHandler.java:247)
	at javafx.base/com.sun.javafx.event.CompositeEventHandler.dispatchBubblingEvent(CompositeEventHandler.java:80)
	at javafx.base/com.sun.javafx.event.EventHandlerManager.dispatchBubblingEvent(EventHandlerManager.java:234)
	at javafx.base/com.sun.javafx.event.EventHandlerManager.dispatchBubblingEvent(EventHandlerManager.java:191)
	at javafx.base/com.sun.javafx.event.CompositeEventDispatcher.dispatchBubblingEvent(CompositeEventDispatcher.java:59)
	at javafx.base/com.sun.javafx.event.BasicEventDispatcher.dispatchEvent(BasicEventDispatcher.java:58)
	at javafx.base/com.sun.javafx.event.EventDispatchChainImpl.dispatchEvent(EventDispatchChainImpl.java:114)
	at javafx.base/com.sun.javafx.event.BasicEventDispatcher.dispatchEvent(BasicEventDispatcher.java:56)
	at javafx.base/com.sun.javafx.event.EventDispatchChainImpl.dispatchEvent(EventDispatchChainImpl.java:114)
	at javafx.base/com.sun.javafx.event.EventUtil.fireEventImpl(EventUtil.java:74)
	at javafx.base/com.sun.javafx.event.EventUtil.fireEvent(EventUtil.java:54)
	at javafx.base/javafx.event.Event.fireEvent(Event.java:198)
	at javafx.graphics/javafx.scene.Scene$KeyHandler.process(Scene.java:4105)
	at javafx.graphics/javafx.scene.Scene.processKeyEvent(Scene.java:2156)
	at javafx.graphics/javafx.scene.Scene$ScenePeerListener.keyEvent(Scene.java:2630)
	at javafx.graphics/com.sun.javafx.tk.quantum.GlassViewEventHandler$KeyEventNotification.run(GlassViewEventHandler.java:218)
	at javafx.graphics/com.sun.javafx.tk.quantum.GlassViewEventHandler$KeyEventNotification.run(GlassViewEventHandler.java:150)
	at java.base/java.security.AccessController.doPrivileged(AccessController.java:399)
	at javafx.graphics/com.sun.javafx.tk.quantum.GlassViewEventHandler.lambda$handleKeyEvent$1(GlassViewEventHandler.java:250)
	at javafx.graphics/com.sun.javafx.tk.quantum.QuantumToolkit.runWithoutRenderLock(QuantumToolkit.java:424)
	at javafx.graphics/com.sun.javafx.tk.quantum.GlassViewEventHandler.handleKeyEvent(GlassViewEventHandler.java:249)
	at javafx.graphics/com.sun.glass.ui.View.handleKeyEvent(View.java:548)
	at javafx.graphics/com.sun.glass.ui.View.notifyKey(View.java:972)
	at javafx.graphics/com.sun.glass.ui.win.WinApplication._runLoop(Native Method)
	at javafx.graphics/com.sun.glass.ui.win.WinApplication.lambda$runLoop$3(WinApplication.java:184)
	at java.base/java.lang.Thread.run(Thread.java:833)

20:17:10.015 [JavaFX Application Thread] FATAL FXGLApplication      - Application will now exit
20:17:10.048 [JavaFX Application Thread] DEBUG PrimaryStageWindow   - Push state: ErrorSubScene
20:17:10.049 [JavaFX Application Thread] DEBUG Input                - Clearing active input actions
20:17:10.058 [JavaFX Application Thread] DEBUG GameApplicationServi - Removing overlay from GameScene and adding to ErrorSubScene
20:17:10.060 [JavaFX Application Thread] DEBUG PrimaryStageWindow   - GameScene -> ErrorSubScene
20:17:10.555 [FXGL Background Thread 3 ] DEBUG Engine               - Logging environment variables
20:17:10.556 [FXGL Background Thread 3 ] DEBUG Engine               - achievements: []
20:17:10.556 [FXGL Background Thread 3 ] DEBUG Engine               - actualHeight: 800.0
20:17:10.556 [FXGL Background Thread 3 ] DEBUG Engine               - actualHeightProperty: ReadOnlyDoubleProperty [value: 800.0]
20:17:10.556 [FXGL Background Thread 3 ] DEBUG Engine               - actualWidth: 600.0
20:17:10.557 [FXGL Background Thread 3 ] DEBUG Engine               - actualWidthProperty: ReadOnlyDoubleProperty [value: 600.0]
20:17:10.557 [FXGL Background Thread 3 ] DEBUG Engine               - appIcon: fxgl_icon.png
20:17:10.557 [FXGL Background Thread 3 ] DEBUG Engine               - applicationMode: DEVELOPER
20:17:10.557 [FXGL Background Thread 3 ] DEBUG Engine               - cSSList: [fxgl_dark.css]
20:17:10.557 [FXGL Background Thread 3 ] DEBUG Engine               - collisionDetectionStrategy: BRUTE_FORCE
20:17:10.557 [FXGL Background Thread 3 ] DEBUG Engine               - configClass: Optional.empty
20:17:10.557 [FXGL Background Thread 3 ] DEBUG Engine               - credits: []
20:17:10.558 [FXGL Background Thread 3 ] DEBUG Engine               - defaultCursor: CursorInfo(imageName=fxgl_default_cursor.png, hotspotX=7.0, hotspotY=6.0)
20:17:10.558 [FXGL Background Thread 3 ] DEBUG Engine               - devBBoxColorProperty: ObjectProperty [value: 0xff0000ff]
20:17:10.559 [FXGL Background Thread 3 ] DEBUG Engine               - devEnableDebugCameraProperty: BooleanProperty [value: false]
20:17:10.559 [FXGL Background Thread 3 ] DEBUG Engine               - devSensorColorProperty: ObjectProperty [value: 0xffff00ff]
20:17:10.559 [FXGL Background Thread 3 ] DEBUG Engine               - devShowBBoxProperty: BooleanProperty [value: false]
20:17:10.559 [FXGL Background Thread 3 ] DEBUG Engine               - devShowPositionProperty: BooleanProperty [value: false]
20:17:10.559 [FXGL Background Thread 3 ] DEBUG Engine               - enabledMenuItems: []
20:17:10.559 [FXGL Background Thread 3 ] DEBUG Engine               - engineServices: [class com.almasb.fxgl.app.services.FXGLAssetLoaderService, class com.almasb.fxgl.app.FXGLApplication$GameApplicationService, class com.almasb.fxgl.app.services.FXGLDialogService, class com.almasb.fxgl.app.services.IOTaskExecutorService, class com.almasb.fxgl.io.FileSystemService, class com.almasb.fxgl.localization.LocalizationService, class com.almasb.fxgl.app.services.SystemBundleService, class com.almasb.fxgl.profile.SaveLoadService, class com.almasb.fxgl.ui.FXGLUIFactoryServiceProvider, class com.almasb.fxgl.ui.FXGLDialogFactoryServiceProvider, class com.almasb.fxgl.audio.AudioPlayer, class com.almasb.fxgl.notification.impl.NotificationServiceProvider, class com.almasb.fxgl.achievement.AchievementService, class com.almasb.fxgl.cutscene.CutsceneService, class com.almasb.fxgl.minigames.MiniGameService, class com.almasb.fxgl.net.NetService, class com.almasb.fxgl.app.services.UpdaterService, class com.almasb.fxgl.dev.DevService]
20:17:10.559 [FXGL Background Thread 3 ] DEBUG Engine               - fontGame: Abel-Regular.ttf
20:17:10.560 [FXGL Background Thread 3 ] DEBUG Engine               - fontMono: TerminalLandMono-Regular.otf
20:17:10.560 [FXGL Background Thread 3 ] DEBUG Engine               - fontText: Courier-Prime.ttf
20:17:10.560 [FXGL Background Thread 3 ] DEBUG Engine               - fontUI: VarelaRound-Regular.ttf
20:17:10.560 [FXGL Background Thread 3 ] DEBUG Engine               - fullScreen: BooleanProperty [value: false]
20:17:10.560 [FXGL Background Thread 3 ] DEBUG Engine               - gameDifficulty: MEDIUM
20:17:10.560 [FXGL Background Thread 3 ] DEBUG Engine               - gameDifficultyProperty: ObjectProperty [value: MEDIUM]
20:17:10.560 [FXGL Background Thread 3 ] DEBUG Engine               - globalMusicVolume: 0.5
20:17:10.560 [FXGL Background Thread 3 ] DEBUG Engine               - globalMusicVolumeProperty: DoubleProperty [value: 0.5]
20:17:10.561 [FXGL Background Thread 3 ] DEBUG Engine               - globalSoundVolume: 0.5
20:17:10.561 [FXGL Background Thread 3 ] DEBUG Engine               - globalSoundVolumeProperty: DoubleProperty [value: 0.5]
20:17:10.561 [FXGL Background Thread 3 ] DEBUG Engine               - height: 800
20:17:10.561 [FXGL Background Thread 3 ] DEBUG Engine               - is3D: false
20:17:10.561 [FXGL Background Thread 3 ] DEBUG Engine               - isAndroid: false
20:17:10.561 [FXGL Background Thread 3 ] DEBUG Engine               - isBrowser: false
20:17:10.562 [FXGL Background Thread 3 ] DEBUG Engine               - isClickFeedbackEnabled: false
20:17:10.562 [FXGL Background Thread 3 ] DEBUG Engine               - isCloseConfirmation: false
20:17:10.562 [FXGL Background Thread 3 ] DEBUG Engine               - isDesktop: true
20:17:10.562 [FXGL Background Thread 3 ] DEBUG Engine               - isDeveloperMenuEnabled: false
20:17:10.562 [FXGL Background Thread 3 ] DEBUG Engine               - isEmbedded: false
20:17:10.562 [FXGL Background Thread 3 ] DEBUG Engine               - isEntityPreloadEnabled: true
20:17:10.562 [FXGL Background Thread 3 ] DEBUG Engine               - isExperimentalTiledLargeMap: false
20:17:10.563 [FXGL Background Thread 3 ] DEBUG Engine               - isFileSystemWriteAllowed: true
20:17:10.563 [FXGL Background Thread 3 ] DEBUG Engine               - isFullScreenAllowed: false
20:17:10.563 [FXGL Background Thread 3 ] DEBUG Engine               - isFullScreenFromStart: false
20:17:10.563 [FXGL Background Thread 3 ] DEBUG Engine               - isGameMenuEnabled: true
20:17:10.563 [FXGL Background Thread 3 ] DEBUG Engine               - isIOS: false
20:17:10.564 [FXGL Background Thread 3 ] DEBUG Engine               - isIntroEnabled: false
20:17:10.564 [FXGL Background Thread 3 ] DEBUG Engine               - isLinux: false
20:17:10.564 [FXGL Background Thread 3 ] DEBUG Engine               - isMac: false
20:17:10.564 [FXGL Background Thread 3 ] DEBUG Engine               - isMainMenuEnabled: false
20:17:10.564 [FXGL Background Thread 3 ] DEBUG Engine               - isManualResizeEnabled: false
20:17:10.564 [FXGL Background Thread 3 ] DEBUG Engine               - isMobile: false
20:17:10.564 [FXGL Background Thread 3 ] DEBUG Engine               - isNative: false
20:17:10.564 [FXGL Background Thread 3 ] DEBUG Engine               - isPauseMusicWhenMinimized: true
20:17:10.564 [FXGL Background Thread 3 ] DEBUG Engine               - isPreserveResizeRatio: false
20:17:10.565 [FXGL Background Thread 3 ] DEBUG Engine               - isProfilingEnabled: false
20:17:10.565 [FXGL Background Thread 3 ] DEBUG Engine               - isScaleAffectedOnResize: true
20:17:10.565 [FXGL Background Thread 3 ] DEBUG Engine               - isSingleStep: false
20:17:10.565 [FXGL Background Thread 3 ] DEBUG Engine               - isUserProfileEnabled: false
20:17:10.565 [FXGL Background Thread 3 ] DEBUG Engine               - isWindows: true
20:17:10.565 [FXGL Background Thread 3 ] DEBUG Engine               - language: ObjectProperty [value: ENGLISH]
20:17:10.565 [FXGL Background Thread 3 ] DEBUG Engine               - menuKey: ESCAPE
20:17:10.566 [FXGL Background Thread 3 ] DEBUG Engine               - mouseSensitivity: 0.2
20:17:10.566 [FXGL Background Thread 3 ] DEBUG Engine               - notificationViewClass: class com.almasb.fxgl.notification.view.XboxNotificationView
20:17:10.566 [FXGL Background Thread 3 ] DEBUG Engine               - pixelsPerMeter: 50.0
20:17:10.566 [FXGL Background Thread 3 ] DEBUG Engine               - platform: WINDOWS
20:17:10.566 [FXGL Background Thread 3 ] DEBUG Engine               - prefHeightProperty: ReadOnlyDoubleProperty [value: 800.0]
20:17:10.566 [FXGL Background Thread 3 ] DEBUG Engine               - prefWidthProperty: ReadOnlyDoubleProperty [value: 600.0]
20:17:10.566 [FXGL Background Thread 3 ] DEBUG Engine               - profileDir: profiles/
20:17:10.566 [FXGL Background Thread 3 ] DEBUG Engine               - profileName: StringProperty [value: DEFAULT]
20:17:10.566 [FXGL Background Thread 3 ] DEBUG Engine               - randomSeed: -1
20:17:10.567 [FXGL Background Thread 3 ] DEBUG Engine               - runtimeInfo: RuntimeInfo(platform=WINDOWS, version=17, build=31.12.2021 18.16)
20:17:10.567 [FXGL Background Thread 3 ] DEBUG Engine               - saveFileExt: sav
20:17:10.567 [FXGL Background Thread 3 ] DEBUG Engine               - scaledHeightProp$fxgl: DoubleProperty [bound, value: 800.0]
20:17:10.567 [FXGL Background Thread 3 ] DEBUG Engine               - scaledWidthProp$fxgl: DoubleProperty [bound, value: 600.0]
20:17:10.567 [FXGL Background Thread 3 ] DEBUG Engine               - sceneFactory: com.almasb.fxgl.app.scene.SceneFactory@3d81d9aa
20:17:10.568 [FXGL Background Thread 3 ] DEBUG Engine               - secondsIn24h: 60
20:17:10.568 [FXGL Background Thread 3 ] DEBUG Engine               - soundMenuBack: menu/back.wav
20:17:10.568 [FXGL Background Thread 3 ] DEBUG Engine               - soundMenuPress: menu/press.wav
20:17:10.568 [FXGL Background Thread 3 ] DEBUG Engine               - soundMenuSelect: menu/select.wav
20:17:10.568 [FXGL Background Thread 3 ] DEBUG Engine               - soundNotification: core/notification.wav
20:17:10.568 [FXGL Background Thread 3 ] DEBUG Engine               - stageStyle: DECORATED
20:17:10.568 [FXGL Background Thread 3 ] DEBUG Engine               - supportedLanguages: [ENGLISH, FRENCH, GERMAN, HUNGARIAN, RUSSIAN]
20:17:10.569 [FXGL Background Thread 3 ] DEBUG Engine               - ticksPerSecond: -1
20:17:10.569 [FXGL Background Thread 3 ] DEBUG Engine               - title: Dinosaur Exploder
20:17:10.569 [FXGL Background Thread 3 ] DEBUG Engine               - urlGithub: https://github.com/AlmasB/FXGL
20:17:10.569 [FXGL Background Thread 3 ] DEBUG Engine               - urlLeaderboard: http://fxgl-top.herokuapp.com/
20:17:10.569 [FXGL Background Thread 3 ] DEBUG Engine               - urlPOM: https://raw.githubusercontent.com/AlmasB/FXGL/release/README.md
20:17:10.569 [FXGL Background Thread 3 ] DEBUG Engine               - userAppClass: class com.dinosaur.dinosaurexploder.DinosaurApp
20:17:10.569 [FXGL Background Thread 3 ] DEBUG Engine               - version: 1.0
20:17:10.569 [FXGL Background Thread 3 ] DEBUG Engine               - versionCheckDays: 7
20:17:10.570 [FXGL Background Thread 3 ] DEBUG Engine               - width: 600
20:17:10.570 [FXGL Background Thread 3 ] DEBUG Engine               - Logging services
20:17:10.570 [FXGL Background Thread 3 ] DEBUG Engine               - class com.almasb.fxgl.app.services.FXGLAssetLoaderService
20:17:10.570 [FXGL Background Thread 3 ] DEBUG Engine               - class com.almasb.fxgl.app.FXGLApplication$GameApplicationService
20:17:10.570 [FXGL Background Thread 3 ] DEBUG Engine               - class com.almasb.fxgl.app.services.FXGLDialogService
20:17:10.570 [FXGL Background Thread 3 ] DEBUG Engine               - class com.almasb.fxgl.app.services.IOTaskExecutorService
20:17:10.570 [FXGL Background Thread 3 ] DEBUG Engine               - class com.almasb.fxgl.io.FileSystemService
20:17:10.570 [FXGL Background Thread 3 ] DEBUG Engine               - class com.almasb.fxgl.localization.LocalizationService
20:17:10.571 [FXGL Background Thread 3 ] DEBUG Engine               - class com.almasb.fxgl.app.services.SystemBundleService
20:17:10.571 [FXGL Background Thread 3 ] DEBUG Engine               - class com.almasb.fxgl.profile.SaveLoadService
20:17:10.571 [FXGL Background Thread 3 ] DEBUG Engine               - class com.almasb.fxgl.ui.FXGLUIFactoryServiceProvider
20:17:10.571 [FXGL Background Thread 3 ] DEBUG Engine               - class com.almasb.fxgl.ui.FXGLDialogFactoryServiceProvider
20:17:10.571 [FXGL Background Thread 3 ] DEBUG Engine               - class com.almasb.fxgl.audio.AudioPlayer
20:17:10.571 [FXGL Background Thread 3 ] DEBUG Engine               - class com.almasb.fxgl.notification.impl.NotificationServiceProvider
20:17:10.571 [FXGL Background Thread 3 ] DEBUG Engine               - class com.almasb.fxgl.achievement.AchievementService
20:17:10.571 [FXGL Background Thread 3 ] DEBUG Engine               - class com.almasb.fxgl.cutscene.CutsceneService
20:17:10.572 [FXGL Background Thread 3 ] DEBUG Engine               - class com.almasb.fxgl.minigames.MiniGameService
20:17:10.572 [FXGL Background Thread 3 ] DEBUG Engine               - class com.almasb.fxgl.net.NetService
20:17:10.572 [FXGL Background Thread 3 ] DEBUG Engine               - class com.almasb.fxgl.app.services.UpdaterService
20:17:10.572 [FXGL Background Thread 3 ] DEBUG Engine               - class com.almasb.fxgl.dev.DevService
20:17:14.361 [JavaFX Application Thread] DEBUG FXGLApplication      - Exiting FXGL
20:17:14.361 [JavaFX Application Thread] DEBUG Async                - Shutting down background threads
20:17:14.361 [JavaFX Application Thread] DEBUG PrimaryStageWindow   - Closing main window
20:17:14.375 [JavaFX Application Thread] DEBUG Logger               - Closing Logger
