20:10:08.826 [main                     ] DEBUG Logger               - Configured Logger
20:10:08.883 [main                     ] DEBUG GameApplication      - Logging settings
Title: Dinosaur Exploder
Version: 1.0
Width: 600
Height: 800
Fullscreen: false
Intro: false
Profiling: false
Single step:false
App Mode: DEVELOPER
Menu Key: ESCAPE
Stage Style: DECORATED
Scene Factory: class com.almasb.fxgl.app.scene.SceneFactory

20:10:09.371 [JavaFX Application Thread] DEBUG FXGLApplication      - Initializing FXGL
20:10:09.379 [JavaFX Application Thread] INFO  Engine               - FXGL-17 (31.12.2021 18.16) on WINDOWS (J:17.0.2 FX:17.0.1)
20:10:09.379 [JavaFX Application Thread] DEBUG Engine               - JRE Vendor Name: Oracle Corporation
20:10:09.380 [JavaFX Application Thread] DEBUG Engine               - Running on OS: Windows 10 version 10.0
20:10:09.380 [JavaFX Application Thread] DEBUG Engine               - Architecture: amd64
20:10:09.380 [JavaFX Application Thread] INFO  Engine               - Source code and latest versions at: https://github.com/AlmasB/FXGL
20:10:09.380 [JavaFX Application Thread] INFO  Engine               -       Ask questions and discuss at: https://github.com/AlmasB/FXGL/discussions
20:10:09.381 [JavaFX Application Thread] INFO  Engine               -              Join the FXGL chat at: https://gitter.im/AlmasB/FXGL
20:10:09.502 [JavaFX Application Thread] DEBUG PrimaryStageWindow   - Creating a JavaFX scene
20:10:09.563 [JavaFX Application Thread] DEBUG PrimaryStageWindow   - Target settings size: 600.0 x 800.0
20:10:09.563 [JavaFX Application Thread] DEBUG PrimaryStageWindow   - Scaled scene size:    600.0 x 800.0
20:10:09.564 [JavaFX Application Thread] DEBUG PrimaryStageWindow   - Scaled ratio: (1.0, 1.0)
20:10:09.565 [JavaFX Application Thread] DEBUG PrimaryStageWindow   - Set initial scene to FXGLStartupScene
20:10:09.574 [JavaFX Application Thread] DEBUG PrimaryStageWindow   - Opening main window
20:10:09.688 [JavaFX Application Thread] DEBUG PrimaryStageWindow   - Window border size: (14.66668701171875, 37.33331298828125)
20:10:09.689 [JavaFX Application Thread] DEBUG PrimaryStageWindow   - Scaled size: 600.0 x 800.0
20:10:09.689 [JavaFX Application Thread] DEBUG PrimaryStageWindow   - Scaled ratio: (1.0, 1.0)
20:10:09.689 [JavaFX Application Thread] DEBUG PrimaryStageWindow   - Scene size: 600.0 x 800.0
20:10:09.690 [JavaFX Application Thread] DEBUG PrimaryStageWindow   - Stage size: 614.6666870117188 x 837.3333129882812
20:10:09.701 [FXGL Background Thread 1 ] DEBUG Engine               - Initializing environment variables
20:10:09.756 [FXGL Background Thread 1 ] DEBUG FXGLAssetLoaderServi - User app class for loading assets: class com.dinosaur.dinosaurexploder.DinosaurApp
20:10:09.756 [FXGL Background Thread 1 ] DEBUG GameApplicationServi - Applying CSS: fxgl_dark.css
20:10:09.757 [FXGL Background Thread 1 ] DEBUG FXGLAssetLoaderServi - Loading from file system: jar:file:///C:/Users/Pepito/.m2/repository/com/github/almasb/fxgl/17/fxgl-17.jar!/fxglassets/ui/css/fxgl_dark.css
20:10:09.831 [FXGL Background Thread 1 ] DEBUG GameApplicationServi - Initializing application scenes
20:10:09.938 [FXGL Background Thread 1 ] DEBUG GameWorld            - Game world initialized
20:10:10.047 [FXGL Background Thread 1 ] DEBUG PhysicsWorld         - Physics world initialized: appHeight=800, physics.ppm=50.0
20:10:10.048 [FXGL Background Thread 1 ] DEBUG PhysicsWorld         - Using strategy: BRUTE_FORCE
20:10:10.055 [FXGL Background Thread 1 ] DEBUG GameScene            - Game scene initialized: 600x800
20:10:10.070 [FXGL Background Thread 1 ] WARN  FXGL.DefaultMenu     - FXGLDefaultMenu is not designed for resolutions < 800x600
20:10:10.070 [FXGL Background Thread 1 ] DEBUG FXGL.DefaultMenu     - createMenuBodyGameMenu()
20:10:10.089 [FXGL Background Thread 1 ] DEBUG FXGL.DefaultMenu     - createOptionsMenu()
20:10:10.102 [FXGL Background Thread 1 ] DEBUG FXGLAssetLoaderServi - Loading from file system: jar:file:///C:/Users/Pepito/.m2/repository/com/github/almasb/fxgl/17/fxgl-17.jar!/fxglassets/textures/particles/smoke.png
20:10:10.227 [FXGL Background Thread 1 ] DEBUG FXGLAssetLoaderServi - Loading from file system: jar:file:///C:/Users/Pepito/.m2/repository/com/github/almasb/fxgl/17/fxgl-17.jar!/fxglassets/textures/particles/trace_horizontal.png
20:10:10.273 [FXGL Background Thread 1 ] DEBUG GameApplicationServi - Application scenes initialized
20:10:10.291 [FXGL Background Thread 1 ] DEBUG SystemBundleService  - Loading FXGL system data
20:10:10.297 [FXGL Background Thread 1 ] DEBUG FileSystemAccess     - Reading from: C:\Users\Pepito\Documents\OpSoPr\project\dinosaur-exploder\system\fxgl.bundle
20:10:10.305 [FXGL Background Thread 1 ] DEBUG SystemBundleService  - Bundle FXGL: {}
20:10:10.306 [FXGL Background Thread 1 ] DEBUG UpdaterService       - Checking for updates
20:10:10.311 [FXGL Background Thread 4 ] DEBUG FXGLApplication      - Loading fonts
20:10:10.312 [FXGL Background Thread 1 ] DEBUG FXGLApplication      - Loading default localization
20:10:10.312 [FXGL Background Thread 4 ] DEBUG FXGLAssetLoaderServi - Loading from file system: jar:file:///C:/Users/Pepito/.m2/repository/com/github/almasb/fxgl/17/fxgl-17.jar!/fxglassets/ui/fonts/VarelaRound-Regular.ttf
20:10:10.313 [FXGL Background Thread 1 ] DEBUG FXGLAssetLoaderServi - Loading from file system: jar:file:///C:/Users/Pepito/.m2/repository/com/github/almasb/fxgl/17/fxgl-17.jar!/fxglassets/languages/english.lang
20:10:10.346 [FXGL Background Thread 1 ] INFO  FXGLApplication      - FXGL initialization took: 0.645 sec
20:10:10.367 [JavaFX Application Thread] DEBUG Input                - Registered new binding: action0 - Up
20:10:10.367 [JavaFX Application Thread] DEBUG Input                - Registered new binding: action1 - Down
20:10:10.368 [JavaFX Application Thread] DEBUG Input                - Registered new binding: action2 - Left
20:10:10.368 [JavaFX Application Thread] DEBUG Input                - Registered new binding: action3 - Right
20:10:10.369 [JavaFX Application Thread] DEBUG Input                - Registered new binding: action4 - Space
20:10:10.371 [JavaFX Application Thread] DEBUG FXGLAssetLoaderServi - Loading from file system: jar:file:///C:/Users/Pepito/.m2/repository/com/github/almasb/fxgl/17/fxgl-17.jar!/fxglassets/textures/fxgl_icon.png
20:10:10.408 [JavaFX Application Thread] DEBUG FXGLAssetLoaderServi - Loading from file system: jar:file:///C:/Users/Pepito/.m2/repository/com/github/almasb/fxgl/17/fxgl-17.jar!/fxglassets/textures/fxgl_default_cursor.png
20:10:10.413 [JavaFX Application Thread] DEBUG Input                - Registered new binding: Screenshot - CTRL+8
20:10:10.414 [JavaFX Application Thread] DEBUG Input                - Registered new binding: System info dump - CTRL+9
20:10:10.415 [JavaFX Application Thread] DEBUG Input                - Registered new binding: Restart - CTRL+R
20:10:10.416 [JavaFX Application Thread] DEBUG Input                - Registered new binding: Toggle Debug Camera - CTRL+7
20:10:10.420 [JavaFX Application Thread] DEBUG LoopRunner           - Starting loop
20:10:10.420 [JavaFX Application Thread] DEBUG LoopRunner           - Initializing JavaFX AnimationTimerLoop
20:10:10.422 [JavaFX Application Thread] DEBUG GameApplicationServi - Starting new game
20:10:10.424 [JavaFX Application Thread] DEBUG Input                - Clearing active input actions
20:10:10.430 [FXGL Background Thread 4 ] DEBUG FXGLAssetLoaderServi - Loading from file system: jar:file:///C:/Users/Pepito/.m2/repository/com/github/almasb/fxgl/17/fxgl-17.jar!/fxglassets/ui/fonts/Abel-Regular.ttf
20:10:10.439 [FXGL Background Thread 4 ] DEBUG FXGLAssetLoaderServi - Loading from file system: jar:file:///C:/Users/Pepito/.m2/repository/com/github/almasb/fxgl/17/fxgl-17.jar!/fxglassets/ui/fonts/TerminalLandMono-Regular.otf
20:10:10.449 [FXGL Background Thread 4 ] DEBUG FXGLAssetLoaderServi - Loading from file system: jar:file:///C:/Users/Pepito/.m2/repository/com/github/almasb/fxgl/17/fxgl-17.jar!/fxglassets/ui/fonts/Courier-Prime.ttf
20:10:10.459 [JavaFX Application Thread] DEBUG GameApplicationServi - Removing overlay from FXGLStartupScene and adding to FXGLLoadingScene
20:10:10.460 [JavaFX Application Thread] DEBUG PrimaryStageWindow   - FXGLStartupScene -> FXGLLoadingScene
20:10:10.461 [JavaFX Application Thread] DEBUG GameApplicationServi - Clearing previous game
20:10:10.461 [JavaFX Application Thread] DEBUG GameScene            - Clearing game scene
20:10:10.462 [JavaFX Application Thread] DEBUG GameWorld            - Clearing game world
20:10:10.462 [JavaFX Application Thread] DEBUG PhysicsWorld         - Clearing physics world
20:10:10.464 [FXGL Background Thread 4 ] DEBUG FXGLApplication      - Initializing game
20:10:10.484 [FXGL Background Thread 4 ] DEBUG FXGLAssetLoaderServi - Loading from file system: file:/C:/Users/Pepito/Documents/OpSoPr/project/dinosaur-exploder/target/classes/assets/textures/background.png
20:10:10.529 [JavaFX Application Thread] DEBUG FXGLApplication      - Registering font factories with UI factory
20:10:10.824 [FXGL Background Thread 4 ] DEBUG FXGLAssetLoaderServi - Loading from file system: file:/C:/Users/Pepito/Documents/OpSoPr/project/dinosaur-exploder/target/classes/assets/textures/spaceship.png
20:10:10.842 [FXGL Background Thread 4 ] DEBUG FXGLAssetLoaderServi - Loading from file system: file:/C:/Users/Pepito/Documents/OpSoPr/project/dinosaur-exploder/target/classes/assets/textures/greenDino.png
20:10:10.853 [FXGL Background Thread 4 ] INFO  FXGLApplication      - Game initialization took: 0.388 sec
20:10:10.858 [JavaFX Application Thread] DEBUG Input                - Clearing active input actions
20:10:10.869 [JavaFX Application Thread] DEBUG GameApplicationServi - Removing overlay from FXGLLoadingScene and adding to GameScene
20:10:10.870 [JavaFX Application Thread] DEBUG PrimaryStageWindow   - FXGLLoadingScene -> GameScene
20:10:13.069 [JavaFX Application Thread] DEBUG FXGLApplication      - Exiting FXGL
20:10:13.069 [JavaFX Application Thread] DEBUG LoopRunner           - Stopping loop
20:10:13.069 [JavaFX Application Thread] DEBUG SystemBundleService  - Saving FXGL system data
20:10:13.071 [JavaFX Application Thread] DEBUG FileSystemAccess     - Writing to: C:\Users\Pepito\Documents\OpSoPr\project\dinosaur-exploder\system\fxgl.bundle
20:10:13.074 [JavaFX Application Thread] DEBUG Async                - Shutting down background threads
20:10:13.074 [JavaFX Application Thread] DEBUG PrimaryStageWindow   - Closing main window
20:10:13.089 [JavaFX Application Thread] DEBUG Logger               - Closing Logger
