19:40:45.866 [main                     ] DEBUG Logger               - Configured Logger
19:40:45.924 [main                     ] DEBUG GameApplication      - Logging settings
Title: Dinosaur Exploder
Version: 1.0
Width: 600
Height: 800
Fullscreen: false
Intro: false
Profiling: false
Single step:false
App Mode: DEVELOPER
Menu Key: ESCAPE
Stage Style: DECORATED
Scene Factory: class com.almasb.fxgl.app.scene.SceneFactory

19:40:46.434 [JavaFX Application Thread] DEBUG FXGLApplication      - Initializing FXGL
19:40:46.442 [JavaFX Application Thread] INFO  Engine               - FXGL-17 (31.12.2021 18.16) on WINDOWS (J:17.0.2 FX:17.0.1)
19:40:46.443 [JavaFX Application Thread] DEBUG Engine               - JRE Vendor Name: Oracle Corporation
19:40:46.443 [JavaFX Application Thread] DEBUG Engine               - Running on OS: Windows 10 version 10.0
19:40:46.444 [JavaFX Application Thread] DEBUG Engine               - Architecture: amd64
19:40:46.444 [JavaFX Application Thread] INFO  Engine               - Source code and latest versions at: https://github.com/AlmasB/FXGL
19:40:46.444 [JavaFX Application Thread] INFO  Engine               -       Ask questions and discuss at: https://github.com/AlmasB/FXGL/discussions
19:40:46.445 [JavaFX Application Thread] INFO  Engine               -              Join the FXGL chat at: https://gitter.im/AlmasB/FXGL
19:40:46.578 [JavaFX Application Thread] DEBUG PrimaryStageWindow   - Creating a JavaFX scene
19:40:46.641 [JavaFX Application Thread] DEBUG PrimaryStageWindow   - Target settings size: 600.0 x 800.0
19:40:46.641 [JavaFX Application Thread] DEBUG PrimaryStageWindow   - Scaled scene size:    600.0 x 800.0
19:40:46.642 [JavaFX Application Thread] DEBUG PrimaryStageWindow   - Scaled ratio: (1.0, 1.0)
19:40:46.643 [JavaFX Application Thread] DEBUG PrimaryStageWindow   - Set initial scene to FXGLStartupScene
19:40:46.652 [JavaFX Application Thread] DEBUG PrimaryStageWindow   - Opening main window
19:40:46.767 [JavaFX Application Thread] DEBUG PrimaryStageWindow   - Window border size: (14.66668701171875, 37.33331298828125)
19:40:46.767 [JavaFX Application Thread] DEBUG PrimaryStageWindow   - Scaled size: 600.0 x 800.0
19:40:46.768 [JavaFX Application Thread] DEBUG PrimaryStageWindow   - Scaled ratio: (1.0, 1.0)
19:40:46.768 [JavaFX Application Thread] DEBUG PrimaryStageWindow   - Scene size: 600.0 x 800.0
19:40:46.769 [JavaFX Application Thread] DEBUG PrimaryStageWindow   - Stage size: 614.6666870117188 x 837.3333129882812
19:40:46.780 [FXGL Background Thread 1 ] DEBUG Engine               - Initializing environment variables
19:40:46.840 [FXGL Background Thread 1 ] DEBUG FXGLAssetLoaderServi - User app class for loading assets: class com.dinosaur.dinosaurexploder.DinosaurApp
19:40:46.841 [FXGL Background Thread 1 ] DEBUG GameApplicationServi - Applying CSS: fxgl_dark.css
19:40:46.843 [FXGL Background Thread 1 ] DEBUG FXGLAssetLoaderServi - Loading from file system: jar:file:///C:/Users/Pepito/.m2/repository/com/github/almasb/fxgl/17/fxgl-17.jar!/fxglassets/ui/css/fxgl_dark.css
19:40:46.922 [FXGL Background Thread 1 ] DEBUG GameApplicationServi - Initializing application scenes
19:40:47.004 [FXGL Background Thread 1 ] DEBUG GameWorld            - Game world initialized
19:40:47.093 [FXGL Background Thread 1 ] DEBUG PhysicsWorld         - Physics world initialized: appHeight=800, physics.ppm=50.0
19:40:47.093 [FXGL Background Thread 1 ] DEBUG PhysicsWorld         - Using strategy: BRUTE_FORCE
19:40:47.100 [FXGL Background Thread 1 ] DEBUG GameScene            - Game scene initialized: 600x800
19:40:47.115 [FXGL Background Thread 1 ] WARN  FXGL.DefaultMenu     - FXGLDefaultMenu is not designed for resolutions < 800x600
19:40:47.116 [FXGL Background Thread 1 ] DEBUG FXGL.DefaultMenu     - createMenuBodyGameMenu()
19:40:47.136 [FXGL Background Thread 1 ] DEBUG FXGL.DefaultMenu     - createOptionsMenu()
19:40:47.151 [FXGL Background Thread 1 ] DEBUG FXGLAssetLoaderServi - Loading from file system: jar:file:///C:/Users/Pepito/.m2/repository/com/github/almasb/fxgl/17/fxgl-17.jar!/fxglassets/textures/particles/smoke.png
19:40:47.284 [FXGL Background Thread 1 ] DEBUG FXGLAssetLoaderServi - Loading from file system: jar:file:///C:/Users/Pepito/.m2/repository/com/github/almasb/fxgl/17/fxgl-17.jar!/fxglassets/textures/particles/trace_horizontal.png
19:40:47.332 [FXGL Background Thread 1 ] DEBUG GameApplicationServi - Application scenes initialized
19:40:47.349 [FXGL Background Thread 1 ] DEBUG SystemBundleService  - Loading FXGL system data
19:40:47.355 [FXGL Background Thread 1 ] DEBUG FileSystemAccess     - Reading from: C:\Users\Pepito\Documents\OpSoPr\project\dinosaur-exploder\system\fxgl.bundle
19:40:47.363 [FXGL Background Thread 1 ] DEBUG SystemBundleService  - Bundle FXGL: {}
19:40:47.363 [FXGL Background Thread 1 ] DEBUG UpdaterService       - Checking for updates
19:40:47.368 [FXGL Background Thread 4 ] DEBUG FXGLApplication      - Loading fonts
19:40:47.369 [FXGL Background Thread 1 ] DEBUG FXGLApplication      - Loading default localization
19:40:47.369 [FXGL Background Thread 4 ] DEBUG FXGLAssetLoaderServi - Loading from file system: jar:file:///C:/Users/Pepito/.m2/repository/com/github/almasb/fxgl/17/fxgl-17.jar!/fxglassets/ui/fonts/VarelaRound-Regular.ttf
19:40:47.370 [FXGL Background Thread 1 ] DEBUG FXGLAssetLoaderServi - Loading from file system: jar:file:///C:/Users/Pepito/.m2/repository/com/github/almasb/fxgl/17/fxgl-17.jar!/fxglassets/languages/english.lang
19:40:47.409 [FXGL Background Thread 1 ] INFO  FXGLApplication      - FXGL initialization took: 0.628 sec
19:40:47.427 [JavaFX Application Thread] DEBUG Input                - Registered new binding: action0 - Up
19:40:47.428 [JavaFX Application Thread] DEBUG Input                - Registered new binding: action1 - Down
19:40:47.429 [JavaFX Application Thread] DEBUG Input                - Registered new binding: action2 - Left
19:40:47.430 [JavaFX Application Thread] DEBUG Input                - Registered new binding: action3 - Right
19:40:47.431 [JavaFX Application Thread] DEBUG Input                - Registered new binding: action4 - Space
19:40:47.431 [JavaFX Application Thread] DEBUG FXGLAssetLoaderServi - Loading from file system: jar:file:///C:/Users/Pepito/.m2/repository/com/github/almasb/fxgl/17/fxgl-17.jar!/fxglassets/textures/fxgl_icon.png
19:40:47.466 [JavaFX Application Thread] DEBUG FXGLAssetLoaderServi - Loading from file system: jar:file:///C:/Users/Pepito/.m2/repository/com/github/almasb/fxgl/17/fxgl-17.jar!/fxglassets/textures/fxgl_default_cursor.png
19:40:47.471 [JavaFX Application Thread] DEBUG Input                - Registered new binding: Screenshot - CTRL+8
19:40:47.472 [JavaFX Application Thread] DEBUG Input                - Registered new binding: System info dump - CTRL+9
19:40:47.472 [JavaFX Application Thread] DEBUG Input                - Registered new binding: Restart - CTRL+R
19:40:47.475 [JavaFX Application Thread] DEBUG Input                - Registered new binding: Toggle Debug Camera - CTRL+7
19:40:47.476 [FXGL Background Thread 4 ] DEBUG FXGLAssetLoaderServi - Loading from file system: jar:file:///C:/Users/Pepito/.m2/repository/com/github/almasb/fxgl/17/fxgl-17.jar!/fxglassets/ui/fonts/Abel-Regular.ttf
19:40:47.482 [JavaFX Application Thread] DEBUG LoopRunner           - Starting loop
19:40:47.483 [JavaFX Application Thread] DEBUG LoopRunner           - Initializing JavaFX AnimationTimerLoop
19:40:47.483 [FXGL Background Thread 4 ] DEBUG FXGLAssetLoaderServi - Loading from file system: jar:file:///C:/Users/Pepito/.m2/repository/com/github/almasb/fxgl/17/fxgl-17.jar!/fxglassets/ui/fonts/TerminalLandMono-Regular.otf
19:40:47.486 [JavaFX Application Thread] DEBUG GameApplicationServi - Starting new game
19:40:47.488 [JavaFX Application Thread] DEBUG Input                - Clearing active input actions
19:40:47.490 [FXGL Background Thread 4 ] DEBUG FXGLAssetLoaderServi - Loading from file system: jar:file:///C:/Users/Pepito/.m2/repository/com/github/almasb/fxgl/17/fxgl-17.jar!/fxglassets/ui/fonts/Courier-Prime.ttf
19:40:47.508 [JavaFX Application Thread] DEBUG GameApplicationServi - Removing overlay from FXGLStartupScene and adding to FXGLLoadingScene
19:40:47.509 [JavaFX Application Thread] DEBUG PrimaryStageWindow   - FXGLStartupScene -> FXGLLoadingScene
19:40:47.509 [JavaFX Application Thread] DEBUG GameApplicationServi - Clearing previous game
19:40:47.510 [JavaFX Application Thread] DEBUG GameScene            - Clearing game scene
19:40:47.510 [JavaFX Application Thread] DEBUG GameWorld            - Clearing game world
19:40:47.510 [JavaFX Application Thread] DEBUG PhysicsWorld         - Clearing physics world
19:40:47.513 [FXGL Background Thread 4 ] DEBUG FXGLApplication      - Initializing game
19:40:47.527 [FXGL Background Thread 4 ] DEBUG FXGLAssetLoaderServi - Loading from file system: file:/C:/Users/Pepito/Documents/OpSoPr/project/dinosaur-exploder/target/classes/assets/textures/background.png
19:40:47.575 [JavaFX Application Thread] DEBUG FXGLApplication      - Registering font factories with UI factory
19:40:47.857 [FXGL Background Thread 4 ] DEBUG FXGLAssetLoaderServi - Loading from file system: file:/C:/Users/Pepito/Documents/OpSoPr/project/dinosaur-exploder/target/classes/assets/textures/spaceship.png
19:40:47.874 [FXGL Background Thread 4 ] INFO  FXGLApplication      - Game initialization took: 0.360 sec
19:40:47.876 [JavaFX Application Thread] DEBUG Input                - Clearing active input actions
19:40:47.890 [JavaFX Application Thread] DEBUG GameApplicationServi - Removing overlay from FXGLLoadingScene and adding to GameScene
19:40:47.890 [JavaFX Application Thread] DEBUG PrimaryStageWindow   - FXGLLoadingScene -> GameScene
19:40:48.650 [JavaFX Application Thread] DEBUG FXGLAssetLoaderServi - Loading from file system: file:/C:/Users/Pepito/Documents/OpSoPr/project/dinosaur-exploder/target/classes/assets/textures/basicProjectile.png
19:40:49.502 [JavaFX Application Thread] DEBUG FXGLApplication      - Exiting FXGL
19:40:49.503 [JavaFX Application Thread] DEBUG LoopRunner           - Stopping loop
19:40:49.503 [JavaFX Application Thread] DEBUG SystemBundleService  - Saving FXGL system data
19:40:49.505 [JavaFX Application Thread] DEBUG FileSystemAccess     - Writing to: C:\Users\Pepito\Documents\OpSoPr\project\dinosaur-exploder\system\fxgl.bundle
19:40:49.508 [JavaFX Application Thread] DEBUG Async                - Shutting down background threads
19:40:49.508 [JavaFX Application Thread] DEBUG PrimaryStageWindow   - Closing main window
19:40:49.520 [JavaFX Application Thread] DEBUG Logger               - Closing Logger
