19:41:48.727 [main                     ] DEBUG Logger               - Configured Logger
19:41:48.774 [main                     ] DEBUG GameApplication      - Logging settings
Title: Dinosaur Exploder
Version: 1.0
Width: 600
Height: 800
Fullscreen: false
Intro: false
Profiling: false
Single step:false
App Mode: DEVELOPER
Menu Key: ESCAPE
Stage Style: DECORATED
Scene Factory: class com.almasb.fxgl.app.scene.SceneFactory

19:41:49.275 [JavaFX Application Thread] DEBUG FXGLApplication      - Initializing FXGL
19:41:49.283 [JavaFX Application Thread] INFO  Engine               - FXGL-17 (31.12.2021 18.16) on WINDOWS (J:17.0.2 FX:17.0.1)
19:41:49.283 [JavaFX Application Thread] DEBUG Engine               - JRE Vendor Name: Oracle Corporation
19:41:49.284 [JavaFX Application Thread] DEBUG Engine               - Running on OS: Windows 10 version 10.0
19:41:49.284 [JavaFX Application Thread] DEBUG Engine               - Architecture: amd64
19:41:49.285 [JavaFX Application Thread] INFO  Engine               - Source code and latest versions at: https://github.com/AlmasB/FXGL
19:41:49.285 [JavaFX Application Thread] INFO  Engine               -       Ask questions and discuss at: https://github.com/AlmasB/FXGL/discussions
19:41:49.285 [JavaFX Application Thread] INFO  Engine               -              Join the FXGL chat at: https://gitter.im/AlmasB/FXGL
19:41:49.417 [JavaFX Application Thread] DEBUG PrimaryStageWindow   - Creating a JavaFX scene
19:41:49.486 [JavaFX Application Thread] DEBUG PrimaryStageWindow   - Target settings size: 600.0 x 800.0
19:41:49.487 [JavaFX Application Thread] DEBUG PrimaryStageWindow   - Scaled scene size:    600.0 x 800.0
19:41:49.487 [JavaFX Application Thread] DEBUG PrimaryStageWindow   - Scaled ratio: (1.0, 1.0)
19:41:49.489 [JavaFX Application Thread] DEBUG PrimaryStageWindow   - Set initial scene to FXGLStartupScene
19:41:49.499 [JavaFX Application Thread] DEBUG PrimaryStageWindow   - Opening main window
19:41:49.616 [JavaFX Application Thread] DEBUG PrimaryStageWindow   - Window border size: (14.66668701171875, 37.33331298828125)
19:41:49.617 [JavaFX Application Thread] DEBUG PrimaryStageWindow   - Scaled size: 600.0 x 800.0
19:41:49.617 [JavaFX Application Thread] DEBUG PrimaryStageWindow   - Scaled ratio: (1.0, 1.0)
19:41:49.618 [JavaFX Application Thread] DEBUG PrimaryStageWindow   - Scene size: 600.0 x 800.0
19:41:49.618 [JavaFX Application Thread] DEBUG PrimaryStageWindow   - Stage size: 614.6666870117188 x 837.3333129882812
19:41:49.627 [FXGL Background Thread 1 ] DEBUG Engine               - Initializing environment variables
19:41:49.680 [FXGL Background Thread 1 ] DEBUG FXGLAssetLoaderServi - User app class for loading assets: class com.dinosaur.dinosaurexploder.DinosaurApp
19:41:49.680 [FXGL Background Thread 1 ] DEBUG GameApplicationServi - Applying CSS: fxgl_dark.css
19:41:49.682 [FXGL Background Thread 1 ] DEBUG FXGLAssetLoaderServi - Loading from file system: jar:file:///C:/Users/Pepito/.m2/repository/com/github/almasb/fxgl/17/fxgl-17.jar!/fxglassets/ui/css/fxgl_dark.css
19:41:49.749 [FXGL Background Thread 1 ] DEBUG GameApplicationServi - Initializing application scenes
19:41:49.829 [FXGL Background Thread 1 ] DEBUG GameWorld            - Game world initialized
19:41:49.913 [FXGL Background Thread 1 ] DEBUG PhysicsWorld         - Physics world initialized: appHeight=800, physics.ppm=50.0
19:41:49.913 [FXGL Background Thread 1 ] DEBUG PhysicsWorld         - Using strategy: BRUTE_FORCE
19:41:49.919 [FXGL Background Thread 1 ] DEBUG GameScene            - Game scene initialized: 600x800
19:41:49.935 [FXGL Background Thread 1 ] WARN  FXGL.DefaultMenu     - FXGLDefaultMenu is not designed for resolutions < 800x600
19:41:49.935 [FXGL Background Thread 1 ] DEBUG FXGL.DefaultMenu     - createMenuBodyGameMenu()
19:41:49.957 [FXGL Background Thread 1 ] DEBUG FXGL.DefaultMenu     - createOptionsMenu()
19:41:49.972 [FXGL Background Thread 1 ] DEBUG FXGLAssetLoaderServi - Loading from file system: jar:file:///C:/Users/Pepito/.m2/repository/com/github/almasb/fxgl/17/fxgl-17.jar!/fxglassets/textures/particles/smoke.png
19:41:50.096 [FXGL Background Thread 1 ] DEBUG FXGLAssetLoaderServi - Loading from file system: jar:file:///C:/Users/Pepito/.m2/repository/com/github/almasb/fxgl/17/fxgl-17.jar!/fxglassets/textures/particles/trace_horizontal.png
19:41:50.141 [FXGL Background Thread 1 ] DEBUG GameApplicationServi - Application scenes initialized
19:41:50.158 [FXGL Background Thread 1 ] DEBUG SystemBundleService  - Loading FXGL system data
19:41:50.165 [FXGL Background Thread 1 ] DEBUG FileSystemAccess     - Reading from: C:\Users\Pepito\Documents\OpSoPr\project\dinosaur-exploder\system\fxgl.bundle
19:41:50.174 [FXGL Background Thread 1 ] DEBUG SystemBundleService  - Bundle FXGL: {}
19:41:50.174 [FXGL Background Thread 1 ] DEBUG UpdaterService       - Checking for updates
19:41:50.179 [FXGL Background Thread 4 ] DEBUG FXGLApplication      - Loading fonts
19:41:50.180 [FXGL Background Thread 1 ] DEBUG FXGLApplication      - Loading default localization
19:41:50.180 [FXGL Background Thread 4 ] DEBUG FXGLAssetLoaderServi - Loading from file system: jar:file:///C:/Users/Pepito/.m2/repository/com/github/almasb/fxgl/17/fxgl-17.jar!/fxglassets/ui/fonts/VarelaRound-Regular.ttf
19:41:50.181 [FXGL Background Thread 1 ] DEBUG FXGLAssetLoaderServi - Loading from file system: jar:file:///C:/Users/Pepito/.m2/repository/com/github/almasb/fxgl/17/fxgl-17.jar!/fxglassets/languages/english.lang
19:41:50.206 [FXGL Background Thread 1 ] INFO  FXGLApplication      - FXGL initialization took: 0.579 sec
19:41:50.232 [JavaFX Application Thread] DEBUG Input                - Registered new binding: action0 - Up
19:41:50.233 [JavaFX Application Thread] DEBUG Input                - Registered new binding: action1 - Down
19:41:50.233 [JavaFX Application Thread] DEBUG Input                - Registered new binding: action2 - Left
19:41:50.234 [JavaFX Application Thread] DEBUG Input                - Registered new binding: action3 - Right
19:41:50.236 [JavaFX Application Thread] DEBUG Input                - Registered new binding: action4 - Space
19:41:50.237 [JavaFX Application Thread] DEBUG FXGLAssetLoaderServi - Loading from file system: jar:file:///C:/Users/Pepito/.m2/repository/com/github/almasb/fxgl/17/fxgl-17.jar!/fxglassets/textures/fxgl_icon.png
19:41:50.281 [JavaFX Application Thread] DEBUG FXGLAssetLoaderServi - Loading from file system: jar:file:///C:/Users/Pepito/.m2/repository/com/github/almasb/fxgl/17/fxgl-17.jar!/fxglassets/textures/fxgl_default_cursor.png
19:41:50.285 [JavaFX Application Thread] DEBUG Input                - Registered new binding: Screenshot - CTRL+8
19:41:50.286 [JavaFX Application Thread] DEBUG Input                - Registered new binding: System info dump - CTRL+9
19:41:50.286 [JavaFX Application Thread] DEBUG Input                - Registered new binding: Restart - CTRL+R
19:41:50.287 [JavaFX Application Thread] DEBUG Input                - Registered new binding: Toggle Debug Camera - CTRL+7
19:41:50.290 [JavaFX Application Thread] DEBUG LoopRunner           - Starting loop
19:41:50.291 [JavaFX Application Thread] DEBUG LoopRunner           - Initializing JavaFX AnimationTimerLoop
19:41:50.292 [JavaFX Application Thread] DEBUG GameApplicationServi - Starting new game
19:41:50.293 [JavaFX Application Thread] DEBUG Input                - Clearing active input actions
19:41:50.295 [FXGL Background Thread 4 ] DEBUG FXGLAssetLoaderServi - Loading from file system: jar:file:///C:/Users/Pepito/.m2/repository/com/github/almasb/fxgl/17/fxgl-17.jar!/fxglassets/ui/fonts/Abel-Regular.ttf
19:41:50.303 [FXGL Background Thread 4 ] DEBUG FXGLAssetLoaderServi - Loading from file system: jar:file:///C:/Users/Pepito/.m2/repository/com/github/almasb/fxgl/17/fxgl-17.jar!/fxglassets/ui/fonts/TerminalLandMono-Regular.otf
19:41:50.311 [FXGL Background Thread 4 ] DEBUG FXGLAssetLoaderServi - Loading from file system: jar:file:///C:/Users/Pepito/.m2/repository/com/github/almasb/fxgl/17/fxgl-17.jar!/fxglassets/ui/fonts/Courier-Prime.ttf
19:41:50.317 [JavaFX Application Thread] DEBUG GameApplicationServi - Removing overlay from FXGLStartupScene and adding to FXGLLoadingScene
19:41:50.318 [JavaFX Application Thread] DEBUG PrimaryStageWindow   - FXGLStartupScene -> FXGLLoadingScene
19:41:50.318 [JavaFX Application Thread] DEBUG GameApplicationServi - Clearing previous game
19:41:50.318 [JavaFX Application Thread] DEBUG GameScene            - Clearing game scene
19:41:50.318 [JavaFX Application Thread] DEBUG GameWorld            - Clearing game world
19:41:50.319 [JavaFX Application Thread] DEBUG PhysicsWorld         - Clearing physics world
19:41:50.323 [FXGL Background Thread 1 ] DEBUG FXGLApplication      - Initializing game
19:41:50.343 [FXGL Background Thread 1 ] DEBUG FXGLAssetLoaderServi - Loading from file system: file:/C:/Users/Pepito/Documents/OpSoPr/project/dinosaur-exploder/target/classes/assets/textures/background.png
19:41:50.381 [JavaFX Application Thread] DEBUG FXGLApplication      - Registering font factories with UI factory
19:41:50.673 [FXGL Background Thread 1 ] DEBUG FXGLAssetLoaderServi - Loading from file system: file:/C:/Users/Pepito/Documents/OpSoPr/project/dinosaur-exploder/target/classes/assets/textures/spaceship.png
19:41:50.687 [FXGL Background Thread 1 ] INFO  FXGLApplication      - Game initialization took: 0.364 sec
19:41:50.700 [JavaFX Application Thread] DEBUG Input                - Clearing active input actions
19:41:50.711 [JavaFX Application Thread] DEBUG GameApplicationServi - Removing overlay from FXGLLoadingScene and adding to GameScene
19:41:50.712 [JavaFX Application Thread] DEBUG PrimaryStageWindow   - FXGLLoadingScene -> GameScene
19:41:51.523 [JavaFX Application Thread] DEBUG FXGLAssetLoaderServi - Loading from file system: file:/C:/Users/Pepito/Documents/OpSoPr/project/dinosaur-exploder/target/classes/assets/textures/basicProjectile.png
19:41:53.178 [FXGL Background Thread 3 ] DEBUG Engine               - Logging environment variables
19:41:53.179 [FXGL Background Thread 3 ] DEBUG Engine               - achievements: []
19:41:53.179 [FXGL Background Thread 3 ] DEBUG Engine               - actualHeight: 800.0
19:41:53.180 [FXGL Background Thread 3 ] DEBUG Engine               - actualHeightProperty: ReadOnlyDoubleProperty [value: 800.0]
19:41:53.180 [FXGL Background Thread 3 ] DEBUG Engine               - actualWidth: 600.0
19:41:53.180 [FXGL Background Thread 3 ] DEBUG Engine               - actualWidthProperty: ReadOnlyDoubleProperty [value: 600.0]
19:41:53.180 [FXGL Background Thread 3 ] DEBUG Engine               - appIcon: fxgl_icon.png
19:41:53.180 [FXGL Background Thread 3 ] DEBUG Engine               - applicationMode: DEVELOPER
19:41:53.183 [FXGL Background Thread 3 ] DEBUG Engine               - cSSList: [fxgl_dark.css]
19:41:53.185 [FXGL Background Thread 3 ] DEBUG Engine               - collisionDetectionStrategy: BRUTE_FORCE
19:41:53.185 [FXGL Background Thread 3 ] DEBUG Engine               - configClass: Optional.empty
19:41:53.185 [FXGL Background Thread 3 ] DEBUG Engine               - credits: []
19:41:53.186 [FXGL Background Thread 3 ] DEBUG Engine               - defaultCursor: CursorInfo(imageName=fxgl_default_cursor.png, hotspotX=7.0, hotspotY=6.0)
19:41:53.187 [FXGL Background Thread 3 ] DEBUG Engine               - devBBoxColorProperty: ObjectProperty [value: 0xff0000ff]
19:41:53.187 [FXGL Background Thread 3 ] DEBUG Engine               - devEnableDebugCameraProperty: BooleanProperty [value: false]
19:41:53.187 [FXGL Background Thread 3 ] DEBUG Engine               - devSensorColorProperty: ObjectProperty [value: 0xffff00ff]
19:41:53.188 [FXGL Background Thread 3 ] DEBUG Engine               - devShowBBoxProperty: BooleanProperty [value: false]
19:41:53.188 [FXGL Background Thread 3 ] DEBUG Engine               - devShowPositionProperty: BooleanProperty [value: false]
19:41:53.188 [FXGL Background Thread 3 ] DEBUG Engine               - enabledMenuItems: []
19:41:53.189 [FXGL Background Thread 3 ] DEBUG Engine               - engineServices: [class com.almasb.fxgl.app.services.FXGLAssetLoaderService, class com.almasb.fxgl.app.FXGLApplication$GameApplicationService, class com.almasb.fxgl.app.services.FXGLDialogService, class com.almasb.fxgl.app.services.IOTaskExecutorService, class com.almasb.fxgl.io.FileSystemService, class com.almasb.fxgl.localization.LocalizationService, class com.almasb.fxgl.app.services.SystemBundleService, class com.almasb.fxgl.profile.SaveLoadService, class com.almasb.fxgl.ui.FXGLUIFactoryServiceProvider, class com.almasb.fxgl.ui.FXGLDialogFactoryServiceProvider, class com.almasb.fxgl.audio.AudioPlayer, class com.almasb.fxgl.notification.impl.NotificationServiceProvider, class com.almasb.fxgl.achievement.AchievementService, class com.almasb.fxgl.cutscene.CutsceneService, class com.almasb.fxgl.minigames.MiniGameService, class com.almasb.fxgl.net.NetService, class com.almasb.fxgl.app.services.UpdaterService, class com.almasb.fxgl.dev.DevService]
19:41:53.189 [FXGL Background Thread 3 ] DEBUG Engine               - fontGame: Abel-Regular.ttf
19:41:53.189 [FXGL Background Thread 3 ] DEBUG Engine               - fontMono: TerminalLandMono-Regular.otf
19:41:53.189 [FXGL Background Thread 3 ] DEBUG Engine               - fontText: Courier-Prime.ttf
19:41:53.189 [FXGL Background Thread 3 ] DEBUG Engine               - fontUI: VarelaRound-Regular.ttf
19:41:53.190 [FXGL Background Thread 3 ] DEBUG Engine               - fullScreen: BooleanProperty [value: false]
19:41:53.190 [FXGL Background Thread 3 ] DEBUG Engine               - gameDifficulty: MEDIUM
19:41:53.190 [FXGL Background Thread 3 ] DEBUG Engine               - gameDifficultyProperty: ObjectProperty [value: MEDIUM]
19:41:53.191 [FXGL Background Thread 3 ] DEBUG Engine               - globalMusicVolume: 0.5
19:41:53.191 [FXGL Background Thread 3 ] DEBUG Engine               - globalMusicVolumeProperty: DoubleProperty [value: 0.5]
19:41:53.191 [FXGL Background Thread 3 ] DEBUG Engine               - globalSoundVolume: 0.5
19:41:53.191 [FXGL Background Thread 3 ] DEBUG Engine               - globalSoundVolumeProperty: DoubleProperty [value: 0.5]
19:41:53.191 [FXGL Background Thread 3 ] DEBUG Engine               - height: 800
19:41:53.192 [FXGL Background Thread 3 ] DEBUG Engine               - is3D: false
19:41:53.192 [FXGL Background Thread 3 ] DEBUG Engine               - isAndroid: false
19:41:53.192 [FXGL Background Thread 3 ] DEBUG Engine               - isBrowser: false
19:41:53.192 [FXGL Background Thread 3 ] DEBUG Engine               - isClickFeedbackEnabled: false
19:41:53.192 [FXGL Background Thread 3 ] DEBUG Engine               - isCloseConfirmation: false
19:41:53.192 [FXGL Background Thread 3 ] DEBUG Engine               - isDesktop: true
19:41:53.193 [FXGL Background Thread 3 ] DEBUG Engine               - isDeveloperMenuEnabled: false
19:41:53.193 [FXGL Background Thread 3 ] DEBUG Engine               - isEmbedded: false
19:41:53.193 [FXGL Background Thread 3 ] DEBUG Engine               - isEntityPreloadEnabled: true
19:41:53.193 [FXGL Background Thread 3 ] DEBUG Engine               - isExperimentalTiledLargeMap: false
19:41:53.193 [FXGL Background Thread 3 ] DEBUG Engine               - isFileSystemWriteAllowed: true
19:41:53.193 [FXGL Background Thread 3 ] DEBUG Engine               - isFullScreenAllowed: false
19:41:53.194 [FXGL Background Thread 3 ] DEBUG Engine               - isFullScreenFromStart: false
19:41:53.194 [FXGL Background Thread 3 ] DEBUG Engine               - isGameMenuEnabled: true
19:41:53.194 [FXGL Background Thread 3 ] DEBUG Engine               - isIOS: false
19:41:53.194 [FXGL Background Thread 3 ] DEBUG Engine               - isIntroEnabled: false
19:41:53.194 [FXGL Background Thread 3 ] DEBUG Engine               - isLinux: false
19:41:53.195 [FXGL Background Thread 3 ] DEBUG Engine               - isMac: false
19:41:53.195 [FXGL Background Thread 3 ] DEBUG Engine               - isMainMenuEnabled: false
19:41:53.195 [FXGL Background Thread 3 ] DEBUG Engine               - isManualResizeEnabled: false
19:41:53.195 [FXGL Background Thread 3 ] DEBUG Engine               - isMobile: false
19:41:53.196 [FXGL Background Thread 3 ] DEBUG Engine               - isNative: false
19:41:53.196 [FXGL Background Thread 3 ] DEBUG Engine               - isPauseMusicWhenMinimized: true
19:41:53.197 [FXGL Background Thread 3 ] DEBUG Engine               - isPreserveResizeRatio: false
19:41:53.197 [FXGL Background Thread 3 ] DEBUG Engine               - isProfilingEnabled: false
19:41:53.197 [FXGL Background Thread 3 ] DEBUG Engine               - isScaleAffectedOnResize: true
19:41:53.197 [FXGL Background Thread 3 ] DEBUG Engine               - isSingleStep: false
19:41:53.197 [FXGL Background Thread 3 ] DEBUG Engine               - isUserProfileEnabled: false
19:41:53.197 [FXGL Background Thread 3 ] DEBUG Engine               - isWindows: true
19:41:53.197 [FXGL Background Thread 3 ] DEBUG Engine               - language: ObjectProperty [value: ENGLISH]
19:41:53.198 [FXGL Background Thread 3 ] DEBUG Engine               - menuKey: ESCAPE
19:41:53.198 [FXGL Background Thread 3 ] DEBUG Engine               - mouseSensitivity: 0.2
19:41:53.198 [FXGL Background Thread 3 ] DEBUG Engine               - notificationViewClass: class com.almasb.fxgl.notification.view.XboxNotificationView
19:41:53.198 [FXGL Background Thread 3 ] DEBUG Engine               - pixelsPerMeter: 50.0
19:41:53.198 [FXGL Background Thread 3 ] DEBUG Engine               - platform: WINDOWS
19:41:53.198 [FXGL Background Thread 3 ] DEBUG Engine               - prefHeightProperty: ReadOnlyDoubleProperty [value: 800.0]
19:41:53.199 [FXGL Background Thread 3 ] DEBUG Engine               - prefWidthProperty: ReadOnlyDoubleProperty [value: 600.0]
19:41:53.199 [FXGL Background Thread 3 ] DEBUG Engine               - profileDir: profiles/
19:41:53.199 [FXGL Background Thread 3 ] DEBUG Engine               - profileName: StringProperty [value: DEFAULT]
19:41:53.199 [FXGL Background Thread 3 ] DEBUG Engine               - randomSeed: -1
19:41:53.200 [FXGL Background Thread 3 ] DEBUG Engine               - runtimeInfo: RuntimeInfo(platform=WINDOWS, version=17, build=31.12.2021 18.16)
19:41:53.200 [FXGL Background Thread 3 ] DEBUG Engine               - saveFileExt: sav
19:41:53.200 [FXGL Background Thread 3 ] DEBUG Engine               - scaledHeightProp$fxgl: DoubleProperty [bound, value: 800.0]
19:41:53.200 [FXGL Background Thread 3 ] DEBUG Engine               - scaledWidthProp$fxgl: DoubleProperty [bound, value: 600.0]
19:41:53.200 [FXGL Background Thread 3 ] DEBUG Engine               - sceneFactory: com.almasb.fxgl.app.scene.SceneFactory@6aa01c50
19:41:53.201 [FXGL Background Thread 3 ] DEBUG Engine               - secondsIn24h: 60
19:41:53.201 [FXGL Background Thread 3 ] DEBUG Engine               - soundMenuBack: menu/back.wav
19:41:53.201 [FXGL Background Thread 3 ] DEBUG Engine               - soundMenuPress: menu/press.wav
19:41:53.201 [FXGL Background Thread 3 ] DEBUG Engine               - soundMenuSelect: menu/select.wav
19:41:53.201 [FXGL Background Thread 3 ] DEBUG Engine               - soundNotification: core/notification.wav
19:41:53.201 [FXGL Background Thread 3 ] DEBUG Engine               - stageStyle: DECORATED
19:41:53.202 [FXGL Background Thread 3 ] DEBUG Engine               - supportedLanguages: [ENGLISH, FRENCH, GERMAN, HUNGARIAN, RUSSIAN]
19:41:53.202 [FXGL Background Thread 3 ] DEBUG Engine               - ticksPerSecond: -1
19:41:53.202 [FXGL Background Thread 3 ] DEBUG Engine               - title: Dinosaur Exploder
19:41:53.202 [FXGL Background Thread 3 ] DEBUG Engine               - urlGithub: https://github.com/AlmasB/FXGL
19:41:53.202 [FXGL Background Thread 3 ] DEBUG Engine               - urlLeaderboard: http://fxgl-top.herokuapp.com/
19:41:53.202 [FXGL Background Thread 3 ] DEBUG Engine               - urlPOM: https://raw.githubusercontent.com/AlmasB/FXGL/release/README.md
19:41:53.202 [FXGL Background Thread 3 ] DEBUG Engine               - userAppClass: class com.dinosaur.dinosaurexploder.DinosaurApp
19:41:53.202 [FXGL Background Thread 3 ] DEBUG Engine               - version: 1.0
19:41:53.203 [FXGL Background Thread 3 ] DEBUG Engine               - versionCheckDays: 7
19:41:53.203 [FXGL Background Thread 3 ] DEBUG Engine               - width: 600
19:41:53.203 [FXGL Background Thread 3 ] DEBUG Engine               - Logging services
19:41:53.203 [FXGL Background Thread 3 ] DEBUG Engine               - class com.almasb.fxgl.app.services.FXGLAssetLoaderService
19:41:53.203 [FXGL Background Thread 3 ] DEBUG Engine               - class com.almasb.fxgl.app.FXGLApplication$GameApplicationService
19:41:53.203 [FXGL Background Thread 3 ] DEBUG Engine               - class com.almasb.fxgl.app.services.FXGLDialogService
19:41:53.203 [FXGL Background Thread 3 ] DEBUG Engine               - class com.almasb.fxgl.app.services.IOTaskExecutorService
19:41:53.204 [FXGL Background Thread 3 ] DEBUG Engine               - class com.almasb.fxgl.io.FileSystemService
19:41:53.204 [FXGL Background Thread 3 ] DEBUG Engine               - class com.almasb.fxgl.localization.LocalizationService
19:41:53.204 [FXGL Background Thread 3 ] DEBUG Engine               - class com.almasb.fxgl.app.services.SystemBundleService
19:41:53.204 [FXGL Background Thread 3 ] DEBUG Engine               - class com.almasb.fxgl.profile.SaveLoadService
19:41:53.204 [FXGL Background Thread 3 ] DEBUG Engine               - class com.almasb.fxgl.ui.FXGLUIFactoryServiceProvider
19:41:53.204 [FXGL Background Thread 3 ] DEBUG Engine               - class com.almasb.fxgl.ui.FXGLDialogFactoryServiceProvider
19:41:53.204 [FXGL Background Thread 3 ] DEBUG Engine               - class com.almasb.fxgl.audio.AudioPlayer
19:41:53.205 [FXGL Background Thread 3 ] DEBUG Engine               - class com.almasb.fxgl.notification.impl.NotificationServiceProvider
19:41:53.205 [FXGL Background Thread 3 ] DEBUG Engine               - class com.almasb.fxgl.achievement.AchievementService
19:41:53.205 [FXGL Background Thread 3 ] DEBUG Engine               - class com.almasb.fxgl.cutscene.CutsceneService
19:41:53.205 [FXGL Background Thread 3 ] DEBUG Engine               - class com.almasb.fxgl.minigames.MiniGameService
19:41:53.205 [FXGL Background Thread 3 ] DEBUG Engine               - class com.almasb.fxgl.net.NetService
19:41:53.205 [FXGL Background Thread 3 ] DEBUG Engine               - class com.almasb.fxgl.app.services.UpdaterService
19:41:53.205 [FXGL Background Thread 3 ] DEBUG Engine               - class com.almasb.fxgl.dev.DevService
19:42:07.483 [JavaFX Application Thread] DEBUG FXGLApplication      - Exiting FXGL
19:42:07.483 [JavaFX Application Thread] DEBUG LoopRunner           - Stopping loop
19:42:07.483 [JavaFX Application Thread] DEBUG SystemBundleService  - Saving FXGL system data
19:42:07.486 [JavaFX Application Thread] DEBUG FileSystemAccess     - Writing to: C:\Users\Pepito\Documents\OpSoPr\project\dinosaur-exploder\system\fxgl.bundle
19:42:07.488 [JavaFX Application Thread] DEBUG Async                - Shutting down background threads
19:42:07.489 [JavaFX Application Thread] DEBUG PrimaryStageWindow   - Closing main window
19:42:07.503 [JavaFX Application Thread] DEBUG Logger               - Closing Logger
