20:41:43.300 [main                     ] DEBUG Logger               - Configured Logger
20:41:43.324 [main                     ] DEBUG GameApplication      - Logging settings
Title: Dinosaur Exploder
Version: 1.0
Width: 600
Height: 800
Fullscreen: false
Intro: false
Profiling: false
Single step:false
App Mode: DEVELOPER
Menu Key: ESCAPE
Stage Style: DECORATED
Scene Factory: class com.almasb.fxgl.app.scene.SceneFactory

20:41:43.558 [JavaFX Application Thread] DEBUG FXGLApplication      - Initializing FXGL
20:41:43.561 [JavaFX Application Thread] INFO  Engine               - FXGL-17 (31.12.2021 18.16) on WINDOWS (J:17.0.2 FX:17.0.1)
20:41:43.562 [JavaFX Application Thread] DEBUG Engine               - JRE Vendor Name: Oracle Corporation
20:41:43.562 [JavaFX Application Thread] DEBUG Engine               - Running on OS: Windows 10 version 10.0
20:41:43.562 [JavaFX Application Thread] DEBUG Engine               - Architecture: amd64
20:41:43.562 [JavaFX Application Thread] INFO  Engine               - Source code and latest versions at: https://github.com/AlmasB/FXGL
20:41:43.562 [JavaFX Application Thread] INFO  Engine               -       Ask questions and discuss at: https://github.com/AlmasB/FXGL/discussions
20:41:43.562 [JavaFX Application Thread] INFO  Engine               -              Join the FXGL chat at: https://gitter.im/AlmasB/FXGL
20:41:43.618 [JavaFX Application Thread] DEBUG PrimaryStageWindow   - Creating a JavaFX scene
20:41:43.650 [JavaFX Application Thread] DEBUG PrimaryStageWindow   - Target settings size: 600.0 x 800.0
20:41:43.650 [JavaFX Application Thread] DEBUG PrimaryStageWindow   - Scaled scene size:    600.0 x 800.0
20:41:43.650 [JavaFX Application Thread] DEBUG PrimaryStageWindow   - Scaled ratio: (1.0, 1.0)
20:41:43.651 [JavaFX Application Thread] DEBUG PrimaryStageWindow   - Set initial scene to FXGLStartupScene
20:41:43.655 [JavaFX Application Thread] DEBUG PrimaryStageWindow   - Opening main window
20:41:43.709 [JavaFX Application Thread] DEBUG PrimaryStageWindow   - Window border size: (14.66668701171875, 37.33331298828125)
20:41:43.709 [JavaFX Application Thread] DEBUG PrimaryStageWindow   - Scaled size: 600.0 x 800.0
20:41:43.710 [JavaFX Application Thread] DEBUG PrimaryStageWindow   - Scaled ratio: (1.0, 1.0)
20:41:43.710 [JavaFX Application Thread] DEBUG PrimaryStageWindow   - Scene size: 600.0 x 800.0
20:41:43.710 [JavaFX Application Thread] DEBUG PrimaryStageWindow   - Stage size: 614.6666870117188 x 837.3333129882812
20:41:43.716 [FXGL Background Thread 1 ] DEBUG Engine               - Initializing environment variables
20:41:43.739 [FXGL Background Thread 1 ] DEBUG FXGLAssetLoaderServi - User app class for loading assets: class com.dinosaur.dinosaurexploder.DinosaurApp
20:41:43.739 [FXGL Background Thread 1 ] DEBUG GameApplicationServi - Applying CSS: fxgl_dark.css
20:41:43.740 [FXGL Background Thread 1 ] DEBUG FXGLAssetLoaderServi - Loading from file system: jar:file:///C:/Users/Pepito/.m2/repository/com/github/almasb/fxgl/17/fxgl-17.jar!/fxglassets/ui/css/fxgl_dark.css
20:41:43.770 [FXGL Background Thread 1 ] DEBUG GameApplicationServi - Initializing application scenes
20:41:43.797 [FXGL Background Thread 1 ] DEBUG GameWorld            - Game world initialized
20:41:43.837 [FXGL Background Thread 1 ] DEBUG PhysicsWorld         - Physics world initialized: appHeight=800, physics.ppm=50.0
20:41:43.837 [FXGL Background Thread 1 ] DEBUG PhysicsWorld         - Using strategy: BRUTE_FORCE
20:41:43.840 [FXGL Background Thread 1 ] DEBUG GameScene            - Game scene initialized: 600x800
20:41:43.850 [FXGL Background Thread 1 ] WARN  FXGL.DefaultMenu     - FXGLDefaultMenu is not designed for resolutions < 800x600
20:41:43.850 [FXGL Background Thread 1 ] DEBUG FXGL.DefaultMenu     - createMenuBodyGameMenu()
20:41:43.860 [FXGL Background Thread 1 ] DEBUG FXGL.DefaultMenu     - createOptionsMenu()
20:41:43.867 [FXGL Background Thread 1 ] DEBUG FXGLAssetLoaderServi - Loading from file system: jar:file:///C:/Users/Pepito/.m2/repository/com/github/almasb/fxgl/17/fxgl-17.jar!/fxglassets/textures/particles/smoke.png
20:41:43.926 [FXGL Background Thread 1 ] DEBUG FXGLAssetLoaderServi - Loading from file system: jar:file:///C:/Users/Pepito/.m2/repository/com/github/almasb/fxgl/17/fxgl-17.jar!/fxglassets/textures/particles/trace_horizontal.png
20:41:43.947 [FXGL Background Thread 1 ] DEBUG GameApplicationServi - Application scenes initialized
20:41:43.955 [FXGL Background Thread 1 ] DEBUG SystemBundleService  - Loading FXGL system data
20:41:43.958 [FXGL Background Thread 1 ] DEBUG FileSystemAccess     - Reading from: C:\Users\Pepito\Documents\OpSoPr\project\dinosaur-exploder\system\fxgl.bundle
20:41:43.962 [FXGL Background Thread 1 ] DEBUG SystemBundleService  - Bundle FXGL: {}
20:41:43.963 [FXGL Background Thread 1 ] DEBUG UpdaterService       - Checking for updates
20:41:43.965 [FXGL Background Thread 4 ] DEBUG FXGLApplication      - Loading fonts
20:41:43.965 [FXGL Background Thread 1 ] DEBUG FXGLApplication      - Loading default localization
20:41:43.966 [FXGL Background Thread 4 ] DEBUG FXGLAssetLoaderServi - Loading from file system: jar:file:///C:/Users/Pepito/.m2/repository/com/github/almasb/fxgl/17/fxgl-17.jar!/fxglassets/ui/fonts/VarelaRound-Regular.ttf
20:41:43.966 [FXGL Background Thread 1 ] DEBUG FXGLAssetLoaderServi - Loading from file system: jar:file:///C:/Users/Pepito/.m2/repository/com/github/almasb/fxgl/17/fxgl-17.jar!/fxglassets/languages/english.lang
20:41:43.976 [FXGL Background Thread 1 ] INFO  FXGLApplication      - FXGL initialization took: 0.260 sec
20:41:43.985 [JavaFX Application Thread] DEBUG Input                - Registered new binding: action0 - Up
20:41:43.986 [JavaFX Application Thread] DEBUG Input                - Registered new binding: action1 - Down
20:41:43.986 [JavaFX Application Thread] DEBUG Input                - Registered new binding: action2 - Left
20:41:43.986 [JavaFX Application Thread] DEBUG Input                - Registered new binding: action3 - Right
20:41:43.987 [JavaFX Application Thread] DEBUG FXGLAssetLoaderServi - Loading from file system: jar:file:///C:/Users/Pepito/.m2/repository/com/github/almasb/fxgl/17/fxgl-17.jar!/fxglassets/textures/fxgl_icon.png
20:41:44.001 [JavaFX Application Thread] DEBUG FXGLAssetLoaderServi - Loading from file system: jar:file:///C:/Users/Pepito/.m2/repository/com/github/almasb/fxgl/17/fxgl-17.jar!/fxglassets/textures/fxgl_default_cursor.png
20:41:44.004 [JavaFX Application Thread] DEBUG Input                - Registered new binding: Screenshot - CTRL+8
20:41:44.005 [JavaFX Application Thread] DEBUG Input                - Registered new binding: System info dump - CTRL+9
20:41:44.005 [JavaFX Application Thread] DEBUG Input                - Registered new binding: Restart - CTRL+R
20:41:44.006 [JavaFX Application Thread] DEBUG Input                - Registered new binding: Toggle Debug Camera - CTRL+7
20:41:44.009 [JavaFX Application Thread] DEBUG LoopRunner           - Starting loop
20:41:44.009 [JavaFX Application Thread] DEBUG LoopRunner           - Initializing JavaFX AnimationTimerLoop
20:41:44.010 [JavaFX Application Thread] DEBUG GameApplicationServi - Starting new game
20:41:44.011 [JavaFX Application Thread] DEBUG Input                - Clearing active input actions
20:41:44.016 [FXGL Background Thread 4 ] DEBUG FXGLAssetLoaderServi - Loading from file system: jar:file:///C:/Users/Pepito/.m2/repository/com/github/almasb/fxgl/17/fxgl-17.jar!/fxglassets/ui/fonts/Abel-Regular.ttf
20:41:44.020 [FXGL Background Thread 4 ] DEBUG FXGLAssetLoaderServi - Loading from file system: jar:file:///C:/Users/Pepito/.m2/repository/com/github/almasb/fxgl/17/fxgl-17.jar!/fxglassets/ui/fonts/TerminalLandMono-Regular.otf
20:41:44.021 [JavaFX Application Thread] DEBUG GameApplicationServi - Removing overlay from FXGLStartupScene and adding to FXGLLoadingScene
20:41:44.022 [JavaFX Application Thread] DEBUG PrimaryStageWindow   - FXGLStartupScene -> FXGLLoadingScene
20:41:44.022 [JavaFX Application Thread] DEBUG GameApplicationServi - Clearing previous game
20:41:44.022 [JavaFX Application Thread] DEBUG GameScene            - Clearing game scene
20:41:44.023 [JavaFX Application Thread] DEBUG GameWorld            - Clearing game world
20:41:44.023 [JavaFX Application Thread] DEBUG PhysicsWorld         - Clearing physics world
20:41:44.025 [FXGL Background Thread 4 ] DEBUG FXGLAssetLoaderServi - Loading from file system: jar:file:///C:/Users/Pepito/.m2/repository/com/github/almasb/fxgl/17/fxgl-17.jar!/fxglassets/ui/fonts/Courier-Prime.ttf
20:41:44.025 [FXGL Background Thread 1 ] DEBUG FXGLApplication      - Initializing game
20:41:44.034 [FXGL Background Thread 1 ] DEBUG FXGLAssetLoaderServi - Loading from file system: file:/C:/Users/Pepito/Documents/OpSoPr/project/dinosaur-exploder/target/classes/assets/textures/spaceship.png
20:41:44.043 [FXGL Background Thread 1 ] INFO  FXGLApplication      - Game initialization took: 0.018 sec
20:41:44.054 [JavaFX Application Thread] DEBUG FXGLApplication      - Registering font factories with UI factory
20:41:44.056 [JavaFX Application Thread] DEBUG Input                - Clearing active input actions
20:41:44.061 [JavaFX Application Thread] DEBUG GameApplicationServi - Removing overlay from FXGLLoadingScene and adding to GameScene
20:41:44.062 [JavaFX Application Thread] DEBUG PrimaryStageWindow   - FXGLLoadingScene -> GameScene
20:41:44.656 [JavaFX Application Thread] DEBUG LoopRunner           - Stopping loop
20:41:44.657 [JavaFX Application Thread] FATAL FXGLApplication      - Uncaught Exception:
java.lang.IllegalArgumentException: Component PlayerComponent not found!
	at com.almasb.fxgl.entity@17/com.almasb.fxgl.entity.Entity.getComponent(Entity.java:366)
	at com.dinosaur.dinosaurexploder/com.dinosaur.dinosaurexploder.DinosaurApp.lambda$initInput$0(DinosaurApp.java:32)
	at com.almasb.fxgl.all@17/com.almasb.fxgl.dsl.FXGL$Companion$onKey$1.onAction(FXGL.kt:396)
	at com.almasb.fxgl.core@17/com.almasb.fxgl.input.UserAction.action$fxgl_core(UserAction.kt:38)
	at com.almasb.fxgl.core@17/com.almasb.fxgl.input.Input.update(Input.kt:271)
	at com.almasb.fxgl.scene@17/com.almasb.fxgl.scene.Scene.update(Scene.kt:103)
	at com.almasb.fxgl.all@17/com.almasb.fxgl.app.MainWindow$update$1.invoke(MainWindow.kt:115)
	at com.almasb.fxgl.all@17/com.almasb.fxgl.app.MainWindow$update$1.invoke(MainWindow.kt:115)
	at com.almasb.fxgl.core@17/com.almasb.fxgl.core.fsm.StateMachine.runOnActiveStates(StateMachine.kt:69)
	at com.almasb.fxgl.all@17/com.almasb.fxgl.app.MainWindow.update(MainWindow.kt:115)
	at com.almasb.fxgl.all@17/com.almasb.fxgl.app.FXGLApplication$GameApplicationService.onUpdate(FXGLApplication.kt:426)
	at com.almasb.fxgl.all@17/com.almasb.fxgl.app.Engine.loop(Engine.kt:134)
	at com.almasb.fxgl.all@17/com.almasb.fxgl.app.Engine.access$loop(Engine.kt:24)
	at com.almasb.fxgl.all@17/com.almasb.fxgl.app.Engine$loop$1.invoke(Engine.kt:28)
	at com.almasb.fxgl.all@17/com.almasb.fxgl.app.Engine$loop$1.invoke(Engine.kt:28)
	at com.almasb.fxgl.all@17/com.almasb.fxgl.app.LoopRunner.frame(LoopRunner.kt:103)
	at com.almasb.fxgl.all@17/com.almasb.fxgl.app.LoopRunner.access$frame(LoopRunner.kt:23)
	at com.almasb.fxgl.all@17/com.almasb.fxgl.app.LoopRunner$impl$2$1.onTick(LoopRunner.kt:57)
	at com.almasb.fxgl.all@17/com.almasb.fxgl.app.AnimationTimerLoop$timer$1.handle(LoopRunner.kt:137)
	at javafx.graphics/javafx.animation.AnimationTimer$AnimationTimerReceiver.lambda$handle$0(AnimationTimer.java:58)
	at java.base/java.security.AccessController.doPrivileged(AccessController.java:399)
	at javafx.graphics/javafx.animation.AnimationTimer$AnimationTimerReceiver.handle(AnimationTimer.java:57)
	at javafx.graphics/com.sun.scenario.animation.AbstractPrimaryTimer.timePulseImpl(AbstractPrimaryTimer.java:356)
	at javafx.graphics/com.sun.scenario.animation.AbstractPrimaryTimer$MainLoop.run(AbstractPrimaryTimer.java:266)
	at javafx.graphics/com.sun.javafx.tk.quantum.QuantumToolkit.pulse(QuantumToolkit.java:571)
	at javafx.graphics/com.sun.javafx.tk.quantum.QuantumToolkit.pulse(QuantumToolkit.java:555)
	at javafx.graphics/com.sun.javafx.tk.quantum.QuantumToolkit.pulseFromQueue(QuantumToolkit.java:548)
	at javafx.graphics/com.sun.javafx.tk.quantum.QuantumToolkit.lambda$runToolkit$11(QuantumToolkit.java:353)
	at javafx.graphics/com.sun.glass.ui.InvokeLaterDispatcher$Future.run(InvokeLaterDispatcher.java:96)
	at javafx.graphics/com.sun.glass.ui.win.WinApplication._runLoop(Native Method)
	at javafx.graphics/com.sun.glass.ui.win.WinApplication.lambda$runLoop$3(WinApplication.java:184)
	at java.base/java.lang.Thread.run(Thread.java:833)

20:41:44.657 [JavaFX Application Thread] FATAL FXGLApplication      - Application will now exit
20:41:44.669 [JavaFX Application Thread] DEBUG PrimaryStageWindow   - Push state: ErrorSubScene
20:41:44.669 [JavaFX Application Thread] DEBUG Input                - Clearing active input actions
20:41:44.672 [JavaFX Application Thread] DEBUG GameApplicationServi - Removing overlay from GameScene and adding to ErrorSubScene
20:41:44.672 [JavaFX Application Thread] DEBUG PrimaryStageWindow   - GameScene -> ErrorSubScene
20:41:46.965 [FXGL Background Thread 3 ] DEBUG Engine               - Logging environment variables
20:41:46.965 [FXGL Background Thread 3 ] DEBUG Engine               - achievements: []
20:41:46.965 [FXGL Background Thread 3 ] DEBUG Engine               - actualHeight: 800.0
20:41:46.965 [FXGL Background Thread 3 ] DEBUG Engine               - actualHeightProperty: ReadOnlyDoubleProperty [value: 800.0]
20:41:46.965 [FXGL Background Thread 3 ] DEBUG Engine               - actualWidth: 600.0
20:41:46.966 [FXGL Background Thread 3 ] DEBUG Engine               - actualWidthProperty: ReadOnlyDoubleProperty [value: 600.0]
20:41:46.966 [FXGL Background Thread 3 ] DEBUG Engine               - appIcon: fxgl_icon.png
20:41:46.966 [FXGL Background Thread 3 ] DEBUG Engine               - applicationMode: DEVELOPER
20:41:46.966 [FXGL Background Thread 3 ] DEBUG Engine               - cSSList: [fxgl_dark.css]
20:41:46.966 [FXGL Background Thread 3 ] DEBUG Engine               - collisionDetectionStrategy: BRUTE_FORCE
20:41:46.966 [FXGL Background Thread 3 ] DEBUG Engine               - configClass: Optional.empty
20:41:46.966 [FXGL Background Thread 3 ] DEBUG Engine               - credits: []
20:41:46.966 [FXGL Background Thread 3 ] DEBUG Engine               - defaultCursor: CursorInfo(imageName=fxgl_default_cursor.png, hotspotX=7.0, hotspotY=6.0)
20:41:46.966 [FXGL Background Thread 3 ] DEBUG Engine               - devBBoxColorProperty: ObjectProperty [value: 0xff0000ff]
20:41:46.967 [FXGL Background Thread 3 ] DEBUG Engine               - devEnableDebugCameraProperty: BooleanProperty [value: false]
20:41:46.967 [FXGL Background Thread 3 ] DEBUG Engine               - devSensorColorProperty: ObjectProperty [value: 0xffff00ff]
20:41:46.967 [FXGL Background Thread 3 ] DEBUG Engine               - devShowBBoxProperty: BooleanProperty [value: false]
20:41:46.967 [FXGL Background Thread 3 ] DEBUG Engine               - devShowPositionProperty: BooleanProperty [value: false]
20:41:46.967 [FXGL Background Thread 3 ] DEBUG Engine               - enabledMenuItems: []
20:41:46.967 [FXGL Background Thread 3 ] DEBUG Engine               - engineServices: [class com.almasb.fxgl.app.services.FXGLAssetLoaderService, class com.almasb.fxgl.app.FXGLApplication$GameApplicationService, class com.almasb.fxgl.app.services.FXGLDialogService, class com.almasb.fxgl.app.services.IOTaskExecutorService, class com.almasb.fxgl.io.FileSystemService, class com.almasb.fxgl.localization.LocalizationService, class com.almasb.fxgl.app.services.SystemBundleService, class com.almasb.fxgl.profile.SaveLoadService, class com.almasb.fxgl.ui.FXGLUIFactoryServiceProvider, class com.almasb.fxgl.ui.FXGLDialogFactoryServiceProvider, class com.almasb.fxgl.audio.AudioPlayer, class com.almasb.fxgl.notification.impl.NotificationServiceProvider, class com.almasb.fxgl.achievement.AchievementService, class com.almasb.fxgl.cutscene.CutsceneService, class com.almasb.fxgl.minigames.MiniGameService, class com.almasb.fxgl.net.NetService, class com.almasb.fxgl.app.services.UpdaterService, class com.almasb.fxgl.dev.DevService]
20:41:46.967 [FXGL Background Thread 3 ] DEBUG Engine               - fontGame: Abel-Regular.ttf
20:41:46.967 [FXGL Background Thread 3 ] DEBUG Engine               - fontMono: TerminalLandMono-Regular.otf
20:41:46.967 [FXGL Background Thread 3 ] DEBUG Engine               - fontText: Courier-Prime.ttf
20:41:46.968 [FXGL Background Thread 3 ] DEBUG Engine               - fontUI: VarelaRound-Regular.ttf
20:41:46.968 [FXGL Background Thread 3 ] DEBUG Engine               - fullScreen: BooleanProperty [value: false]
20:41:46.968 [FXGL Background Thread 3 ] DEBUG Engine               - gameDifficulty: MEDIUM
20:41:46.968 [FXGL Background Thread 3 ] DEBUG Engine               - gameDifficultyProperty: ObjectProperty [value: MEDIUM]
20:41:46.968 [FXGL Background Thread 3 ] DEBUG Engine               - globalMusicVolume: 0.5
20:41:46.968 [FXGL Background Thread 3 ] DEBUG Engine               - globalMusicVolumeProperty: DoubleProperty [value: 0.5]
20:41:46.968 [FXGL Background Thread 3 ] DEBUG Engine               - globalSoundVolume: 0.5
20:41:46.968 [FXGL Background Thread 3 ] DEBUG Engine               - globalSoundVolumeProperty: DoubleProperty [value: 0.5]
20:41:46.968 [FXGL Background Thread 3 ] DEBUG Engine               - height: 800
20:41:46.968 [FXGL Background Thread 3 ] DEBUG Engine               - is3D: false
20:41:46.968 [FXGL Background Thread 3 ] DEBUG Engine               - isAndroid: false
20:41:46.968 [FXGL Background Thread 3 ] DEBUG Engine               - isBrowser: false
20:41:46.968 [FXGL Background Thread 3 ] DEBUG Engine               - isClickFeedbackEnabled: false
20:41:46.968 [FXGL Background Thread 3 ] DEBUG Engine               - isCloseConfirmation: false
20:41:46.968 [FXGL Background Thread 3 ] DEBUG Engine               - isDesktop: true
20:41:46.968 [FXGL Background Thread 3 ] DEBUG Engine               - isDeveloperMenuEnabled: false
20:41:46.968 [FXGL Background Thread 3 ] DEBUG Engine               - isEmbedded: false
20:41:46.969 [FXGL Background Thread 3 ] DEBUG Engine               - isEntityPreloadEnabled: true
20:41:46.969 [FXGL Background Thread 3 ] DEBUG Engine               - isExperimentalTiledLargeMap: false
20:41:46.969 [FXGL Background Thread 3 ] DEBUG Engine               - isFileSystemWriteAllowed: true
20:41:46.969 [FXGL Background Thread 3 ] DEBUG Engine               - isFullScreenAllowed: false
20:41:46.969 [FXGL Background Thread 3 ] DEBUG Engine               - isFullScreenFromStart: false
20:41:46.969 [FXGL Background Thread 3 ] DEBUG Engine               - isGameMenuEnabled: true
20:41:46.969 [FXGL Background Thread 3 ] DEBUG Engine               - isIOS: false
20:41:46.969 [FXGL Background Thread 3 ] DEBUG Engine               - isIntroEnabled: false
20:41:46.969 [FXGL Background Thread 3 ] DEBUG Engine               - isLinux: false
20:41:46.969 [FXGL Background Thread 3 ] DEBUG Engine               - isMac: false
20:41:46.969 [FXGL Background Thread 3 ] DEBUG Engine               - isMainMenuEnabled: false
20:41:46.969 [FXGL Background Thread 3 ] DEBUG Engine               - isManualResizeEnabled: false
20:41:46.969 [FXGL Background Thread 3 ] DEBUG Engine               - isMobile: false
20:41:46.969 [FXGL Background Thread 3 ] DEBUG Engine               - isNative: false
20:41:46.969 [FXGL Background Thread 3 ] DEBUG Engine               - isPauseMusicWhenMinimized: true
20:41:46.969 [FXGL Background Thread 3 ] DEBUG Engine               - isPreserveResizeRatio: false
20:41:46.969 [FXGL Background Thread 3 ] DEBUG Engine               - isProfilingEnabled: false
20:41:46.969 [FXGL Background Thread 3 ] DEBUG Engine               - isScaleAffectedOnResize: true
20:41:46.969 [FXGL Background Thread 3 ] DEBUG Engine               - isSingleStep: false
20:41:46.969 [FXGL Background Thread 3 ] DEBUG Engine               - isUserProfileEnabled: false
20:41:46.970 [FXGL Background Thread 3 ] DEBUG Engine               - isWindows: true
20:41:46.970 [FXGL Background Thread 3 ] DEBUG Engine               - language: ObjectProperty [value: ENGLISH]
20:41:46.970 [FXGL Background Thread 3 ] DEBUG Engine               - menuKey: ESCAPE
20:41:46.970 [FXGL Background Thread 3 ] DEBUG Engine               - mouseSensitivity: 0.2
20:41:46.970 [FXGL Background Thread 3 ] DEBUG Engine               - notificationViewClass: class com.almasb.fxgl.notification.view.XboxNotificationView
20:41:46.970 [FXGL Background Thread 3 ] DEBUG Engine               - pixelsPerMeter: 50.0
20:41:46.970 [FXGL Background Thread 3 ] DEBUG Engine               - platform: WINDOWS
20:41:46.970 [FXGL Background Thread 3 ] DEBUG Engine               - prefHeightProperty: ReadOnlyDoubleProperty [value: 800.0]
20:41:46.970 [FXGL Background Thread 3 ] DEBUG Engine               - prefWidthProperty: ReadOnlyDoubleProperty [value: 600.0]
20:41:46.970 [FXGL Background Thread 3 ] DEBUG Engine               - profileDir: profiles/
20:41:46.970 [FXGL Background Thread 3 ] DEBUG Engine               - profileName: StringProperty [value: DEFAULT]
20:41:46.970 [FXGL Background Thread 3 ] DEBUG Engine               - randomSeed: -1
20:41:46.970 [FXGL Background Thread 3 ] DEBUG Engine               - runtimeInfo: RuntimeInfo(platform=WINDOWS, version=17, build=31.12.2021 18.16)
20:41:46.970 [FXGL Background Thread 3 ] DEBUG Engine               - saveFileExt: sav
20:41:46.970 [FXGL Background Thread 3 ] DEBUG Engine               - scaledHeightProp$fxgl: DoubleProperty [bound, value: 800.0]
20:41:46.970 [FXGL Background Thread 3 ] DEBUG Engine               - scaledWidthProp$fxgl: DoubleProperty [bound, value: 600.0]
20:41:46.971 [FXGL Background Thread 3 ] DEBUG Engine               - sceneFactory: com.almasb.fxgl.app.scene.SceneFactory@5e5c9936
20:41:46.971 [FXGL Background Thread 3 ] DEBUG Engine               - secondsIn24h: 60
20:41:46.971 [FXGL Background Thread 3 ] DEBUG Engine               - soundMenuBack: menu/back.wav
20:41:46.971 [FXGL Background Thread 3 ] DEBUG Engine               - soundMenuPress: menu/press.wav
20:41:46.971 [FXGL Background Thread 3 ] DEBUG Engine               - soundMenuSelect: menu/select.wav
20:41:46.971 [FXGL Background Thread 3 ] DEBUG Engine               - soundNotification: core/notification.wav
20:41:46.971 [FXGL Background Thread 3 ] DEBUG Engine               - stageStyle: DECORATED
20:41:46.971 [FXGL Background Thread 3 ] DEBUG Engine               - supportedLanguages: [ENGLISH, FRENCH, GERMAN, HUNGARIAN, RUSSIAN]
20:41:46.971 [FXGL Background Thread 3 ] DEBUG Engine               - ticksPerSecond: -1
20:41:46.971 [FXGL Background Thread 3 ] DEBUG Engine               - title: Dinosaur Exploder
20:41:46.971 [FXGL Background Thread 3 ] DEBUG Engine               - urlGithub: https://github.com/AlmasB/FXGL
20:41:46.971 [FXGL Background Thread 3 ] DEBUG Engine               - urlLeaderboard: http://fxgl-top.herokuapp.com/
20:41:46.971 [FXGL Background Thread 3 ] DEBUG Engine               - urlPOM: https://raw.githubusercontent.com/AlmasB/FXGL/release/README.md
20:41:46.971 [FXGL Background Thread 3 ] DEBUG Engine               - userAppClass: class com.dinosaur.dinosaurexploder.DinosaurApp
20:41:46.971 [FXGL Background Thread 3 ] DEBUG Engine               - version: 1.0
20:41:46.971 [FXGL Background Thread 3 ] DEBUG Engine               - versionCheckDays: 7
20:41:46.971 [FXGL Background Thread 3 ] DEBUG Engine               - width: 600
20:41:46.971 [FXGL Background Thread 3 ] DEBUG Engine               - Logging services
20:41:46.971 [FXGL Background Thread 3 ] DEBUG Engine               - class com.almasb.fxgl.app.services.FXGLAssetLoaderService
20:41:46.971 [FXGL Background Thread 3 ] DEBUG Engine               - class com.almasb.fxgl.app.FXGLApplication$GameApplicationService
20:41:46.971 [FXGL Background Thread 3 ] DEBUG Engine               - class com.almasb.fxgl.app.services.FXGLDialogService
20:41:46.971 [FXGL Background Thread 3 ] DEBUG Engine               - class com.almasb.fxgl.app.services.IOTaskExecutorService
20:41:46.971 [FXGL Background Thread 3 ] DEBUG Engine               - class com.almasb.fxgl.io.FileSystemService
20:41:46.971 [FXGL Background Thread 3 ] DEBUG Engine               - class com.almasb.fxgl.localization.LocalizationService
20:41:46.972 [FXGL Background Thread 3 ] DEBUG Engine               - class com.almasb.fxgl.app.services.SystemBundleService
20:41:46.972 [FXGL Background Thread 3 ] DEBUG Engine               - class com.almasb.fxgl.profile.SaveLoadService
20:41:46.972 [FXGL Background Thread 3 ] DEBUG Engine               - class com.almasb.fxgl.ui.FXGLUIFactoryServiceProvider
20:41:46.972 [FXGL Background Thread 3 ] DEBUG Engine               - class com.almasb.fxgl.ui.FXGLDialogFactoryServiceProvider
20:41:46.972 [FXGL Background Thread 3 ] DEBUG Engine               - class com.almasb.fxgl.audio.AudioPlayer
20:41:46.972 [FXGL Background Thread 3 ] DEBUG Engine               - class com.almasb.fxgl.notification.impl.NotificationServiceProvider
20:41:46.972 [FXGL Background Thread 3 ] DEBUG Engine               - class com.almasb.fxgl.achievement.AchievementService
20:41:46.972 [FXGL Background Thread 3 ] DEBUG Engine               - class com.almasb.fxgl.cutscene.CutsceneService
20:41:46.972 [FXGL Background Thread 3 ] DEBUG Engine               - class com.almasb.fxgl.minigames.MiniGameService
20:41:46.972 [FXGL Background Thread 3 ] DEBUG Engine               - class com.almasb.fxgl.net.NetService
20:41:46.972 [FXGL Background Thread 3 ] DEBUG Engine               - class com.almasb.fxgl.app.services.UpdaterService
20:41:46.972 [FXGL Background Thread 3 ] DEBUG Engine               - class com.almasb.fxgl.dev.DevService
20:41:52.751 [JavaFX Application Thread] DEBUG FXGLApplication      - Exiting FXGL
20:41:52.751 [JavaFX Application Thread] DEBUG Async                - Shutting down background threads
20:41:52.751 [JavaFX Application Thread] DEBUG PrimaryStageWindow   - Closing main window
20:41:52.758 [JavaFX Application Thread] DEBUG Logger               - Closing Logger
