13:05:33.524 [main                     ] DEBUG Logger               - Configured Logger
13:05:33.606 [main                     ] DEBUG GameApplication      - Logging settings
Title: Dinosaur Exploder
Version: 1.0
Width: 600
Height: 800
Fullscreen: false
Intro: false
Profiling: false
Single step:false
App Mode: DEVELOPER
Menu Key: ESCAPE
Stage Style: DECORATED
Scene Factory: class com.almasb.fxgl.app.scene.SceneFactory

13:05:34.210 [JavaFX Application Thread] DEBUG FXGLApplication      - Initializing FXGL
13:05:34.218 [JavaFX Application Thread] INFO  Engine               - FXGL-17 (31.12.2021 18.16) on WINDOWS (J:17.0.2 FX:17.0.1)
13:05:34.219 [JavaFX Application Thread] DEBUG Engine               - JRE Vendor Name: Oracle Corporation
13:05:34.219 [JavaFX Application Thread] DEBUG Engine               - Running on OS: Windows 10 version 10.0
13:05:34.219 [JavaFX Application Thread] DEBUG Engine               - Architecture: amd64
13:05:34.220 [JavaFX Application Thread] INFO  Engine               - Source code and latest versions at: https://github.com/AlmasB/FXGL
13:05:34.220 [JavaFX Application Thread] INFO  Engine               -       Ask questions and discuss at: https://github.com/AlmasB/FXGL/discussions
13:05:34.220 [JavaFX Application Thread] INFO  Engine               -              Join the FXGL chat at: https://gitter.im/AlmasB/FXGL
13:05:34.385 [JavaFX Application Thread] DEBUG PrimaryStageWindow   - Creating a JavaFX scene
13:05:34.470 [JavaFX Application Thread] DEBUG PrimaryStageWindow   - Target settings size: 600.0 x 800.0
13:05:34.470 [JavaFX Application Thread] DEBUG PrimaryStageWindow   - Scaled scene size:    600.0 x 800.0
13:05:34.471 [JavaFX Application Thread] DEBUG PrimaryStageWindow   - Scaled ratio: (1.0, 1.0)
13:05:34.473 [JavaFX Application Thread] DEBUG PrimaryStageWindow   - Set initial scene to FXGLStartupScene
13:05:34.484 [JavaFX Application Thread] DEBUG PrimaryStageWindow   - Opening main window
13:05:34.605 [JavaFX Application Thread] DEBUG PrimaryStageWindow   - Window border size: (14.66668701171875, 37.33331298828125)
13:05:34.606 [JavaFX Application Thread] DEBUG PrimaryStageWindow   - Scaled size: 600.0 x 800.0
13:05:34.606 [JavaFX Application Thread] DEBUG PrimaryStageWindow   - Scaled ratio: (1.0, 1.0)
13:05:34.607 [JavaFX Application Thread] DEBUG PrimaryStageWindow   - Scene size: 600.0 x 800.0
13:05:34.607 [JavaFX Application Thread] DEBUG PrimaryStageWindow   - Stage size: 614.6666870117188 x 837.3333129882812
13:05:34.620 [FXGL Background Thread 1 ] DEBUG Engine               - Initializing environment variables
13:05:34.671 [FXGL Background Thread 1 ] DEBUG FXGLAssetLoaderServi - User app class for loading assets: class com.dinosaur.dinosaurexploder.DinosaurApp
13:05:34.671 [FXGL Background Thread 1 ] DEBUG GameApplicationServi - Applying CSS: fxgl_dark.css
13:05:34.673 [FXGL Background Thread 1 ] DEBUG FXGLAssetLoaderServi - Loading from file system: jar:file:///C:/Users/Pepito/.m2/repository/com/github/almasb/fxgl/17/fxgl-17.jar!/fxglassets/ui/css/fxgl_dark.css
13:05:34.747 [FXGL Background Thread 1 ] DEBUG GameApplicationServi - Initializing application scenes
13:05:34.831 [FXGL Background Thread 1 ] DEBUG GameWorld            - Game world initialized
13:05:34.940 [FXGL Background Thread 1 ] DEBUG PhysicsWorld         - Physics world initialized: appHeight=800, physics.ppm=50.0
13:05:34.941 [FXGL Background Thread 1 ] DEBUG PhysicsWorld         - Using strategy: BRUTE_FORCE
13:05:34.949 [FXGL Background Thread 1 ] DEBUG GameScene            - Game scene initialized: 600x800
13:05:34.969 [FXGL Background Thread 1 ] WARN  FXGL.DefaultMenu     - FXGLDefaultMenu is not designed for resolutions < 800x600
13:05:34.969 [FXGL Background Thread 1 ] DEBUG FXGL.DefaultMenu     - createMenuBodyGameMenu()
13:05:34.994 [FXGL Background Thread 1 ] DEBUG FXGL.DefaultMenu     - createOptionsMenu()
13:05:35.011 [FXGL Background Thread 1 ] DEBUG FXGLAssetLoaderServi - Loading from file system: jar:file:///C:/Users/Pepito/.m2/repository/com/github/almasb/fxgl/17/fxgl-17.jar!/fxglassets/textures/particles/smoke.png
13:05:35.171 [FXGL Background Thread 1 ] DEBUG FXGLAssetLoaderServi - Loading from file system: jar:file:///C:/Users/Pepito/.m2/repository/com/github/almasb/fxgl/17/fxgl-17.jar!/fxglassets/textures/particles/trace_horizontal.png
13:05:35.226 [FXGL Background Thread 1 ] DEBUG GameApplicationServi - Application scenes initialized
13:05:35.248 [FXGL Background Thread 1 ] DEBUG SystemBundleService  - Loading FXGL system data
13:05:35.257 [FXGL Background Thread 1 ] DEBUG FileSystemAccess     - Reading from: C:\Users\Pepito\Documents\OpSoPr\project\dinosaur-exploder\system\fxgl.bundle
13:05:35.269 [FXGL Background Thread 1 ] DEBUG SystemBundleService  - Bundle FXGL: {}
13:05:35.269 [FXGL Background Thread 1 ] DEBUG UpdaterService       - Checking for updates
13:05:35.275 [FXGL Background Thread 4 ] DEBUG FXGLApplication      - Loading fonts
13:05:35.276 [FXGL Background Thread 1 ] DEBUG FXGLApplication      - Loading default localization
13:05:35.276 [FXGL Background Thread 4 ] DEBUG FXGLAssetLoaderServi - Loading from file system: jar:file:///C:/Users/Pepito/.m2/repository/com/github/almasb/fxgl/17/fxgl-17.jar!/fxglassets/ui/fonts/VarelaRound-Regular.ttf
13:05:35.277 [FXGL Background Thread 1 ] DEBUG FXGLAssetLoaderServi - Loading from file system: jar:file:///C:/Users/Pepito/.m2/repository/com/github/almasb/fxgl/17/fxgl-17.jar!/fxglassets/languages/english.lang
13:05:35.306 [FXGL Background Thread 1 ] INFO  FXGLApplication      - FXGL initialization took: 0.686 sec
13:05:35.327 [JavaFX Application Thread] DEBUG Input                - Registered new binding: action0 - Up
13:05:35.328 [JavaFX Application Thread] DEBUG Input                - Registered new binding: action1 - Down
13:05:35.328 [JavaFX Application Thread] DEBUG Input                - Registered new binding: action2 - Left
13:05:35.329 [JavaFX Application Thread] DEBUG Input                - Registered new binding: action3 - Right
13:05:35.330 [JavaFX Application Thread] DEBUG FXGLAssetLoaderServi - Loading from file system: jar:file:///C:/Users/Pepito/.m2/repository/com/github/almasb/fxgl/17/fxgl-17.jar!/fxglassets/textures/fxgl_icon.png
13:05:35.374 [JavaFX Application Thread] DEBUG FXGLAssetLoaderServi - Loading from file system: jar:file:///C:/Users/Pepito/.m2/repository/com/github/almasb/fxgl/17/fxgl-17.jar!/fxglassets/textures/fxgl_default_cursor.png
13:05:35.379 [JavaFX Application Thread] DEBUG Input                - Registered new binding: Screenshot - CTRL+8
13:05:35.380 [JavaFX Application Thread] DEBUG Input                - Registered new binding: System info dump - CTRL+9
13:05:35.381 [JavaFX Application Thread] DEBUG Input                - Registered new binding: Restart - CTRL+R
13:05:35.382 [JavaFX Application Thread] DEBUG Input                - Registered new binding: Toggle Debug Camera - CTRL+7
13:05:35.385 [JavaFX Application Thread] DEBUG LoopRunner           - Starting loop
13:05:35.385 [JavaFX Application Thread] DEBUG LoopRunner           - Initializing JavaFX AnimationTimerLoop
13:05:35.388 [JavaFX Application Thread] DEBUG GameApplicationServi - Starting new game
13:05:35.388 [JavaFX Application Thread] DEBUG Input                - Clearing active input actions
13:05:35.391 [FXGL Background Thread 4 ] DEBUG FXGLAssetLoaderServi - Loading from file system: jar:file:///C:/Users/Pepito/.m2/repository/com/github/almasb/fxgl/17/fxgl-17.jar!/fxglassets/ui/fonts/Abel-Regular.ttf
13:05:35.415 [FXGL Background Thread 4 ] DEBUG FXGLAssetLoaderServi - Loading from file system: jar:file:///C:/Users/Pepito/.m2/repository/com/github/almasb/fxgl/17/fxgl-17.jar!/fxglassets/ui/fonts/TerminalLandMono-Regular.otf
13:05:35.422 [FXGL Background Thread 4 ] DEBUG FXGLAssetLoaderServi - Loading from file system: jar:file:///C:/Users/Pepito/.m2/repository/com/github/almasb/fxgl/17/fxgl-17.jar!/fxglassets/ui/fonts/Courier-Prime.ttf
13:05:35.425 [JavaFX Application Thread] DEBUG GameApplicationServi - Removing overlay from FXGLStartupScene and adding to FXGLLoadingScene
13:05:35.426 [JavaFX Application Thread] DEBUG PrimaryStageWindow   - FXGLStartupScene -> FXGLLoadingScene
13:05:35.426 [JavaFX Application Thread] DEBUG GameApplicationServi - Clearing previous game
13:05:35.426 [JavaFX Application Thread] DEBUG GameScene            - Clearing game scene
13:05:35.427 [JavaFX Application Thread] DEBUG GameWorld            - Clearing game world
13:05:35.427 [JavaFX Application Thread] DEBUG PhysicsWorld         - Clearing physics world
13:05:35.429 [FXGL Background Thread 1 ] DEBUG FXGLApplication      - Initializing game
13:05:35.444 [FXGL Background Thread 1 ] DEBUG FXGLAssetLoaderServi - Loading from file system: file:/C:/Users/Pepito/Documents/OpSoPr/project/dinosaur-exploder/target/classes/assets/textures/background.png
13:05:35.494 [JavaFX Application Thread] DEBUG FXGLApplication      - Registering font factories with UI factory
13:05:35.779 [FXGL Background Thread 1 ] DEBUG FXGLAssetLoaderServi - Loading from file system: file:/C:/Users/Pepito/Documents/OpSoPr/project/dinosaur-exploder/target/classes/assets/textures/spaceship.png
13:05:35.796 [FXGL Background Thread 1 ] INFO  FXGLApplication      - Game initialization took: 0.367 sec
13:05:35.797 [JavaFX Application Thread] DEBUG Input                - Clearing active input actions
13:05:35.808 [JavaFX Application Thread] DEBUG GameApplicationServi - Removing overlay from FXGLLoadingScene and adding to GameScene
13:05:35.809 [JavaFX Application Thread] DEBUG PrimaryStageWindow   - FXGLLoadingScene -> GameScene
13:05:38.275 [FXGL Background Thread 3 ] DEBUG Engine               - Logging environment variables
13:05:38.276 [FXGL Background Thread 3 ] DEBUG Engine               - achievements: []
13:05:38.276 [FXGL Background Thread 3 ] DEBUG Engine               - actualHeight: 800.0
13:05:38.276 [FXGL Background Thread 3 ] DEBUG Engine               - actualHeightProperty: ReadOnlyDoubleProperty [value: 800.0]
13:05:38.277 [FXGL Background Thread 3 ] DEBUG Engine               - actualWidth: 600.0
13:05:38.277 [FXGL Background Thread 3 ] DEBUG Engine               - actualWidthProperty: ReadOnlyDoubleProperty [value: 600.0]
13:05:38.277 [FXGL Background Thread 3 ] DEBUG Engine               - appIcon: fxgl_icon.png
13:05:38.277 [FXGL Background Thread 3 ] DEBUG Engine               - applicationMode: DEVELOPER
13:05:38.278 [FXGL Background Thread 3 ] DEBUG Engine               - cSSList: [fxgl_dark.css]
13:05:38.278 [FXGL Background Thread 3 ] DEBUG Engine               - collisionDetectionStrategy: BRUTE_FORCE
13:05:38.278 [FXGL Background Thread 3 ] DEBUG Engine               - configClass: Optional.empty
13:05:38.278 [FXGL Background Thread 3 ] DEBUG Engine               - credits: []
13:05:38.279 [FXGL Background Thread 3 ] DEBUG Engine               - defaultCursor: CursorInfo(imageName=fxgl_default_cursor.png, hotspotX=7.0, hotspotY=6.0)
13:05:38.280 [FXGL Background Thread 3 ] DEBUG Engine               - devBBoxColorProperty: ObjectProperty [value: 0xff0000ff]
13:05:38.280 [FXGL Background Thread 3 ] DEBUG Engine               - devEnableDebugCameraProperty: BooleanProperty [value: false]
13:05:38.280 [FXGL Background Thread 3 ] DEBUG Engine               - devSensorColorProperty: ObjectProperty [value: 0xffff00ff]
13:05:38.280 [FXGL Background Thread 3 ] DEBUG Engine               - devShowBBoxProperty: BooleanProperty [value: false]
13:05:38.281 [FXGL Background Thread 3 ] DEBUG Engine               - devShowPositionProperty: BooleanProperty [value: false]
13:05:38.281 [FXGL Background Thread 3 ] DEBUG Engine               - enabledMenuItems: []
13:05:38.281 [FXGL Background Thread 3 ] DEBUG Engine               - engineServices: [class com.almasb.fxgl.app.services.FXGLAssetLoaderService, class com.almasb.fxgl.app.FXGLApplication$GameApplicationService, class com.almasb.fxgl.app.services.FXGLDialogService, class com.almasb.fxgl.app.services.IOTaskExecutorService, class com.almasb.fxgl.io.FileSystemService, class com.almasb.fxgl.localization.LocalizationService, class com.almasb.fxgl.app.services.SystemBundleService, class com.almasb.fxgl.profile.SaveLoadService, class com.almasb.fxgl.ui.FXGLUIFactoryServiceProvider, class com.almasb.fxgl.ui.FXGLDialogFactoryServiceProvider, class com.almasb.fxgl.audio.AudioPlayer, class com.almasb.fxgl.notification.impl.NotificationServiceProvider, class com.almasb.fxgl.achievement.AchievementService, class com.almasb.fxgl.cutscene.CutsceneService, class com.almasb.fxgl.minigames.MiniGameService, class com.almasb.fxgl.net.NetService, class com.almasb.fxgl.app.services.UpdaterService, class com.almasb.fxgl.dev.DevService]
13:05:38.281 [FXGL Background Thread 3 ] DEBUG Engine               - fontGame: Abel-Regular.ttf
13:05:38.281 [FXGL Background Thread 3 ] DEBUG Engine               - fontMono: TerminalLandMono-Regular.otf
13:05:38.282 [FXGL Background Thread 3 ] DEBUG Engine               - fontText: Courier-Prime.ttf
13:05:38.282 [FXGL Background Thread 3 ] DEBUG Engine               - fontUI: VarelaRound-Regular.ttf
13:05:38.282 [FXGL Background Thread 3 ] DEBUG Engine               - fullScreen: BooleanProperty [value: false]
13:05:38.282 [FXGL Background Thread 3 ] DEBUG Engine               - gameDifficulty: MEDIUM
13:05:38.283 [FXGL Background Thread 3 ] DEBUG Engine               - gameDifficultyProperty: ObjectProperty [value: MEDIUM]
13:05:38.283 [FXGL Background Thread 3 ] DEBUG Engine               - globalMusicVolume: 0.5
13:05:38.283 [FXGL Background Thread 3 ] DEBUG Engine               - globalMusicVolumeProperty: DoubleProperty [value: 0.5]
13:05:38.283 [FXGL Background Thread 3 ] DEBUG Engine               - globalSoundVolume: 0.5
13:05:38.283 [FXGL Background Thread 3 ] DEBUG Engine               - globalSoundVolumeProperty: DoubleProperty [value: 0.5]
13:05:38.284 [FXGL Background Thread 3 ] DEBUG Engine               - height: 800
13:05:38.284 [FXGL Background Thread 3 ] DEBUG Engine               - is3D: false
13:05:38.284 [FXGL Background Thread 3 ] DEBUG Engine               - isAndroid: false
13:05:38.284 [FXGL Background Thread 3 ] DEBUG Engine               - isBrowser: false
13:05:38.284 [FXGL Background Thread 3 ] DEBUG Engine               - isClickFeedbackEnabled: false
13:05:38.284 [FXGL Background Thread 3 ] DEBUG Engine               - isCloseConfirmation: false
13:05:38.285 [FXGL Background Thread 3 ] DEBUG Engine               - isDesktop: true
13:05:38.285 [FXGL Background Thread 3 ] DEBUG Engine               - isDeveloperMenuEnabled: false
13:05:38.285 [FXGL Background Thread 3 ] DEBUG Engine               - isEmbedded: false
13:05:38.285 [FXGL Background Thread 3 ] DEBUG Engine               - isEntityPreloadEnabled: true
13:05:38.285 [FXGL Background Thread 3 ] DEBUG Engine               - isExperimentalTiledLargeMap: false
13:05:38.286 [FXGL Background Thread 3 ] DEBUG Engine               - isFileSystemWriteAllowed: true
13:05:38.286 [FXGL Background Thread 3 ] DEBUG Engine               - isFullScreenAllowed: false
13:05:38.286 [FXGL Background Thread 3 ] DEBUG Engine               - isFullScreenFromStart: false
13:05:38.286 [FXGL Background Thread 3 ] DEBUG Engine               - isGameMenuEnabled: true
13:05:38.286 [FXGL Background Thread 3 ] DEBUG Engine               - isIOS: false
13:05:38.286 [FXGL Background Thread 3 ] DEBUG Engine               - isIntroEnabled: false
13:05:38.287 [FXGL Background Thread 3 ] DEBUG Engine               - isLinux: false
13:05:38.287 [FXGL Background Thread 3 ] DEBUG Engine               - isMac: false
13:05:38.287 [FXGL Background Thread 3 ] DEBUG Engine               - isMainMenuEnabled: false
13:05:38.287 [FXGL Background Thread 3 ] DEBUG Engine               - isManualResizeEnabled: false
13:05:38.288 [FXGL Background Thread 3 ] DEBUG Engine               - isMobile: false
13:05:38.288 [FXGL Background Thread 3 ] DEBUG Engine               - isNative: false
13:05:38.288 [FXGL Background Thread 3 ] DEBUG Engine               - isPauseMusicWhenMinimized: true
13:05:38.288 [FXGL Background Thread 3 ] DEBUG Engine               - isPreserveResizeRatio: false
13:05:38.288 [FXGL Background Thread 3 ] DEBUG Engine               - isProfilingEnabled: false
13:05:38.288 [FXGL Background Thread 3 ] DEBUG Engine               - isScaleAffectedOnResize: true
13:05:38.288 [FXGL Background Thread 3 ] DEBUG Engine               - isSingleStep: false
13:05:38.289 [FXGL Background Thread 3 ] DEBUG Engine               - isUserProfileEnabled: false
13:05:38.289 [FXGL Background Thread 3 ] DEBUG Engine               - isWindows: true
13:05:38.289 [FXGL Background Thread 3 ] DEBUG Engine               - language: ObjectProperty [value: ENGLISH]
13:05:38.289 [FXGL Background Thread 3 ] DEBUG Engine               - menuKey: ESCAPE
13:05:38.289 [FXGL Background Thread 3 ] DEBUG Engine               - mouseSensitivity: 0.2
13:05:38.290 [FXGL Background Thread 3 ] DEBUG Engine               - notificationViewClass: class com.almasb.fxgl.notification.view.XboxNotificationView
13:05:38.290 [FXGL Background Thread 3 ] DEBUG Engine               - pixelsPerMeter: 50.0
13:05:38.290 [FXGL Background Thread 3 ] DEBUG Engine               - platform: WINDOWS
13:05:38.290 [FXGL Background Thread 3 ] DEBUG Engine               - prefHeightProperty: ReadOnlyDoubleProperty [value: 800.0]
13:05:38.290 [FXGL Background Thread 3 ] DEBUG Engine               - prefWidthProperty: ReadOnlyDoubleProperty [value: 600.0]
13:05:38.290 [FXGL Background Thread 3 ] DEBUG Engine               - profileDir: profiles/
13:05:38.291 [FXGL Background Thread 3 ] DEBUG Engine               - profileName: StringProperty [value: DEFAULT]
13:05:38.291 [FXGL Background Thread 3 ] DEBUG Engine               - randomSeed: -1
13:05:38.291 [FXGL Background Thread 3 ] DEBUG Engine               - runtimeInfo: RuntimeInfo(platform=WINDOWS, version=17, build=31.12.2021 18.16)
13:05:38.291 [FXGL Background Thread 3 ] DEBUG Engine               - saveFileExt: sav
13:05:38.292 [FXGL Background Thread 3 ] DEBUG Engine               - scaledHeightProp$fxgl: DoubleProperty [bound, value: 800.0]
13:05:38.292 [FXGL Background Thread 3 ] DEBUG Engine               - scaledWidthProp$fxgl: DoubleProperty [bound, value: 600.0]
13:05:38.292 [FXGL Background Thread 3 ] DEBUG Engine               - sceneFactory: com.almasb.fxgl.app.scene.SceneFactory@8dd9920
13:05:38.292 [FXGL Background Thread 3 ] DEBUG Engine               - secondsIn24h: 60
13:05:38.292 [FXGL Background Thread 3 ] DEBUG Engine               - soundMenuBack: menu/back.wav
13:05:38.293 [FXGL Background Thread 3 ] DEBUG Engine               - soundMenuPress: menu/press.wav
13:05:38.293 [FXGL Background Thread 3 ] DEBUG Engine               - soundMenuSelect: menu/select.wav
13:05:38.293 [FXGL Background Thread 3 ] DEBUG Engine               - soundNotification: core/notification.wav
13:05:38.293 [FXGL Background Thread 3 ] DEBUG Engine               - stageStyle: DECORATED
13:05:38.293 [FXGL Background Thread 3 ] DEBUG Engine               - supportedLanguages: [ENGLISH, FRENCH, GERMAN, HUNGARIAN, RUSSIAN]
13:05:38.293 [FXGL Background Thread 3 ] DEBUG Engine               - ticksPerSecond: -1
13:05:38.293 [FXGL Background Thread 3 ] DEBUG Engine               - title: Dinosaur Exploder
13:05:38.294 [FXGL Background Thread 3 ] DEBUG Engine               - urlGithub: https://github.com/AlmasB/FXGL
13:05:38.294 [FXGL Background Thread 3 ] DEBUG Engine               - urlLeaderboard: http://fxgl-top.herokuapp.com/
13:05:38.294 [FXGL Background Thread 3 ] DEBUG Engine               - urlPOM: https://raw.githubusercontent.com/AlmasB/FXGL/release/README.md
13:05:38.294 [FXGL Background Thread 3 ] DEBUG Engine               - userAppClass: class com.dinosaur.dinosaurexploder.DinosaurApp
13:05:38.294 [FXGL Background Thread 3 ] DEBUG Engine               - version: 1.0
13:05:38.295 [FXGL Background Thread 3 ] DEBUG Engine               - versionCheckDays: 7
13:05:38.295 [FXGL Background Thread 3 ] DEBUG Engine               - width: 600
13:05:38.295 [FXGL Background Thread 3 ] DEBUG Engine               - Logging services
13:05:38.295 [FXGL Background Thread 3 ] DEBUG Engine               - class com.almasb.fxgl.app.services.FXGLAssetLoaderService
13:05:38.295 [FXGL Background Thread 3 ] DEBUG Engine               - class com.almasb.fxgl.app.FXGLApplication$GameApplicationService
13:05:38.295 [FXGL Background Thread 3 ] DEBUG Engine               - class com.almasb.fxgl.app.services.FXGLDialogService
13:05:38.295 [FXGL Background Thread 3 ] DEBUG Engine               - class com.almasb.fxgl.app.services.IOTaskExecutorService
13:05:38.295 [FXGL Background Thread 3 ] DEBUG Engine               - class com.almasb.fxgl.io.FileSystemService
13:05:38.296 [FXGL Background Thread 3 ] DEBUG Engine               - class com.almasb.fxgl.localization.LocalizationService
13:05:38.296 [FXGL Background Thread 3 ] DEBUG Engine               - class com.almasb.fxgl.app.services.SystemBundleService
13:05:38.296 [FXGL Background Thread 3 ] DEBUG Engine               - class com.almasb.fxgl.profile.SaveLoadService
13:05:38.296 [FXGL Background Thread 3 ] DEBUG Engine               - class com.almasb.fxgl.ui.FXGLUIFactoryServiceProvider
13:05:38.296 [FXGL Background Thread 3 ] DEBUG Engine               - class com.almasb.fxgl.ui.FXGLDialogFactoryServiceProvider
13:05:38.296 [FXGL Background Thread 3 ] DEBUG Engine               - class com.almasb.fxgl.audio.AudioPlayer
13:05:38.296 [FXGL Background Thread 3 ] DEBUG Engine               - class com.almasb.fxgl.notification.impl.NotificationServiceProvider
13:05:38.296 [FXGL Background Thread 3 ] DEBUG Engine               - class com.almasb.fxgl.achievement.AchievementService
13:05:38.296 [FXGL Background Thread 3 ] DEBUG Engine               - class com.almasb.fxgl.cutscene.CutsceneService
13:05:38.297 [FXGL Background Thread 3 ] DEBUG Engine               - class com.almasb.fxgl.minigames.MiniGameService
13:05:38.297 [FXGL Background Thread 3 ] DEBUG Engine               - class com.almasb.fxgl.net.NetService
13:05:38.297 [FXGL Background Thread 3 ] DEBUG Engine               - class com.almasb.fxgl.app.services.UpdaterService
13:05:38.297 [FXGL Background Thread 3 ] DEBUG Engine               - class com.almasb.fxgl.dev.DevService
13:07:58.135 [JavaFX Application Thread] DEBUG FXGLApplication      - Exiting FXGL
13:07:58.135 [JavaFX Application Thread] DEBUG LoopRunner           - Stopping loop
13:07:58.135 [JavaFX Application Thread] DEBUG SystemBundleService  - Saving FXGL system data
13:07:58.147 [JavaFX Application Thread] DEBUG FileSystemAccess     - Writing to: C:\Users\Pepito\Documents\OpSoPr\project\dinosaur-exploder\system\fxgl.bundle
13:07:58.149 [JavaFX Application Thread] DEBUG Async                - Shutting down background threads
13:07:58.149 [JavaFX Application Thread] DEBUG PrimaryStageWindow   - Closing main window
13:07:58.160 [JavaFX Application Thread] DEBUG Logger               - Closing Logger
