20:33:26.581 [main                     ] DEBUG Logger               - Configured Logger
20:33:26.635 [main                     ] DEBUG GameApplication      - Logging settings
Title: Dinosaur Exploder
Version: 1.0
Width: 600
Height: 800
Fullscreen: false
Intro: false
Profiling: false
Single step:false
App Mode: DEVELOPER
Menu Key: ESCAPE
Stage Style: DECORATED
Scene Factory: class com.almasb.fxgl.app.scene.SceneFactory

20:33:27.149 [JavaFX Application Thread] DEBUG FXGLApplication      - Initializing FXGL
20:33:27.157 [JavaFX Application Thread] INFO  Engine               - FXGL-17 (31.12.2021 18.16) on WINDOWS (J:17.0.2 FX:17.0.1)
20:33:27.157 [JavaFX Application Thread] DEBUG Engine               - JRE Vendor Name: Oracle Corporation
20:33:27.158 [JavaFX Application Thread] DEBUG Engine               - Running on OS: Windows 10 version 10.0
20:33:27.158 [JavaFX Application Thread] DEBUG Engine               - Architecture: amd64
20:33:27.158 [JavaFX Application Thread] INFO  Engine               - Source code and latest versions at: https://github.com/AlmasB/FXGL
20:33:27.158 [JavaFX Application Thread] INFO  Engine               -       Ask questions and discuss at: https://github.com/AlmasB/FXGL/discussions
20:33:27.159 [JavaFX Application Thread] INFO  Engine               -              Join the FXGL chat at: https://gitter.im/AlmasB/FXGL
20:33:27.295 [JavaFX Application Thread] DEBUG PrimaryStageWindow   - Creating a JavaFX scene
20:33:27.358 [JavaFX Application Thread] DEBUG PrimaryStageWindow   - Target settings size: 600.0 x 800.0
20:33:27.359 [JavaFX Application Thread] DEBUG PrimaryStageWindow   - Scaled scene size:    600.0 x 800.0
20:33:27.359 [JavaFX Application Thread] DEBUG PrimaryStageWindow   - Scaled ratio: (1.0, 1.0)
20:33:27.361 [JavaFX Application Thread] DEBUG PrimaryStageWindow   - Set initial scene to FXGLStartupScene
20:33:27.370 [JavaFX Application Thread] DEBUG PrimaryStageWindow   - Opening main window
20:33:27.481 [JavaFX Application Thread] DEBUG PrimaryStageWindow   - Window border size: (14.66668701171875, 37.33331298828125)
20:33:27.481 [JavaFX Application Thread] DEBUG PrimaryStageWindow   - Scaled size: 600.0 x 800.0
20:33:27.482 [JavaFX Application Thread] DEBUG PrimaryStageWindow   - Scaled ratio: (1.0, 1.0)
20:33:27.482 [JavaFX Application Thread] DEBUG PrimaryStageWindow   - Scene size: 600.0 x 800.0
20:33:27.483 [JavaFX Application Thread] DEBUG PrimaryStageWindow   - Stage size: 614.6666870117188 x 837.3333129882812
20:33:27.493 [FXGL Background Thread 1 ] DEBUG Engine               - Initializing environment variables
20:33:27.547 [FXGL Background Thread 1 ] DEBUG FXGLAssetLoaderServi - User app class for loading assets: class com.dinosaur.dinosaurexploder.DinosaurApp
20:33:27.548 [FXGL Background Thread 1 ] DEBUG GameApplicationServi - Applying CSS: fxgl_dark.css
20:33:27.549 [FXGL Background Thread 1 ] DEBUG FXGLAssetLoaderServi - Loading from file system: jar:file:///C:/Users/Pepito/.m2/repository/com/github/almasb/fxgl/17/fxgl-17.jar!/fxglassets/ui/css/fxgl_dark.css
20:33:27.623 [FXGL Background Thread 1 ] DEBUG GameApplicationServi - Initializing application scenes
20:33:27.713 [FXGL Background Thread 1 ] DEBUG GameWorld            - Game world initialized
20:33:27.808 [FXGL Background Thread 1 ] DEBUG PhysicsWorld         - Physics world initialized: appHeight=800, physics.ppm=50.0
20:33:27.808 [FXGL Background Thread 1 ] DEBUG PhysicsWorld         - Using strategy: BRUTE_FORCE
20:33:27.815 [FXGL Background Thread 1 ] DEBUG GameScene            - Game scene initialized: 600x800
20:33:27.832 [FXGL Background Thread 1 ] WARN  FXGL.DefaultMenu     - FXGLDefaultMenu is not designed for resolutions < 800x600
20:33:27.832 [FXGL Background Thread 1 ] DEBUG FXGL.DefaultMenu     - createMenuBodyGameMenu()
20:33:27.851 [FXGL Background Thread 1 ] DEBUG FXGL.DefaultMenu     - createOptionsMenu()
20:33:27.868 [FXGL Background Thread 1 ] DEBUG FXGLAssetLoaderServi - Loading from file system: jar:file:///C:/Users/Pepito/.m2/repository/com/github/almasb/fxgl/17/fxgl-17.jar!/fxglassets/textures/particles/smoke.png
20:33:27.998 [FXGL Background Thread 1 ] DEBUG FXGLAssetLoaderServi - Loading from file system: jar:file:///C:/Users/Pepito/.m2/repository/com/github/almasb/fxgl/17/fxgl-17.jar!/fxglassets/textures/particles/trace_horizontal.png
20:33:28.045 [FXGL Background Thread 1 ] DEBUG GameApplicationServi - Application scenes initialized
20:33:28.061 [FXGL Background Thread 1 ] DEBUG SystemBundleService  - Loading FXGL system data
20:33:28.067 [FXGL Background Thread 1 ] DEBUG FileSystemAccess     - Reading from: C:\Users\Pepito\Documents\OpSoPr\project\dinosaur-exploder\system\fxgl.bundle
20:33:28.076 [FXGL Background Thread 1 ] DEBUG SystemBundleService  - Bundle FXGL: {}
20:33:28.077 [FXGL Background Thread 1 ] DEBUG UpdaterService       - Checking for updates
20:33:28.082 [FXGL Background Thread 4 ] DEBUG FXGLApplication      - Loading fonts
20:33:28.082 [FXGL Background Thread 1 ] DEBUG FXGLApplication      - Loading default localization
20:33:28.082 [FXGL Background Thread 4 ] DEBUG FXGLAssetLoaderServi - Loading from file system: jar:file:///C:/Users/Pepito/.m2/repository/com/github/almasb/fxgl/17/fxgl-17.jar!/fxglassets/ui/fonts/VarelaRound-Regular.ttf
20:33:28.083 [FXGL Background Thread 1 ] DEBUG FXGLAssetLoaderServi - Loading from file system: jar:file:///C:/Users/Pepito/.m2/repository/com/github/almasb/fxgl/17/fxgl-17.jar!/fxglassets/languages/english.lang
20:33:28.110 [FXGL Background Thread 1 ] INFO  FXGLApplication      - FXGL initialization took: 0.617 sec
20:33:28.130 [JavaFX Application Thread] DEBUG Input                - Registered new binding: action0 - Up
20:33:28.131 [JavaFX Application Thread] DEBUG Input                - Registered new binding: action1 - Down
20:33:28.132 [JavaFX Application Thread] DEBUG Input                - Registered new binding: action2 - Left
20:33:28.133 [JavaFX Application Thread] DEBUG Input                - Registered new binding: action3 - Right
20:33:28.134 [JavaFX Application Thread] DEBUG Input                - Registered new binding: action4 - Space
20:33:28.135 [JavaFX Application Thread] DEBUG FXGLAssetLoaderServi - Loading from file system: jar:file:///C:/Users/Pepito/.m2/repository/com/github/almasb/fxgl/17/fxgl-17.jar!/fxglassets/textures/fxgl_icon.png
20:33:28.169 [JavaFX Application Thread] DEBUG FXGLAssetLoaderServi - Loading from file system: jar:file:///C:/Users/Pepito/.m2/repository/com/github/almasb/fxgl/17/fxgl-17.jar!/fxglassets/textures/fxgl_default_cursor.png
20:33:28.173 [JavaFX Application Thread] DEBUG Input                - Registered new binding: Screenshot - CTRL+8
20:33:28.176 [JavaFX Application Thread] DEBUG Input                - Registered new binding: System info dump - CTRL+9
20:33:28.177 [JavaFX Application Thread] DEBUG Input                - Registered new binding: Restart - CTRL+R
20:33:28.179 [JavaFX Application Thread] DEBUG Input                - Registered new binding: Toggle Debug Camera - CTRL+7
20:33:28.182 [JavaFX Application Thread] DEBUG LoopRunner           - Starting loop
20:33:28.183 [JavaFX Application Thread] DEBUG LoopRunner           - Initializing JavaFX AnimationTimerLoop
20:33:28.185 [JavaFX Application Thread] DEBUG GameApplicationServi - Starting new game
20:33:28.185 [JavaFX Application Thread] DEBUG Input                - Clearing active input actions
20:33:28.205 [FXGL Background Thread 4 ] DEBUG FXGLAssetLoaderServi - Loading from file system: jar:file:///C:/Users/Pepito/.m2/repository/com/github/almasb/fxgl/17/fxgl-17.jar!/fxglassets/ui/fonts/Abel-Regular.ttf
20:33:28.209 [JavaFX Application Thread] DEBUG GameApplicationServi - Removing overlay from FXGLStartupScene and adding to FXGLLoadingScene
20:33:28.210 [JavaFX Application Thread] DEBUG PrimaryStageWindow   - FXGLStartupScene -> FXGLLoadingScene
20:33:28.211 [JavaFX Application Thread] DEBUG GameApplicationServi - Clearing previous game
20:33:28.211 [JavaFX Application Thread] DEBUG GameScene            - Clearing game scene
20:33:28.212 [JavaFX Application Thread] DEBUG GameWorld            - Clearing game world
20:33:28.212 [JavaFX Application Thread] DEBUG PhysicsWorld         - Clearing physics world
20:33:28.212 [FXGL Background Thread 4 ] DEBUG FXGLAssetLoaderServi - Loading from file system: jar:file:///C:/Users/Pepito/.m2/repository/com/github/almasb/fxgl/17/fxgl-17.jar!/fxglassets/ui/fonts/TerminalLandMono-Regular.otf
20:33:28.215 [FXGL Background Thread 1 ] DEBUG FXGLApplication      - Initializing game
20:33:28.219 [FXGL Background Thread 4 ] DEBUG FXGLAssetLoaderServi - Loading from file system: jar:file:///C:/Users/Pepito/.m2/repository/com/github/almasb/fxgl/17/fxgl-17.jar!/fxglassets/ui/fonts/Courier-Prime.ttf
20:33:28.238 [FXGL Background Thread 1 ] DEBUG FXGLAssetLoaderServi - Loading from file system: file:/C:/Users/Pepito/Documents/OpSoPr/project/dinosaur-exploder/target/classes/assets/textures/background.png
20:33:28.280 [JavaFX Application Thread] DEBUG FXGLApplication      - Registering font factories with UI factory
20:33:28.583 [FXGL Background Thread 1 ] DEBUG FXGLAssetLoaderServi - Loading from file system: file:/C:/Users/Pepito/Documents/OpSoPr/project/dinosaur-exploder/target/classes/assets/textures/spaceship.png
20:33:28.602 [FXGL Background Thread 1 ] DEBUG FXGLAssetLoaderServi - Loading from file system: file:/C:/Users/Pepito/Documents/OpSoPr/project/dinosaur-exploder/target/classes/assets/textures/greenDino.png
20:33:28.608 [FXGL Background Thread 1 ] INFO  FXGLApplication      - Game initialization took: 0.392 sec
20:33:28.609 [JavaFX Application Thread] DEBUG Input                - Clearing active input actions
20:33:28.624 [JavaFX Application Thread] DEBUG GameApplicationServi - Removing overlay from FXGLLoadingScene and adding to GameScene
20:33:28.625 [JavaFX Application Thread] DEBUG PrimaryStageWindow   - FXGLLoadingScene -> GameScene
20:33:29.568 [JavaFX Application Thread] DEBUG FXGLAssetLoaderServi - Loading from file system: file:/C:/Users/Pepito/Documents/OpSoPr/project/dinosaur-exploder/target/classes/assets/textures/basicProjectile.png
20:33:31.082 [FXGL Background Thread 3 ] DEBUG Engine               - Logging environment variables
20:33:31.083 [FXGL Background Thread 3 ] DEBUG Engine               - achievements: []
20:33:31.084 [FXGL Background Thread 3 ] DEBUG Engine               - actualHeight: 800.0
20:33:31.084 [FXGL Background Thread 3 ] DEBUG Engine               - actualHeightProperty: ReadOnlyDoubleProperty [value: 800.0]
20:33:31.085 [FXGL Background Thread 3 ] DEBUG Engine               - actualWidth: 600.0
20:33:31.089 [FXGL Background Thread 3 ] DEBUG Engine               - actualWidthProperty: ReadOnlyDoubleProperty [value: 600.0]
20:33:31.091 [FXGL Background Thread 3 ] DEBUG Engine               - appIcon: fxgl_icon.png
20:33:31.091 [FXGL Background Thread 3 ] DEBUG Engine               - applicationMode: DEVELOPER
20:33:31.091 [FXGL Background Thread 3 ] DEBUG Engine               - cSSList: [fxgl_dark.css]
20:33:31.092 [FXGL Background Thread 3 ] DEBUG Engine               - collisionDetectionStrategy: BRUTE_FORCE
20:33:31.092 [FXGL Background Thread 3 ] DEBUG Engine               - configClass: Optional.empty
20:33:31.092 [FXGL Background Thread 3 ] DEBUG Engine               - credits: []
20:33:31.095 [FXGL Background Thread 3 ] DEBUG Engine               - defaultCursor: CursorInfo(imageName=fxgl_default_cursor.png, hotspotX=7.0, hotspotY=6.0)
20:33:31.096 [FXGL Background Thread 3 ] DEBUG Engine               - devBBoxColorProperty: ObjectProperty [value: 0xff0000ff]
20:33:31.096 [FXGL Background Thread 3 ] DEBUG Engine               - devEnableDebugCameraProperty: BooleanProperty [value: false]
20:33:31.097 [FXGL Background Thread 3 ] DEBUG Engine               - devSensorColorProperty: ObjectProperty [value: 0xffff00ff]
20:33:31.097 [FXGL Background Thread 3 ] DEBUG Engine               - devShowBBoxProperty: BooleanProperty [value: false]
20:33:31.098 [FXGL Background Thread 3 ] DEBUG Engine               - devShowPositionProperty: BooleanProperty [value: false]
20:33:31.098 [FXGL Background Thread 3 ] DEBUG Engine               - enabledMenuItems: []
20:33:31.098 [FXGL Background Thread 3 ] DEBUG Engine               - engineServices: [class com.almasb.fxgl.app.services.FXGLAssetLoaderService, class com.almasb.fxgl.app.FXGLApplication$GameApplicationService, class com.almasb.fxgl.app.services.FXGLDialogService, class com.almasb.fxgl.app.services.IOTaskExecutorService, class com.almasb.fxgl.io.FileSystemService, class com.almasb.fxgl.localization.LocalizationService, class com.almasb.fxgl.app.services.SystemBundleService, class com.almasb.fxgl.profile.SaveLoadService, class com.almasb.fxgl.ui.FXGLUIFactoryServiceProvider, class com.almasb.fxgl.ui.FXGLDialogFactoryServiceProvider, class com.almasb.fxgl.audio.AudioPlayer, class com.almasb.fxgl.notification.impl.NotificationServiceProvider, class com.almasb.fxgl.achievement.AchievementService, class com.almasb.fxgl.cutscene.CutsceneService, class com.almasb.fxgl.minigames.MiniGameService, class com.almasb.fxgl.net.NetService, class com.almasb.fxgl.app.services.UpdaterService, class com.almasb.fxgl.dev.DevService]
20:33:31.099 [FXGL Background Thread 3 ] DEBUG Engine               - fontGame: Abel-Regular.ttf
20:33:31.099 [FXGL Background Thread 3 ] DEBUG Engine               - fontMono: TerminalLandMono-Regular.otf
20:33:31.099 [FXGL Background Thread 3 ] DEBUG Engine               - fontText: Courier-Prime.ttf
20:33:31.099 [FXGL Background Thread 3 ] DEBUG Engine               - fontUI: VarelaRound-Regular.ttf
20:33:31.100 [FXGL Background Thread 3 ] DEBUG Engine               - fullScreen: BooleanProperty [value: false]
20:33:31.100 [FXGL Background Thread 3 ] DEBUG Engine               - gameDifficulty: MEDIUM
20:33:31.100 [FXGL Background Thread 3 ] DEBUG Engine               - gameDifficultyProperty: ObjectProperty [value: MEDIUM]
20:33:31.100 [FXGL Background Thread 3 ] DEBUG Engine               - globalMusicVolume: 0.5
20:33:31.100 [FXGL Background Thread 3 ] DEBUG Engine               - globalMusicVolumeProperty: DoubleProperty [value: 0.5]
20:33:31.100 [FXGL Background Thread 3 ] DEBUG Engine               - globalSoundVolume: 0.5
20:33:31.100 [FXGL Background Thread 3 ] DEBUG Engine               - globalSoundVolumeProperty: DoubleProperty [value: 0.5]
20:33:31.101 [FXGL Background Thread 3 ] DEBUG Engine               - height: 800
20:33:31.101 [FXGL Background Thread 3 ] DEBUG Engine               - is3D: false
20:33:31.101 [FXGL Background Thread 3 ] DEBUG Engine               - isAndroid: false
20:33:31.101 [FXGL Background Thread 3 ] DEBUG Engine               - isBrowser: false
20:33:31.101 [FXGL Background Thread 3 ] DEBUG Engine               - isClickFeedbackEnabled: false
20:33:31.101 [FXGL Background Thread 3 ] DEBUG Engine               - isCloseConfirmation: false
20:33:31.102 [FXGL Background Thread 3 ] DEBUG Engine               - isDesktop: true
20:33:31.102 [FXGL Background Thread 3 ] DEBUG Engine               - isDeveloperMenuEnabled: false
20:33:31.102 [FXGL Background Thread 3 ] DEBUG Engine               - isEmbedded: false
20:33:31.102 [FXGL Background Thread 3 ] DEBUG Engine               - isEntityPreloadEnabled: true
20:33:31.102 [FXGL Background Thread 3 ] DEBUG Engine               - isExperimentalTiledLargeMap: false
20:33:31.102 [FXGL Background Thread 3 ] DEBUG Engine               - isFileSystemWriteAllowed: true
20:33:31.103 [FXGL Background Thread 3 ] DEBUG Engine               - isFullScreenAllowed: false
20:33:31.103 [FXGL Background Thread 3 ] DEBUG Engine               - isFullScreenFromStart: false
20:33:31.103 [FXGL Background Thread 3 ] DEBUG Engine               - isGameMenuEnabled: true
20:33:31.103 [FXGL Background Thread 3 ] DEBUG Engine               - isIOS: false
20:33:31.104 [FXGL Background Thread 3 ] DEBUG Engine               - isIntroEnabled: false
20:33:31.104 [FXGL Background Thread 3 ] DEBUG Engine               - isLinux: false
20:33:31.105 [FXGL Background Thread 3 ] DEBUG Engine               - isMac: false
20:33:31.105 [FXGL Background Thread 3 ] DEBUG Engine               - isMainMenuEnabled: false
20:33:31.105 [FXGL Background Thread 3 ] DEBUG Engine               - isManualResizeEnabled: false
20:33:31.106 [FXGL Background Thread 3 ] DEBUG Engine               - isMobile: false
20:33:31.106 [FXGL Background Thread 3 ] DEBUG Engine               - isNative: false
20:33:31.106 [FXGL Background Thread 3 ] DEBUG Engine               - isPauseMusicWhenMinimized: true
20:33:31.106 [FXGL Background Thread 3 ] DEBUG Engine               - isPreserveResizeRatio: false
20:33:31.106 [FXGL Background Thread 3 ] DEBUG Engine               - isProfilingEnabled: false
20:33:31.106 [FXGL Background Thread 3 ] DEBUG Engine               - isScaleAffectedOnResize: true
20:33:31.106 [FXGL Background Thread 3 ] DEBUG Engine               - isSingleStep: false
20:33:31.106 [FXGL Background Thread 3 ] DEBUG Engine               - isUserProfileEnabled: false
20:33:31.107 [FXGL Background Thread 3 ] DEBUG Engine               - isWindows: true
20:33:31.107 [FXGL Background Thread 3 ] DEBUG Engine               - language: ObjectProperty [value: ENGLISH]
20:33:31.107 [FXGL Background Thread 3 ] DEBUG Engine               - menuKey: ESCAPE
20:33:31.107 [FXGL Background Thread 3 ] DEBUG Engine               - mouseSensitivity: 0.2
20:33:31.107 [FXGL Background Thread 3 ] DEBUG Engine               - notificationViewClass: class com.almasb.fxgl.notification.view.XboxNotificationView
20:33:31.107 [FXGL Background Thread 3 ] DEBUG Engine               - pixelsPerMeter: 50.0
20:33:31.107 [FXGL Background Thread 3 ] DEBUG Engine               - platform: WINDOWS
20:33:31.107 [FXGL Background Thread 3 ] DEBUG Engine               - prefHeightProperty: ReadOnlyDoubleProperty [value: 800.0]
20:33:31.108 [FXGL Background Thread 3 ] DEBUG Engine               - prefWidthProperty: ReadOnlyDoubleProperty [value: 600.0]
20:33:31.108 [FXGL Background Thread 3 ] DEBUG Engine               - profileDir: profiles/
20:33:31.108 [FXGL Background Thread 3 ] DEBUG Engine               - profileName: StringProperty [value: DEFAULT]
20:33:31.108 [FXGL Background Thread 3 ] DEBUG Engine               - randomSeed: -1
20:33:31.109 [FXGL Background Thread 3 ] DEBUG Engine               - runtimeInfo: RuntimeInfo(platform=WINDOWS, version=17, build=31.12.2021 18.16)
20:33:31.109 [FXGL Background Thread 3 ] DEBUG Engine               - saveFileExt: sav
20:33:31.109 [FXGL Background Thread 3 ] DEBUG Engine               - scaledHeightProp$fxgl: DoubleProperty [bound, value: 800.0]
20:33:31.109 [FXGL Background Thread 3 ] DEBUG Engine               - scaledWidthProp$fxgl: DoubleProperty [bound, value: 600.0]
20:33:31.109 [FXGL Background Thread 3 ] DEBUG Engine               - sceneFactory: com.almasb.fxgl.app.scene.SceneFactory@351204cc
20:33:31.109 [FXGL Background Thread 3 ] DEBUG Engine               - secondsIn24h: 60
20:33:31.110 [FXGL Background Thread 3 ] DEBUG Engine               - soundMenuBack: menu/back.wav
20:33:31.110 [FXGL Background Thread 3 ] DEBUG Engine               - soundMenuPress: menu/press.wav
20:33:31.110 [FXGL Background Thread 3 ] DEBUG Engine               - soundMenuSelect: menu/select.wav
20:33:31.110 [FXGL Background Thread 3 ] DEBUG Engine               - soundNotification: core/notification.wav
20:33:31.110 [FXGL Background Thread 3 ] DEBUG Engine               - stageStyle: DECORATED
20:33:31.110 [FXGL Background Thread 3 ] DEBUG Engine               - supportedLanguages: [ENGLISH, FRENCH, GERMAN, HUNGARIAN, RUSSIAN]
20:33:31.110 [FXGL Background Thread 3 ] DEBUG Engine               - ticksPerSecond: -1
20:33:31.110 [FXGL Background Thread 3 ] DEBUG Engine               - title: Dinosaur Exploder
20:33:31.110 [FXGL Background Thread 3 ] DEBUG Engine               - urlGithub: https://github.com/AlmasB/FXGL
20:33:31.110 [FXGL Background Thread 3 ] DEBUG Engine               - urlLeaderboard: http://fxgl-top.herokuapp.com/
20:33:31.110 [FXGL Background Thread 3 ] DEBUG Engine               - urlPOM: https://raw.githubusercontent.com/AlmasB/FXGL/release/README.md
20:33:31.111 [FXGL Background Thread 3 ] DEBUG Engine               - userAppClass: class com.dinosaur.dinosaurexploder.DinosaurApp
20:33:31.111 [FXGL Background Thread 3 ] DEBUG Engine               - version: 1.0
20:33:31.111 [FXGL Background Thread 3 ] DEBUG Engine               - versionCheckDays: 7
20:33:31.111 [FXGL Background Thread 3 ] DEBUG Engine               - width: 600
20:33:31.111 [FXGL Background Thread 3 ] DEBUG Engine               - Logging services
20:33:31.111 [FXGL Background Thread 3 ] DEBUG Engine               - class com.almasb.fxgl.app.services.FXGLAssetLoaderService
20:33:31.111 [FXGL Background Thread 3 ] DEBUG Engine               - class com.almasb.fxgl.app.FXGLApplication$GameApplicationService
20:33:31.111 [FXGL Background Thread 3 ] DEBUG Engine               - class com.almasb.fxgl.app.services.FXGLDialogService
20:33:31.111 [FXGL Background Thread 3 ] DEBUG Engine               - class com.almasb.fxgl.app.services.IOTaskExecutorService
20:33:31.111 [FXGL Background Thread 3 ] DEBUG Engine               - class com.almasb.fxgl.io.FileSystemService
20:33:31.112 [FXGL Background Thread 3 ] DEBUG Engine               - class com.almasb.fxgl.localization.LocalizationService
20:33:31.112 [FXGL Background Thread 3 ] DEBUG Engine               - class com.almasb.fxgl.app.services.SystemBundleService
20:33:31.112 [FXGL Background Thread 3 ] DEBUG Engine               - class com.almasb.fxgl.profile.SaveLoadService
20:33:31.112 [FXGL Background Thread 3 ] DEBUG Engine               - class com.almasb.fxgl.ui.FXGLUIFactoryServiceProvider
20:33:31.112 [FXGL Background Thread 3 ] DEBUG Engine               - class com.almasb.fxgl.ui.FXGLDialogFactoryServiceProvider
20:33:31.112 [FXGL Background Thread 3 ] DEBUG Engine               - class com.almasb.fxgl.audio.AudioPlayer
20:33:31.112 [FXGL Background Thread 3 ] DEBUG Engine               - class com.almasb.fxgl.notification.impl.NotificationServiceProvider
20:33:31.112 [FXGL Background Thread 3 ] DEBUG Engine               - class com.almasb.fxgl.achievement.AchievementService
20:33:31.112 [FXGL Background Thread 3 ] DEBUG Engine               - class com.almasb.fxgl.cutscene.CutsceneService
20:33:31.112 [FXGL Background Thread 3 ] DEBUG Engine               - class com.almasb.fxgl.minigames.MiniGameService
20:33:31.112 [FXGL Background Thread 3 ] DEBUG Engine               - class com.almasb.fxgl.net.NetService
20:33:31.112 [FXGL Background Thread 3 ] DEBUG Engine               - class com.almasb.fxgl.app.services.UpdaterService
20:33:31.113 [FXGL Background Thread 3 ] DEBUG Engine               - class com.almasb.fxgl.dev.DevService
20:33:32.362 [JavaFX Application Thread] DEBUG FXGLApplication      - Exiting FXGL
20:33:32.362 [JavaFX Application Thread] DEBUG LoopRunner           - Stopping loop
20:33:32.362 [JavaFX Application Thread] DEBUG SystemBundleService  - Saving FXGL system data
20:33:32.365 [JavaFX Application Thread] DEBUG FileSystemAccess     - Writing to: C:\Users\Pepito\Documents\OpSoPr\project\dinosaur-exploder\system\fxgl.bundle
20:33:32.367 [JavaFX Application Thread] DEBUG Async                - Shutting down background threads
20:33:32.367 [JavaFX Application Thread] DEBUG PrimaryStageWindow   - Closing main window
20:33:32.381 [JavaFX Application Thread] DEBUG Logger               - Closing Logger
