20:42:46.410 [main                     ] DEBUG Logger               - Configured Logger
20:42:46.434 [main                     ] DEBUG GameApplication      - Logging settings
Title: Dinosaur Exploder
Version: 1.0
Width: 600
Height: 800
Fullscreen: false
Intro: false
Profiling: false
Single step:false
App Mode: DEVELOPER
Menu Key: ESCAPE
Stage Style: DECORATED
Scene Factory: class com.almasb.fxgl.app.scene.SceneFactory

20:42:46.674 [JavaFX Application Thread] DEBUG FXGLApplication      - Initializing FXGL
20:42:46.677 [JavaFX Application Thread] INFO  Engine               - FXGL-17 (31.12.2021 18.16) on WINDOWS (J:17.0.2 FX:17.0.1)
20:42:46.678 [JavaFX Application Thread] DEBUG Engine               - JRE Vendor Name: Oracle Corporation
20:42:46.678 [JavaFX Application Thread] DEBUG Engine               - Running on OS: Windows 10 version 10.0
20:42:46.678 [JavaFX Application Thread] DEBUG Engine               - Architecture: amd64
20:42:46.678 [JavaFX Application Thread] INFO  Engine               - Source code and latest versions at: https://github.com/AlmasB/FXGL
20:42:46.678 [JavaFX Application Thread] INFO  Engine               -       Ask questions and discuss at: https://github.com/AlmasB/FXGL/discussions
20:42:46.678 [JavaFX Application Thread] INFO  Engine               -              Join the FXGL chat at: https://gitter.im/AlmasB/FXGL
20:42:46.737 [JavaFX Application Thread] DEBUG PrimaryStageWindow   - Creating a JavaFX scene
20:42:46.767 [JavaFX Application Thread] DEBUG PrimaryStageWindow   - Target settings size: 600.0 x 800.0
20:42:46.767 [JavaFX Application Thread] DEBUG PrimaryStageWindow   - Scaled scene size:    600.0 x 800.0
20:42:46.767 [JavaFX Application Thread] DEBUG PrimaryStageWindow   - Scaled ratio: (1.0, 1.0)
20:42:46.768 [JavaFX Application Thread] DEBUG PrimaryStageWindow   - Set initial scene to FXGLStartupScene
20:42:46.772 [JavaFX Application Thread] DEBUG PrimaryStageWindow   - Opening main window
20:42:46.827 [JavaFX Application Thread] DEBUG PrimaryStageWindow   - Window border size: (14.66668701171875, 37.33331298828125)
20:42:46.827 [JavaFX Application Thread] DEBUG PrimaryStageWindow   - Scaled size: 600.0 x 800.0
20:42:46.827 [JavaFX Application Thread] DEBUG PrimaryStageWindow   - Scaled ratio: (1.0, 1.0)
20:42:46.827 [JavaFX Application Thread] DEBUG PrimaryStageWindow   - Scene size: 600.0 x 800.0
20:42:46.827 [JavaFX Application Thread] DEBUG PrimaryStageWindow   - Stage size: 614.6666870117188 x 837.3333129882812
20:42:46.832 [FXGL Background Thread 1 ] DEBUG Engine               - Initializing environment variables
20:42:46.857 [FXGL Background Thread 1 ] DEBUG FXGLAssetLoaderServi - User app class for loading assets: class com.dinosaur.dinosaurexploder.DinosaurApp
20:42:46.858 [FXGL Background Thread 1 ] DEBUG GameApplicationServi - Applying CSS: fxgl_dark.css
20:42:46.859 [FXGL Background Thread 1 ] DEBUG FXGLAssetLoaderServi - Loading from file system: jar:file:///C:/Users/Pepito/.m2/repository/com/github/almasb/fxgl/17/fxgl-17.jar!/fxglassets/ui/css/fxgl_dark.css
20:42:46.892 [FXGL Background Thread 1 ] DEBUG GameApplicationServi - Initializing application scenes
20:42:46.919 [FXGL Background Thread 1 ] DEBUG GameWorld            - Game world initialized
20:42:46.959 [FXGL Background Thread 1 ] DEBUG PhysicsWorld         - Physics world initialized: appHeight=800, physics.ppm=50.0
20:42:46.959 [FXGL Background Thread 1 ] DEBUG PhysicsWorld         - Using strategy: BRUTE_FORCE
20:42:46.963 [FXGL Background Thread 1 ] DEBUG GameScene            - Game scene initialized: 600x800
20:42:46.972 [FXGL Background Thread 1 ] WARN  FXGL.DefaultMenu     - FXGLDefaultMenu is not designed for resolutions < 800x600
20:42:46.972 [FXGL Background Thread 1 ] DEBUG FXGL.DefaultMenu     - createMenuBodyGameMenu()
20:42:46.982 [FXGL Background Thread 1 ] DEBUG FXGL.DefaultMenu     - createOptionsMenu()
20:42:46.990 [FXGL Background Thread 1 ] DEBUG FXGLAssetLoaderServi - Loading from file system: jar:file:///C:/Users/Pepito/.m2/repository/com/github/almasb/fxgl/17/fxgl-17.jar!/fxglassets/textures/particles/smoke.png
20:42:47.050 [FXGL Background Thread 1 ] DEBUG FXGLAssetLoaderServi - Loading from file system: jar:file:///C:/Users/Pepito/.m2/repository/com/github/almasb/fxgl/17/fxgl-17.jar!/fxglassets/textures/particles/trace_horizontal.png
20:42:47.072 [FXGL Background Thread 1 ] DEBUG GameApplicationServi - Application scenes initialized
20:42:47.079 [FXGL Background Thread 1 ] DEBUG SystemBundleService  - Loading FXGL system data
20:42:47.082 [FXGL Background Thread 1 ] DEBUG FileSystemAccess     - Reading from: C:\Users\Pepito\Documents\OpSoPr\project\dinosaur-exploder\system\fxgl.bundle
20:42:47.086 [FXGL Background Thread 1 ] DEBUG SystemBundleService  - Bundle FXGL: {}
20:42:47.087 [FXGL Background Thread 1 ] DEBUG UpdaterService       - Checking for updates
20:42:47.089 [FXGL Background Thread 4 ] DEBUG FXGLApplication      - Loading fonts
20:42:47.090 [FXGL Background Thread 1 ] DEBUG FXGLApplication      - Loading default localization
20:42:47.090 [FXGL Background Thread 4 ] DEBUG FXGLAssetLoaderServi - Loading from file system: jar:file:///C:/Users/Pepito/.m2/repository/com/github/almasb/fxgl/17/fxgl-17.jar!/fxglassets/ui/fonts/VarelaRound-Regular.ttf
20:42:47.090 [FXGL Background Thread 1 ] DEBUG FXGLAssetLoaderServi - Loading from file system: jar:file:///C:/Users/Pepito/.m2/repository/com/github/almasb/fxgl/17/fxgl-17.jar!/fxglassets/languages/english.lang
20:42:47.103 [FXGL Background Thread 1 ] INFO  FXGLApplication      - FXGL initialization took: 0.271 sec
20:42:47.111 [JavaFX Application Thread] DEBUG Input                - Registered new binding: action0 - Up
20:42:47.111 [JavaFX Application Thread] DEBUG Input                - Registered new binding: action1 - Down
20:42:47.111 [JavaFX Application Thread] DEBUG Input                - Registered new binding: action2 - Left
20:42:47.112 [JavaFX Application Thread] DEBUG Input                - Registered new binding: action3 - Right
20:42:47.112 [JavaFX Application Thread] DEBUG FXGLAssetLoaderServi - Loading from file system: jar:file:///C:/Users/Pepito/.m2/repository/com/github/almasb/fxgl/17/fxgl-17.jar!/fxglassets/textures/fxgl_icon.png
20:42:47.129 [JavaFX Application Thread] DEBUG FXGLAssetLoaderServi - Loading from file system: jar:file:///C:/Users/Pepito/.m2/repository/com/github/almasb/fxgl/17/fxgl-17.jar!/fxglassets/textures/fxgl_default_cursor.png
20:42:47.132 [JavaFX Application Thread] DEBUG Input                - Registered new binding: Screenshot - CTRL+8
20:42:47.132 [JavaFX Application Thread] DEBUG Input                - Registered new binding: System info dump - CTRL+9
20:42:47.133 [JavaFX Application Thread] DEBUG Input                - Registered new binding: Restart - CTRL+R
20:42:47.134 [JavaFX Application Thread] DEBUG Input                - Registered new binding: Toggle Debug Camera - CTRL+7
20:42:47.137 [JavaFX Application Thread] DEBUG LoopRunner           - Starting loop
20:42:47.137 [JavaFX Application Thread] DEBUG LoopRunner           - Initializing JavaFX AnimationTimerLoop
20:42:47.139 [JavaFX Application Thread] DEBUG GameApplicationServi - Starting new game
20:42:47.140 [JavaFX Application Thread] DEBUG Input                - Clearing active input actions
20:42:47.143 [FXGL Background Thread 4 ] DEBUG FXGLAssetLoaderServi - Loading from file system: jar:file:///C:/Users/Pepito/.m2/repository/com/github/almasb/fxgl/17/fxgl-17.jar!/fxglassets/ui/fonts/Abel-Regular.ttf
20:42:47.146 [FXGL Background Thread 4 ] DEBUG FXGLAssetLoaderServi - Loading from file system: jar:file:///C:/Users/Pepito/.m2/repository/com/github/almasb/fxgl/17/fxgl-17.jar!/fxglassets/ui/fonts/TerminalLandMono-Regular.otf
20:42:47.150 [FXGL Background Thread 4 ] DEBUG FXGLAssetLoaderServi - Loading from file system: jar:file:///C:/Users/Pepito/.m2/repository/com/github/almasb/fxgl/17/fxgl-17.jar!/fxglassets/ui/fonts/Courier-Prime.ttf
20:42:47.151 [JavaFX Application Thread] DEBUG GameApplicationServi - Removing overlay from FXGLStartupScene and adding to FXGLLoadingScene
20:42:47.151 [JavaFX Application Thread] DEBUG PrimaryStageWindow   - FXGLStartupScene -> FXGLLoadingScene
20:42:47.151 [JavaFX Application Thread] DEBUG GameApplicationServi - Clearing previous game
20:42:47.151 [JavaFX Application Thread] DEBUG GameScene            - Clearing game scene
20:42:47.152 [JavaFX Application Thread] DEBUG GameWorld            - Clearing game world
20:42:47.152 [JavaFX Application Thread] DEBUG PhysicsWorld         - Clearing physics world
20:42:47.154 [FXGL Background Thread 1 ] DEBUG FXGLApplication      - Initializing game
20:42:47.165 [FXGL Background Thread 1 ] DEBUG FXGLAssetLoaderServi - Loading from file system: file:/C:/Users/Pepito/Documents/OpSoPr/project/dinosaur-exploder/target/classes/assets/textures/spaceship.png
20:42:47.177 [FXGL Background Thread 1 ] INFO  FXGLApplication      - Game initialization took: 0.023 sec
20:42:47.183 [JavaFX Application Thread] DEBUG FXGLApplication      - Registering font factories with UI factory
20:42:47.185 [JavaFX Application Thread] DEBUG Input                - Clearing active input actions
20:42:47.191 [JavaFX Application Thread] DEBUG GameApplicationServi - Removing overlay from FXGLLoadingScene and adding to GameScene
20:42:47.191 [JavaFX Application Thread] DEBUG PrimaryStageWindow   - FXGLLoadingScene -> GameScene
20:42:49.915 [JavaFX Application Thread] DEBUG FXGLApplication      - Exiting FXGL
20:42:49.915 [JavaFX Application Thread] DEBUG LoopRunner           - Stopping loop
20:42:49.915 [JavaFX Application Thread] DEBUG SystemBundleService  - Saving FXGL system data
20:42:49.917 [JavaFX Application Thread] DEBUG FileSystemAccess     - Writing to: C:\Users\Pepito\Documents\OpSoPr\project\dinosaur-exploder\system\fxgl.bundle
20:42:49.918 [JavaFX Application Thread] DEBUG Async                - Shutting down background threads
20:42:49.918 [JavaFX Application Thread] DEBUG PrimaryStageWindow   - Closing main window
20:42:49.925 [JavaFX Application Thread] DEBUG Logger               - Closing Logger
