20:38:17.110 [main                     ] DEBUG Logger               - Configured Logger
20:38:17.163 [main                     ] DEBUG GameApplication      - Logging settings
Title: Dinosaur Exploder
Version: 1.0
Width: 600
Height: 800
Fullscreen: false
Intro: false
Profiling: false
Single step:false
App Mode: DEVELOPER
Menu Key: ESCAPE
Stage Style: DECORATED
Scene Factory: class com.almasb.fxgl.app.scene.SceneFactory

20:38:17.665 [JavaFX Application Thread] DEBUG FXGLApplication      - Initializing FXGL
20:38:17.673 [JavaFX Application Thread] INFO  Engine               - FXGL-17 (31.12.2021 18.16) on WINDOWS (J:17.0.2 FX:17.0.1)
20:38:17.674 [JavaFX Application Thread] DEBUG Engine               - JRE Vendor Name: Oracle Corporation
20:38:17.674 [JavaFX Application Thread] DEBUG Engine               - Running on OS: Windows 10 version 10.0
20:38:17.674 [JavaFX Application Thread] DEBUG Engine               - Architecture: amd64
20:38:17.675 [JavaFX Application Thread] INFO  Engine               - Source code and latest versions at: https://github.com/AlmasB/FXGL
20:38:17.675 [JavaFX Application Thread] INFO  Engine               -       Ask questions and discuss at: https://github.com/AlmasB/FXGL/discussions
20:38:17.675 [JavaFX Application Thread] INFO  Engine               -              Join the FXGL chat at: https://gitter.im/AlmasB/FXGL
20:38:17.813 [JavaFX Application Thread] DEBUG PrimaryStageWindow   - Creating a JavaFX scene
20:38:17.878 [JavaFX Application Thread] DEBUG PrimaryStageWindow   - Target settings size: 600.0 x 800.0
20:38:17.879 [JavaFX Application Thread] DEBUG PrimaryStageWindow   - Scaled scene size:    600.0 x 800.0
20:38:17.879 [JavaFX Application Thread] DEBUG PrimaryStageWindow   - Scaled ratio: (1.0, 1.0)
20:38:17.881 [JavaFX Application Thread] DEBUG PrimaryStageWindow   - Set initial scene to FXGLStartupScene
20:38:17.892 [JavaFX Application Thread] DEBUG PrimaryStageWindow   - Opening main window
20:38:18.001 [JavaFX Application Thread] DEBUG PrimaryStageWindow   - Window border size: (14.66668701171875, 37.33331298828125)
20:38:18.002 [JavaFX Application Thread] DEBUG PrimaryStageWindow   - Scaled size: 600.0 x 800.0
20:38:18.002 [JavaFX Application Thread] DEBUG PrimaryStageWindow   - Scaled ratio: (1.0, 1.0)
20:38:18.003 [JavaFX Application Thread] DEBUG PrimaryStageWindow   - Scene size: 600.0 x 800.0
20:38:18.003 [JavaFX Application Thread] DEBUG PrimaryStageWindow   - Stage size: 614.6666870117188 x 837.3333129882812
20:38:18.013 [FXGL Background Thread 1 ] DEBUG Engine               - Initializing environment variables
20:38:18.064 [FXGL Background Thread 1 ] DEBUG FXGLAssetLoaderServi - User app class for loading assets: class com.dinosaur.dinosaurexploder.DinosaurApp
20:38:18.064 [FXGL Background Thread 1 ] DEBUG GameApplicationServi - Applying CSS: fxgl_dark.css
20:38:18.065 [FXGL Background Thread 1 ] DEBUG FXGLAssetLoaderServi - Loading from file system: jar:file:///C:/Users/Pepito/.m2/repository/com/github/almasb/fxgl/17/fxgl-17.jar!/fxglassets/ui/css/fxgl_dark.css
20:38:18.137 [FXGL Background Thread 1 ] DEBUG GameApplicationServi - Initializing application scenes
20:38:18.211 [FXGL Background Thread 1 ] DEBUG GameWorld            - Game world initialized
20:38:18.301 [FXGL Background Thread 1 ] DEBUG PhysicsWorld         - Physics world initialized: appHeight=800, physics.ppm=50.0
20:38:18.302 [FXGL Background Thread 1 ] DEBUG PhysicsWorld         - Using strategy: BRUTE_FORCE
20:38:18.307 [FXGL Background Thread 1 ] DEBUG GameScene            - Game scene initialized: 600x800
20:38:18.325 [FXGL Background Thread 1 ] WARN  FXGL.DefaultMenu     - FXGLDefaultMenu is not designed for resolutions < 800x600
20:38:18.325 [FXGL Background Thread 1 ] DEBUG FXGL.DefaultMenu     - createMenuBodyGameMenu()
20:38:18.345 [FXGL Background Thread 1 ] DEBUG FXGL.DefaultMenu     - createOptionsMenu()
20:38:18.366 [FXGL Background Thread 1 ] DEBUG FXGLAssetLoaderServi - Loading from file system: jar:file:///C:/Users/Pepito/.m2/repository/com/github/almasb/fxgl/17/fxgl-17.jar!/fxglassets/textures/particles/smoke.png
20:38:18.481 [FXGL Background Thread 1 ] DEBUG FXGLAssetLoaderServi - Loading from file system: jar:file:///C:/Users/Pepito/.m2/repository/com/github/almasb/fxgl/17/fxgl-17.jar!/fxglassets/textures/particles/trace_horizontal.png
20:38:18.528 [FXGL Background Thread 1 ] DEBUG GameApplicationServi - Application scenes initialized
20:38:18.544 [FXGL Background Thread 1 ] DEBUG SystemBundleService  - Loading FXGL system data
20:38:18.551 [FXGL Background Thread 1 ] DEBUG FileSystemAccess     - Reading from: C:\Users\Pepito\Documents\OpSoPr\project\dinosaur-exploder\system\fxgl.bundle
20:38:18.560 [FXGL Background Thread 1 ] DEBUG SystemBundleService  - Bundle FXGL: {}
20:38:18.560 [FXGL Background Thread 1 ] DEBUG UpdaterService       - Checking for updates
20:38:18.566 [FXGL Background Thread 4 ] DEBUG FXGLApplication      - Loading fonts
20:38:18.566 [FXGL Background Thread 1 ] DEBUG FXGLApplication      - Loading default localization
20:38:18.566 [FXGL Background Thread 4 ] DEBUG FXGLAssetLoaderServi - Loading from file system: jar:file:///C:/Users/Pepito/.m2/repository/com/github/almasb/fxgl/17/fxgl-17.jar!/fxglassets/ui/fonts/VarelaRound-Regular.ttf
20:38:18.567 [FXGL Background Thread 1 ] DEBUG FXGLAssetLoaderServi - Loading from file system: jar:file:///C:/Users/Pepito/.m2/repository/com/github/almasb/fxgl/17/fxgl-17.jar!/fxglassets/languages/english.lang
20:38:18.590 [FXGL Background Thread 1 ] INFO  FXGLApplication      - FXGL initialization took: 0.577 sec
20:38:18.608 [JavaFX Application Thread] DEBUG Input                - Registered new binding: action0 - Up
20:38:18.609 [JavaFX Application Thread] DEBUG Input                - Registered new binding: action1 - Down
20:38:18.609 [JavaFX Application Thread] DEBUG Input                - Registered new binding: action2 - Left
20:38:18.610 [JavaFX Application Thread] DEBUG Input                - Registered new binding: action3 - Right
20:38:18.611 [JavaFX Application Thread] DEBUG Input                - Registered new binding: action4 - Space
20:38:18.612 [JavaFX Application Thread] DEBUG FXGLAssetLoaderServi - Loading from file system: jar:file:///C:/Users/Pepito/.m2/repository/com/github/almasb/fxgl/17/fxgl-17.jar!/fxglassets/textures/fxgl_icon.png
20:38:18.640 [JavaFX Application Thread] DEBUG FXGLAssetLoaderServi - Loading from file system: jar:file:///C:/Users/Pepito/.m2/repository/com/github/almasb/fxgl/17/fxgl-17.jar!/fxglassets/textures/fxgl_default_cursor.png
20:38:18.644 [JavaFX Application Thread] DEBUG Input                - Registered new binding: Screenshot - CTRL+8
20:38:18.645 [JavaFX Application Thread] DEBUG Input                - Registered new binding: System info dump - CTRL+9
20:38:18.647 [JavaFX Application Thread] DEBUG Input                - Registered new binding: Restart - CTRL+R
20:38:18.648 [JavaFX Application Thread] DEBUG Input                - Registered new binding: Toggle Debug Camera - CTRL+7
20:38:18.651 [JavaFX Application Thread] DEBUG LoopRunner           - Starting loop
20:38:18.651 [JavaFX Application Thread] DEBUG LoopRunner           - Initializing JavaFX AnimationTimerLoop
20:38:18.653 [JavaFX Application Thread] DEBUG GameApplicationServi - Starting new game
20:38:18.654 [JavaFX Application Thread] DEBUG Input                - Clearing active input actions
20:38:18.665 [FXGL Background Thread 4 ] DEBUG FXGLAssetLoaderServi - Loading from file system: jar:file:///C:/Users/Pepito/.m2/repository/com/github/almasb/fxgl/17/fxgl-17.jar!/fxglassets/ui/fonts/Abel-Regular.ttf
20:38:18.673 [FXGL Background Thread 4 ] DEBUG FXGLAssetLoaderServi - Loading from file system: jar:file:///C:/Users/Pepito/.m2/repository/com/github/almasb/fxgl/17/fxgl-17.jar!/fxglassets/ui/fonts/TerminalLandMono-Regular.otf
20:38:18.680 [FXGL Background Thread 4 ] DEBUG FXGLAssetLoaderServi - Loading from file system: jar:file:///C:/Users/Pepito/.m2/repository/com/github/almasb/fxgl/17/fxgl-17.jar!/fxglassets/ui/fonts/Courier-Prime.ttf
20:38:18.685 [JavaFX Application Thread] DEBUG GameApplicationServi - Removing overlay from FXGLStartupScene and adding to FXGLLoadingScene
20:38:18.686 [JavaFX Application Thread] DEBUG PrimaryStageWindow   - FXGLStartupScene -> FXGLLoadingScene
20:38:18.687 [JavaFX Application Thread] DEBUG GameApplicationServi - Clearing previous game
20:38:18.687 [JavaFX Application Thread] DEBUG GameScene            - Clearing game scene
20:38:18.687 [JavaFX Application Thread] DEBUG GameWorld            - Clearing game world
20:38:18.687 [JavaFX Application Thread] DEBUG PhysicsWorld         - Clearing physics world
20:38:18.690 [FXGL Background Thread 1 ] DEBUG FXGLApplication      - Initializing game
20:38:18.703 [FXGL Background Thread 1 ] DEBUG FXGLAssetLoaderServi - Loading from file system: file:/C:/Users/Pepito/Documents/OpSoPr/project/dinosaur-exploder/target/classes/assets/textures/background.png
20:38:18.743 [JavaFX Application Thread] DEBUG FXGLApplication      - Registering font factories with UI factory
20:38:19.036 [FXGL Background Thread 1 ] DEBUG FXGLAssetLoaderServi - Loading from file system: file:/C:/Users/Pepito/Documents/OpSoPr/project/dinosaur-exploder/target/classes/assets/textures/spaceship.png
20:38:19.057 [FXGL Background Thread 1 ] DEBUG FXGLAssetLoaderServi - Loading from file system: file:/C:/Users/Pepito/Documents/OpSoPr/project/dinosaur-exploder/target/classes/assets/textures/greenDino.png
20:38:19.061 [FXGL Background Thread 1 ] INFO  FXGLApplication      - Game initialization took: 0.371 sec
20:38:19.069 [JavaFX Application Thread] DEBUG Input                - Clearing active input actions
20:38:19.083 [JavaFX Application Thread] DEBUG GameApplicationServi - Removing overlay from FXGLLoadingScene and adding to GameScene
20:38:19.084 [JavaFX Application Thread] DEBUG PrimaryStageWindow   - FXGLLoadingScene -> GameScene
20:38:20.232 [JavaFX Application Thread] DEBUG FXGLAssetLoaderServi - Loading from file system: file:/C:/Users/Pepito/Documents/OpSoPr/project/dinosaur-exploder/target/classes/assets/textures/basicProjectile.png
20:38:21.565 [FXGL Background Thread 3 ] DEBUG Engine               - Logging environment variables
20:38:21.565 [FXGL Background Thread 3 ] DEBUG Engine               - achievements: []
20:38:21.566 [FXGL Background Thread 3 ] DEBUG Engine               - actualHeight: 800.0
20:38:21.566 [FXGL Background Thread 3 ] DEBUG Engine               - actualHeightProperty: ReadOnlyDoubleProperty [value: 800.0]
20:38:21.566 [FXGL Background Thread 3 ] DEBUG Engine               - actualWidth: 600.0
20:38:21.567 [FXGL Background Thread 3 ] DEBUG Engine               - actualWidthProperty: ReadOnlyDoubleProperty [value: 600.0]
20:38:21.569 [FXGL Background Thread 3 ] DEBUG Engine               - appIcon: fxgl_icon.png
20:38:21.569 [FXGL Background Thread 3 ] DEBUG Engine               - applicationMode: DEVELOPER
20:38:21.569 [FXGL Background Thread 3 ] DEBUG Engine               - cSSList: [fxgl_dark.css]
20:38:21.570 [FXGL Background Thread 3 ] DEBUG Engine               - collisionDetectionStrategy: BRUTE_FORCE
20:38:21.570 [FXGL Background Thread 3 ] DEBUG Engine               - configClass: Optional.empty
20:38:21.570 [FXGL Background Thread 3 ] DEBUG Engine               - credits: []
20:38:21.572 [FXGL Background Thread 3 ] DEBUG Engine               - defaultCursor: CursorInfo(imageName=fxgl_default_cursor.png, hotspotX=7.0, hotspotY=6.0)
20:38:21.573 [FXGL Background Thread 3 ] DEBUG Engine               - devBBoxColorProperty: ObjectProperty [value: 0xff0000ff]
20:38:21.573 [FXGL Background Thread 3 ] DEBUG Engine               - devEnableDebugCameraProperty: BooleanProperty [value: false]
20:38:21.573 [FXGL Background Thread 3 ] DEBUG Engine               - devSensorColorProperty: ObjectProperty [value: 0xffff00ff]
20:38:21.573 [FXGL Background Thread 3 ] DEBUG Engine               - devShowBBoxProperty: BooleanProperty [value: false]
20:38:21.574 [FXGL Background Thread 3 ] DEBUG Engine               - devShowPositionProperty: BooleanProperty [value: false]
20:38:21.574 [FXGL Background Thread 3 ] DEBUG Engine               - enabledMenuItems: []
20:38:21.574 [FXGL Background Thread 3 ] DEBUG Engine               - engineServices: [class com.almasb.fxgl.app.services.FXGLAssetLoaderService, class com.almasb.fxgl.app.FXGLApplication$GameApplicationService, class com.almasb.fxgl.app.services.FXGLDialogService, class com.almasb.fxgl.app.services.IOTaskExecutorService, class com.almasb.fxgl.io.FileSystemService, class com.almasb.fxgl.localization.LocalizationService, class com.almasb.fxgl.app.services.SystemBundleService, class com.almasb.fxgl.profile.SaveLoadService, class com.almasb.fxgl.ui.FXGLUIFactoryServiceProvider, class com.almasb.fxgl.ui.FXGLDialogFactoryServiceProvider, class com.almasb.fxgl.audio.AudioPlayer, class com.almasb.fxgl.notification.impl.NotificationServiceProvider, class com.almasb.fxgl.achievement.AchievementService, class com.almasb.fxgl.cutscene.CutsceneService, class com.almasb.fxgl.minigames.MiniGameService, class com.almasb.fxgl.net.NetService, class com.almasb.fxgl.app.services.UpdaterService, class com.almasb.fxgl.dev.DevService]
20:38:21.574 [FXGL Background Thread 3 ] DEBUG Engine               - fontGame: Abel-Regular.ttf
20:38:21.574 [FXGL Background Thread 3 ] DEBUG Engine               - fontMono: TerminalLandMono-Regular.otf
20:38:21.574 [FXGL Background Thread 3 ] DEBUG Engine               - fontText: Courier-Prime.ttf
20:38:21.574 [FXGL Background Thread 3 ] DEBUG Engine               - fontUI: VarelaRound-Regular.ttf
20:38:21.575 [FXGL Background Thread 3 ] DEBUG Engine               - fullScreen: BooleanProperty [value: false]
20:38:21.575 [FXGL Background Thread 3 ] DEBUG Engine               - gameDifficulty: MEDIUM
20:38:21.575 [FXGL Background Thread 3 ] DEBUG Engine               - gameDifficultyProperty: ObjectProperty [value: MEDIUM]
20:38:21.575 [FXGL Background Thread 3 ] DEBUG Engine               - globalMusicVolume: 0.5
20:38:21.575 [FXGL Background Thread 3 ] DEBUG Engine               - globalMusicVolumeProperty: DoubleProperty [value: 0.5]
20:38:21.575 [FXGL Background Thread 3 ] DEBUG Engine               - globalSoundVolume: 0.5
20:38:21.575 [FXGL Background Thread 3 ] DEBUG Engine               - globalSoundVolumeProperty: DoubleProperty [value: 0.5]
20:38:21.576 [FXGL Background Thread 3 ] DEBUG Engine               - height: 800
20:38:21.576 [FXGL Background Thread 3 ] DEBUG Engine               - is3D: false
20:38:21.576 [FXGL Background Thread 3 ] DEBUG Engine               - isAndroid: false
20:38:21.576 [FXGL Background Thread 3 ] DEBUG Engine               - isBrowser: false
20:38:21.576 [FXGL Background Thread 3 ] DEBUG Engine               - isClickFeedbackEnabled: false
20:38:21.576 [FXGL Background Thread 3 ] DEBUG Engine               - isCloseConfirmation: false
20:38:21.576 [FXGL Background Thread 3 ] DEBUG Engine               - isDesktop: true
20:38:21.576 [FXGL Background Thread 3 ] DEBUG Engine               - isDeveloperMenuEnabled: false
20:38:21.577 [FXGL Background Thread 3 ] DEBUG Engine               - isEmbedded: false
20:38:21.577 [FXGL Background Thread 3 ] DEBUG Engine               - isEntityPreloadEnabled: true
20:38:21.577 [FXGL Background Thread 3 ] DEBUG Engine               - isExperimentalTiledLargeMap: false
20:38:21.577 [FXGL Background Thread 3 ] DEBUG Engine               - isFileSystemWriteAllowed: true
20:38:21.577 [FXGL Background Thread 3 ] DEBUG Engine               - isFullScreenAllowed: false
20:38:21.577 [FXGL Background Thread 3 ] DEBUG Engine               - isFullScreenFromStart: false
20:38:21.578 [FXGL Background Thread 3 ] DEBUG Engine               - isGameMenuEnabled: true
20:38:21.578 [FXGL Background Thread 3 ] DEBUG Engine               - isIOS: false
20:38:21.578 [FXGL Background Thread 3 ] DEBUG Engine               - isIntroEnabled: false
20:38:21.578 [FXGL Background Thread 3 ] DEBUG Engine               - isLinux: false
20:38:21.579 [FXGL Background Thread 3 ] DEBUG Engine               - isMac: false
20:38:21.579 [FXGL Background Thread 3 ] DEBUG Engine               - isMainMenuEnabled: false
20:38:21.579 [FXGL Background Thread 3 ] DEBUG Engine               - isManualResizeEnabled: false
20:38:21.580 [FXGL Background Thread 3 ] DEBUG Engine               - isMobile: false
20:38:21.580 [FXGL Background Thread 3 ] DEBUG Engine               - isNative: false
20:38:21.580 [FXGL Background Thread 3 ] DEBUG Engine               - isPauseMusicWhenMinimized: true
20:38:21.580 [FXGL Background Thread 3 ] DEBUG Engine               - isPreserveResizeRatio: false
20:38:21.580 [FXGL Background Thread 3 ] DEBUG Engine               - isProfilingEnabled: false
20:38:21.580 [FXGL Background Thread 3 ] DEBUG Engine               - isScaleAffectedOnResize: true
20:38:21.580 [FXGL Background Thread 3 ] DEBUG Engine               - isSingleStep: false
20:38:21.581 [FXGL Background Thread 3 ] DEBUG Engine               - isUserProfileEnabled: false
20:38:21.581 [FXGL Background Thread 3 ] DEBUG Engine               - isWindows: true
20:38:21.581 [FXGL Background Thread 3 ] DEBUG Engine               - language: ObjectProperty [value: ENGLISH]
20:38:21.581 [FXGL Background Thread 3 ] DEBUG Engine               - menuKey: ESCAPE
20:38:21.581 [FXGL Background Thread 3 ] DEBUG Engine               - mouseSensitivity: 0.2
20:38:21.581 [FXGL Background Thread 3 ] DEBUG Engine               - notificationViewClass: class com.almasb.fxgl.notification.view.XboxNotificationView
20:38:21.581 [FXGL Background Thread 3 ] DEBUG Engine               - pixelsPerMeter: 50.0
20:38:21.582 [FXGL Background Thread 3 ] DEBUG Engine               - platform: WINDOWS
20:38:21.582 [FXGL Background Thread 3 ] DEBUG Engine               - prefHeightProperty: ReadOnlyDoubleProperty [value: 800.0]
20:38:21.582 [FXGL Background Thread 3 ] DEBUG Engine               - prefWidthProperty: ReadOnlyDoubleProperty [value: 600.0]
20:38:21.582 [FXGL Background Thread 3 ] DEBUG Engine               - profileDir: profiles/
20:38:21.582 [FXGL Background Thread 3 ] DEBUG Engine               - profileName: StringProperty [value: DEFAULT]
20:38:21.582 [FXGL Background Thread 3 ] DEBUG Engine               - randomSeed: -1
20:38:21.583 [FXGL Background Thread 3 ] DEBUG Engine               - runtimeInfo: RuntimeInfo(platform=WINDOWS, version=17, build=31.12.2021 18.16)
20:38:21.583 [FXGL Background Thread 3 ] DEBUG Engine               - saveFileExt: sav
20:38:21.583 [FXGL Background Thread 3 ] DEBUG Engine               - scaledHeightProp$fxgl: DoubleProperty [bound, value: 800.0]
20:38:21.583 [FXGL Background Thread 3 ] DEBUG Engine               - scaledWidthProp$fxgl: DoubleProperty [bound, value: 600.0]
20:38:21.584 [FXGL Background Thread 3 ] DEBUG Engine               - sceneFactory: com.almasb.fxgl.app.scene.SceneFactory@47b0aff6
20:38:21.584 [FXGL Background Thread 3 ] DEBUG Engine               - secondsIn24h: 60
20:38:21.584 [FXGL Background Thread 3 ] DEBUG Engine               - soundMenuBack: menu/back.wav
20:38:21.584 [FXGL Background Thread 3 ] DEBUG Engine               - soundMenuPress: menu/press.wav
20:38:21.584 [FXGL Background Thread 3 ] DEBUG Engine               - soundMenuSelect: menu/select.wav
20:38:21.584 [FXGL Background Thread 3 ] DEBUG Engine               - soundNotification: core/notification.wav
20:38:21.585 [FXGL Background Thread 3 ] DEBUG Engine               - stageStyle: DECORATED
20:38:21.585 [FXGL Background Thread 3 ] DEBUG Engine               - supportedLanguages: [ENGLISH, FRENCH, GERMAN, HUNGARIAN, RUSSIAN]
20:38:21.585 [FXGL Background Thread 3 ] DEBUG Engine               - ticksPerSecond: -1
20:38:21.585 [FXGL Background Thread 3 ] DEBUG Engine               - title: Dinosaur Exploder
20:38:21.585 [FXGL Background Thread 3 ] DEBUG Engine               - urlGithub: https://github.com/AlmasB/FXGL
20:38:21.585 [FXGL Background Thread 3 ] DEBUG Engine               - urlLeaderboard: http://fxgl-top.herokuapp.com/
20:38:21.586 [FXGL Background Thread 3 ] DEBUG Engine               - urlPOM: https://raw.githubusercontent.com/AlmasB/FXGL/release/README.md
20:38:21.586 [FXGL Background Thread 3 ] DEBUG Engine               - userAppClass: class com.dinosaur.dinosaurexploder.DinosaurApp
20:38:21.586 [FXGL Background Thread 3 ] DEBUG Engine               - version: 1.0
20:38:21.586 [FXGL Background Thread 3 ] DEBUG Engine               - versionCheckDays: 7
20:38:21.586 [FXGL Background Thread 3 ] DEBUG Engine               - width: 600
20:38:21.586 [FXGL Background Thread 3 ] DEBUG Engine               - Logging services
20:38:21.587 [FXGL Background Thread 3 ] DEBUG Engine               - class com.almasb.fxgl.app.services.FXGLAssetLoaderService
20:38:21.587 [FXGL Background Thread 3 ] DEBUG Engine               - class com.almasb.fxgl.app.FXGLApplication$GameApplicationService
20:38:21.587 [FXGL Background Thread 3 ] DEBUG Engine               - class com.almasb.fxgl.app.services.FXGLDialogService
20:38:21.587 [FXGL Background Thread 3 ] DEBUG Engine               - class com.almasb.fxgl.app.services.IOTaskExecutorService
20:38:21.587 [FXGL Background Thread 3 ] DEBUG Engine               - class com.almasb.fxgl.io.FileSystemService
20:38:21.587 [FXGL Background Thread 3 ] DEBUG Engine               - class com.almasb.fxgl.localization.LocalizationService
20:38:21.587 [FXGL Background Thread 3 ] DEBUG Engine               - class com.almasb.fxgl.app.services.SystemBundleService
20:38:21.587 [FXGL Background Thread 3 ] DEBUG Engine               - class com.almasb.fxgl.profile.SaveLoadService
20:38:21.587 [FXGL Background Thread 3 ] DEBUG Engine               - class com.almasb.fxgl.ui.FXGLUIFactoryServiceProvider
20:38:21.587 [FXGL Background Thread 3 ] DEBUG Engine               - class com.almasb.fxgl.ui.FXGLDialogFactoryServiceProvider
20:38:21.587 [FXGL Background Thread 3 ] DEBUG Engine               - class com.almasb.fxgl.audio.AudioPlayer
20:38:21.588 [FXGL Background Thread 3 ] DEBUG Engine               - class com.almasb.fxgl.notification.impl.NotificationServiceProvider
20:38:21.588 [FXGL Background Thread 3 ] DEBUG Engine               - class com.almasb.fxgl.achievement.AchievementService
20:38:21.588 [FXGL Background Thread 3 ] DEBUG Engine               - class com.almasb.fxgl.cutscene.CutsceneService
20:38:21.588 [FXGL Background Thread 3 ] DEBUG Engine               - class com.almasb.fxgl.minigames.MiniGameService
20:38:21.588 [FXGL Background Thread 3 ] DEBUG Engine               - class com.almasb.fxgl.net.NetService
20:38:21.588 [FXGL Background Thread 3 ] DEBUG Engine               - class com.almasb.fxgl.app.services.UpdaterService
20:38:21.588 [FXGL Background Thread 3 ] DEBUG Engine               - class com.almasb.fxgl.dev.DevService
20:38:25.638 [JavaFX Application Thread] DEBUG FXGLApplication      - Exiting FXGL
20:38:25.638 [JavaFX Application Thread] DEBUG LoopRunner           - Stopping loop
20:38:25.638 [JavaFX Application Thread] DEBUG SystemBundleService  - Saving FXGL system data
20:38:25.641 [JavaFX Application Thread] DEBUG FileSystemAccess     - Writing to: C:\Users\Pepito\Documents\OpSoPr\project\dinosaur-exploder\system\fxgl.bundle
20:38:25.643 [JavaFX Application Thread] DEBUG Async                - Shutting down background threads
20:38:25.644 [JavaFX Application Thread] DEBUG PrimaryStageWindow   - Closing main window
20:38:25.657 [JavaFX Application Thread] DEBUG Logger               - Closing Logger
