18:28:51.076 [main                     ] DEBUG Logger               - Configured Logger
18:28:51.132 [main                     ] DEBUG GameApplication      - Logging settings
Title: Dinosaur Exploder
Version: 1.0
Width: 600
Height: 800
Fullscreen: false
Intro: false
Profiling: false
Single step:false
App Mode: DEVELOPER
Menu Key: ESCAPE
Stage Style: DECORATED
Scene Factory: class com.almasb.fxgl.app.scene.SceneFactory

18:28:51.622 [JavaFX Application Thread] DEBUG FXGLApplication      - Initializing FXGL
18:28:51.629 [JavaFX Application Thread] INFO  Engine               - FXGL-17 (31.12.2021 18.16) on WINDOWS (J:17.0.2 FX:17.0.1)
18:28:51.630 [JavaFX Application Thread] DEBUG Engine               - JRE Vendor Name: Oracle Corporation
18:28:51.630 [JavaFX Application Thread] DEBUG Engine               - Running on OS: Windows 10 version 10.0
18:28:51.630 [JavaFX Application Thread] DEBUG Engine               - Architecture: amd64
18:28:51.630 [JavaFX Application Thread] INFO  Engine               - Source code and latest versions at: https://github.com/AlmasB/FXGL
18:28:51.631 [JavaFX Application Thread] INFO  Engine               -       Ask questions and discuss at: https://github.com/AlmasB/FXGL/discussions
18:28:51.631 [JavaFX Application Thread] INFO  Engine               -              Join the FXGL chat at: https://gitter.im/AlmasB/FXGL
18:28:51.763 [JavaFX Application Thread] DEBUG PrimaryStageWindow   - Creating a JavaFX scene
18:28:51.824 [JavaFX Application Thread] DEBUG PrimaryStageWindow   - Target settings size: 600.0 x 800.0
18:28:51.825 [JavaFX Application Thread] DEBUG PrimaryStageWindow   - Scaled scene size:    600.0 x 800.0
18:28:51.826 [JavaFX Application Thread] DEBUG PrimaryStageWindow   - Scaled ratio: (1.0, 1.0)
18:28:51.827 [JavaFX Application Thread] DEBUG PrimaryStageWindow   - Set initial scene to FXGLStartupScene
18:28:51.836 [JavaFX Application Thread] DEBUG PrimaryStageWindow   - Opening main window
18:28:51.944 [JavaFX Application Thread] DEBUG PrimaryStageWindow   - Window border size: (14.66668701171875, 37.33331298828125)
18:28:51.945 [JavaFX Application Thread] DEBUG PrimaryStageWindow   - Scaled size: 600.0 x 800.0
18:28:51.945 [JavaFX Application Thread] DEBUG PrimaryStageWindow   - Scaled ratio: (1.0, 1.0)
18:28:51.946 [JavaFX Application Thread] DEBUG PrimaryStageWindow   - Scene size: 600.0 x 800.0
18:28:51.947 [JavaFX Application Thread] DEBUG PrimaryStageWindow   - Stage size: 614.6666870117188 x 837.3333129882812
18:28:51.957 [FXGL Background Thread 1 ] DEBUG Engine               - Initializing environment variables
18:28:52.010 [FXGL Background Thread 1 ] DEBUG FXGLAssetLoaderServi - User app class for loading assets: class com.dinosaur.dinosaurexploder.DinosaurApp
18:28:52.010 [FXGL Background Thread 1 ] DEBUG GameApplicationServi - Applying CSS: fxgl_dark.css
18:28:52.012 [FXGL Background Thread 1 ] DEBUG FXGLAssetLoaderServi - Loading from file system: jar:file:///C:/Users/Pepito/.m2/repository/com/github/almasb/fxgl/17/fxgl-17.jar!/fxglassets/ui/css/fxgl_dark.css
18:28:52.084 [FXGL Background Thread 1 ] DEBUG GameApplicationServi - Initializing application scenes
18:28:52.179 [FXGL Background Thread 1 ] DEBUG GameWorld            - Game world initialized
18:28:52.259 [FXGL Background Thread 1 ] DEBUG PhysicsWorld         - Physics world initialized: appHeight=800, physics.ppm=50.0
18:28:52.260 [FXGL Background Thread 1 ] DEBUG PhysicsWorld         - Using strategy: BRUTE_FORCE
18:28:52.265 [FXGL Background Thread 1 ] DEBUG GameScene            - Game scene initialized: 600x800
18:28:52.282 [FXGL Background Thread 1 ] WARN  FXGL.DefaultMenu     - FXGLDefaultMenu is not designed for resolutions < 800x600
18:28:52.282 [FXGL Background Thread 1 ] DEBUG FXGL.DefaultMenu     - createMenuBodyGameMenu()
18:28:52.300 [FXGL Background Thread 1 ] DEBUG FXGL.DefaultMenu     - createOptionsMenu()
18:28:52.314 [FXGL Background Thread 1 ] DEBUG FXGLAssetLoaderServi - Loading from file system: jar:file:///C:/Users/Pepito/.m2/repository/com/github/almasb/fxgl/17/fxgl-17.jar!/fxglassets/textures/particles/smoke.png
18:28:52.431 [FXGL Background Thread 1 ] DEBUG FXGLAssetLoaderServi - Loading from file system: jar:file:///C:/Users/Pepito/.m2/repository/com/github/almasb/fxgl/17/fxgl-17.jar!/fxglassets/textures/particles/trace_horizontal.png
18:28:52.474 [FXGL Background Thread 1 ] DEBUG GameApplicationServi - Application scenes initialized
18:28:52.490 [FXGL Background Thread 1 ] DEBUG SystemBundleService  - Loading FXGL system data
18:28:52.497 [FXGL Background Thread 1 ] DEBUG FileSystemAccess     - Reading from: C:\Users\Pepito\Documents\OpSoPr\project\dinosaur-exploder\system\fxgl.bundle
18:28:52.506 [FXGL Background Thread 1 ] DEBUG SystemBundleService  - Bundle FXGL: {}
18:28:52.506 [FXGL Background Thread 1 ] DEBUG UpdaterService       - Checking for updates
18:28:52.511 [FXGL Background Thread 4 ] DEBUG FXGLApplication      - Loading fonts
18:28:52.511 [FXGL Background Thread 1 ] DEBUG FXGLApplication      - Loading default localization
18:28:52.512 [FXGL Background Thread 4 ] DEBUG FXGLAssetLoaderServi - Loading from file system: jar:file:///C:/Users/Pepito/.m2/repository/com/github/almasb/fxgl/17/fxgl-17.jar!/fxglassets/ui/fonts/VarelaRound-Regular.ttf
18:28:52.512 [FXGL Background Thread 1 ] DEBUG FXGLAssetLoaderServi - Loading from file system: jar:file:///C:/Users/Pepito/.m2/repository/com/github/almasb/fxgl/17/fxgl-17.jar!/fxglassets/languages/english.lang
18:28:52.543 [FXGL Background Thread 1 ] INFO  FXGLApplication      - FXGL initialization took: 0.585 sec
18:28:52.562 [JavaFX Application Thread] DEBUG Input                - Registered new binding: action0 - Up
18:28:52.563 [JavaFX Application Thread] DEBUG Input                - Registered new binding: action1 - Down
18:28:52.563 [JavaFX Application Thread] DEBUG Input                - Registered new binding: action2 - Left
18:28:52.564 [JavaFX Application Thread] DEBUG Input                - Registered new binding: action3 - Right
18:28:52.565 [JavaFX Application Thread] DEBUG Input                - Registered new binding: action4 - Space
18:28:52.566 [JavaFX Application Thread] DEBUG FXGLAssetLoaderServi - Loading from file system: jar:file:///C:/Users/Pepito/.m2/repository/com/github/almasb/fxgl/17/fxgl-17.jar!/fxglassets/textures/fxgl_icon.png
18:28:52.603 [JavaFX Application Thread] DEBUG FXGLAssetLoaderServi - Loading from file system: jar:file:///C:/Users/Pepito/.m2/repository/com/github/almasb/fxgl/17/fxgl-17.jar!/fxglassets/textures/fxgl_default_cursor.png
18:28:52.606 [JavaFX Application Thread] DEBUG Input                - Registered new binding: Screenshot - CTRL+8
18:28:52.607 [JavaFX Application Thread] DEBUG Input                - Registered new binding: System info dump - CTRL+9
18:28:52.608 [JavaFX Application Thread] DEBUG Input                - Registered new binding: Restart - CTRL+R
18:28:52.609 [JavaFX Application Thread] DEBUG Input                - Registered new binding: Toggle Debug Camera - CTRL+7
18:28:52.613 [FXGL Background Thread 4 ] DEBUG FXGLAssetLoaderServi - Loading from file system: jar:file:///C:/Users/Pepito/.m2/repository/com/github/almasb/fxgl/17/fxgl-17.jar!/fxglassets/ui/fonts/Abel-Regular.ttf
18:28:52.613 [JavaFX Application Thread] DEBUG LoopRunner           - Starting loop
18:28:52.613 [JavaFX Application Thread] DEBUG LoopRunner           - Initializing JavaFX AnimationTimerLoop
18:28:52.617 [JavaFX Application Thread] DEBUG GameApplicationServi - Starting new game
18:28:52.618 [JavaFX Application Thread] DEBUG Input                - Clearing active input actions
18:28:52.621 [FXGL Background Thread 4 ] DEBUG FXGLAssetLoaderServi - Loading from file system: jar:file:///C:/Users/Pepito/.m2/repository/com/github/almasb/fxgl/17/fxgl-17.jar!/fxglassets/ui/fonts/TerminalLandMono-Regular.otf
18:28:52.629 [FXGL Background Thread 4 ] DEBUG FXGLAssetLoaderServi - Loading from file system: jar:file:///C:/Users/Pepito/.m2/repository/com/github/almasb/fxgl/17/fxgl-17.jar!/fxglassets/ui/fonts/Courier-Prime.ttf
18:28:52.639 [JavaFX Application Thread] DEBUG GameApplicationServi - Removing overlay from FXGLStartupScene and adding to FXGLLoadingScene
18:28:52.640 [JavaFX Application Thread] DEBUG PrimaryStageWindow   - FXGLStartupScene -> FXGLLoadingScene
18:28:52.640 [JavaFX Application Thread] DEBUG GameApplicationServi - Clearing previous game
18:28:52.641 [JavaFX Application Thread] DEBUG GameScene            - Clearing game scene
18:28:52.641 [JavaFX Application Thread] DEBUG GameWorld            - Clearing game world
18:28:52.641 [JavaFX Application Thread] DEBUG PhysicsWorld         - Clearing physics world
18:28:52.643 [FXGL Background Thread 4 ] DEBUG FXGLApplication      - Initializing game
18:28:52.656 [FXGL Background Thread 4 ] DEBUG FXGLAssetLoaderServi - Loading from file system: file:/C:/Users/Pepito/Documents/OpSoPr/project/dinosaur-exploder/target/classes/assets/textures/background.png
18:28:52.696 [JavaFX Application Thread] DEBUG FXGLApplication      - Registering font factories with UI factory
18:28:53.001 [FXGL Background Thread 4 ] DEBUG FXGLAssetLoaderServi - Loading from file system: file:/C:/Users/Pepito/Documents/OpSoPr/project/dinosaur-exploder/target/classes/assets/textures/spaceship.png
18:28:53.023 [FXGL Background Thread 4 ] DEBUG FXGLAssetLoaderServi - Loading from file system: file:/C:/Users/Pepito/Documents/OpSoPr/project/dinosaur-exploder/target/classes/assets/textures/greenDino.png
18:28:53.029 [FXGL Background Thread 4 ] INFO  FXGLApplication      - Game initialization took: 0.385 sec
18:28:53.030 [JavaFX Application Thread] DEBUG Input                - Clearing active input actions
18:28:53.048 [JavaFX Application Thread] DEBUG GameApplicationServi - Removing overlay from FXGLLoadingScene and adding to GameScene
18:28:53.048 [JavaFX Application Thread] DEBUG PrimaryStageWindow   - FXGLLoadingScene -> GameScene
18:28:53.636 [JavaFX Application Thread] DEBUG FXGLAssetLoaderServi - Loading from file system: file:/C:/Users/Pepito/Documents/OpSoPr/project/dinosaur-exploder/target/classes/assets/textures/basicProjectile.png
18:28:55.494 [JavaFX Application Thread] DEBUG FXGLApplication      - Exiting FXGL
18:28:55.494 [JavaFX Application Thread] DEBUG LoopRunner           - Stopping loop
18:28:55.494 [JavaFX Application Thread] DEBUG SystemBundleService  - Saving FXGL system data
18:28:55.497 [JavaFX Application Thread] DEBUG FileSystemAccess     - Writing to: C:\Users\Pepito\Documents\OpSoPr\project\dinosaur-exploder\system\fxgl.bundle
18:28:55.499 [JavaFX Application Thread] DEBUG Async                - Shutting down background threads
18:28:55.499 [JavaFX Application Thread] DEBUG PrimaryStageWindow   - Closing main window
18:28:55.514 [JavaFX Application Thread] DEBUG Logger               - Closing Logger
