17:49:46.968 [main                     ] DEBUG Logger               - Configured Logger
17:49:47.009 [main                     ] DEBUG GameApplication      - Logging settings
Title: Dinosaur Exploder
Version: 1.0
Width: 550
Height: 750
Fullscreen: false
Intro: false
Profiling: false
Single step:false
App Mode: DEVELOPER
Menu Key: ESCAPE
Stage Style: DECORATED
Scene Factory: class com.dinosaur.dinosaurexploder.view.DinosaurGUI$1

17:49:47.276 [JavaFX Application Thread] DEBUG FXGLApplication      - Initializing FXGL
17:49:47.281 [JavaFX Application Thread] INFO  Engine               - FXGL-17 (31.12.2021 18.16) on WINDOWS (J:17.0.2 FX:17.0.2-ea)
17:49:47.281 [JavaFX Application Thread] DEBUG Engine               - JRE Vendor Name: Oracle Corporation
17:49:47.282 [JavaFX Application Thread] DEBUG Engine               - Running on OS: Windows 11 version 10.0
17:49:47.282 [JavaFX Application Thread] DEBUG Engine               - Architecture: amd64
17:49:47.282 [JavaFX Application Thread] INFO  Engine               - Source code and latest versions at: https://github.com/AlmasB/FXGL
17:49:47.282 [JavaFX Application Thread] INFO  Engine               -       Ask questions and discuss at: https://github.com/AlmasB/FXGL/discussions
17:49:47.282 [JavaFX Application Thread] INFO  Engine               -              Join the FXGL chat at: https://gitter.im/AlmasB/FXGL
17:49:47.350 [JavaFX Application Thread] DEBUG PrimaryStageWindow   - Creating a JavaFX scene
17:49:47.384 [JavaFX Application Thread] DEBUG PrimaryStageWindow   - Target settings size: 550.0 x 750.0
17:49:47.384 [JavaFX Application Thread] DEBUG PrimaryStageWindow   - Scaled scene size:    550.0 x 750.0
17:49:47.384 [JavaFX Application Thread] DEBUG PrimaryStageWindow   - Scaled ratio: (1.0, 1.0)
17:49:47.385 [JavaFX Application Thread] DEBUG PrimaryStageWindow   - Set initial scene to FXGLStartupScene
17:49:47.390 [JavaFX Application Thread] DEBUG PrimaryStageWindow   - Opening main window
17:49:47.459 [JavaFX Application Thread] DEBUG PrimaryStageWindow   - Window border size: (14.79998779296875, 38.0)
17:49:47.459 [JavaFX Application Thread] DEBUG PrimaryStageWindow   - Scaled size: 550.0 x 750.0
17:49:47.459 [JavaFX Application Thread] DEBUG PrimaryStageWindow   - Scaled ratio: (1.0, 1.0)
17:49:47.460 [JavaFX Application Thread] DEBUG PrimaryStageWindow   - Scene size: 550.0 x 750.0
17:49:47.460 [JavaFX Application Thread] DEBUG PrimaryStageWindow   - Stage size: 564.7999877929688 x 788.0
17:49:47.466 [FXGL Background Thread 1 ] DEBUG Engine               - Initializing environment variables
17:49:47.502 [FXGL Background Thread 1 ] DEBUG FXGLAssetLoaderServi - User app class for loading assets: class com.dinosaur.dinosaurexploder.DinosaurApp
17:49:47.503 [FXGL Background Thread 1 ] DEBUG GameApplicationServi - Applying CSS: fxgl_dark.css
17:49:47.503 [FXGL Background Thread 1 ] DEBUG FXGLAssetLoaderServi - Loading from file system: jar:file:///C:/Users/Julien/.m2/repository/com/github/almasb/fxgl/17/fxgl-17.jar!/fxglassets/ui/css/fxgl_dark.css
17:49:47.545 [FXGL Background Thread 1 ] DEBUG GameApplicationServi - Initializing application scenes
17:49:47.609 [FXGL Background Thread 1 ] DEBUG GameWorld            - Game world initialized
17:49:47.681 [FXGL Background Thread 1 ] DEBUG PhysicsWorld         - Physics world initialized: appHeight=750, physics.ppm=50.0
17:49:47.681 [FXGL Background Thread 1 ] DEBUG PhysicsWorld         - Using strategy: BRUTE_FORCE
17:49:47.686 [FXGL Background Thread 1 ] DEBUG GameScene            - Game scene initialized: 550x750
17:49:47.702 [FXGL Background Thread 1 ] WARN  FXGL.DefaultMenu     - FXGLDefaultMenu is not designed for resolutions < 800x600
17:49:47.702 [FXGL Background Thread 1 ] DEBUG FXGL.DefaultMenu     - createMenuBodyGameMenu()
17:49:47.711 [FXGL Background Thread 1 ] DEBUG FXGL.DefaultMenu     - createOptionsMenu()
17:49:47.721 [FXGL Background Thread 1 ] DEBUG FXGLAssetLoaderServi - Loading from file system: jar:file:///C:/Users/Julien/.m2/repository/com/github/almasb/fxgl/17/fxgl-17.jar!/fxglassets/textures/particles/smoke.png
17:49:47.828 [FXGL Background Thread 1 ] DEBUG FXGLAssetLoaderServi - Loading from file system: jar:file:///C:/Users/Julien/.m2/repository/com/github/almasb/fxgl/17/fxgl-17.jar!/fxglassets/textures/particles/trace_horizontal.png
17:49:47.857 [FXGL Background Thread 1 ] DEBUG GameApplicationServi - Application scenes initialized
17:49:47.880 [FXGL Background Thread 1 ] DEBUG SystemBundleService  - Loading default FXGL system data
17:49:47.881 [FXGL Background Thread 1 ] DEBUG UpdaterService       - Checking for updates
17:49:47.886 [FXGL Background Thread 4 ] DEBUG FXGLApplication      - Loading fonts
17:49:47.887 [FXGL Background Thread 1 ] DEBUG FXGLApplication      - Loading default localization
17:49:47.887 [FXGL Background Thread 4 ] DEBUG FXGLAssetLoaderServi - Loading from file system: jar:file:///C:/Users/Julien/.m2/repository/com/github/almasb/fxgl/17/fxgl-17.jar!/fxglassets/ui/fonts/VarelaRound-Regular.ttf
17:49:47.887 [FXGL Background Thread 1 ] DEBUG FXGLAssetLoaderServi - Loading from file system: jar:file:///C:/Users/Julien/.m2/repository/com/github/almasb/fxgl/17/fxgl-17.jar!/fxglassets/languages/english.lang
17:49:47.921 [FXGL Background Thread 1 ] INFO  FXGLApplication      - FXGL initialization took: 0.455 sec
17:49:47.945 [JavaFX Application Thread] DEBUG Input                - Registered new binding: action0 - Up
17:49:47.946 [JavaFX Application Thread] DEBUG Input                - Registered new binding: action1 - Down
17:49:47.948 [JavaFX Application Thread] DEBUG Input                - Registered new binding: action2 - Left
17:49:47.950 [JavaFX Application Thread] DEBUG Input                - Registered new binding: action3 - Right
17:49:47.953 [JavaFX Application Thread] DEBUG Input                - Registered new binding: action4 - Space
17:49:47.954 [JavaFX Application Thread] DEBUG FXGLAssetLoaderServi - Loading from file system: file:/C:/Users/Julien/Documents/Programmation/Open%20Source/dinosaur-exploder/target/classes/assets/textures/icon.png
17:49:47.978 [FXGL Background Thread 4 ] DEBUG FXGLAssetLoaderServi - Loading from file system: jar:file:///C:/Users/Julien/.m2/repository/com/github/almasb/fxgl/17/fxgl-17.jar!/fxglassets/ui/fonts/Abel-Regular.ttf
17:49:47.988 [FXGL Background Thread 4 ] DEBUG FXGLAssetLoaderServi - Loading from file system: jar:file:///C:/Users/Julien/.m2/repository/com/github/almasb/fxgl/17/fxgl-17.jar!/fxglassets/ui/fonts/TerminalLandMono-Regular.otf
17:49:48.000 [FXGL Background Thread 4 ] DEBUG FXGLAssetLoaderServi - Loading from file system: jar:file:///C:/Users/Julien/.m2/repository/com/github/almasb/fxgl/17/fxgl-17.jar!/fxglassets/ui/fonts/Courier-Prime.ttf
17:49:48.119 [JavaFX Application Thread] DEBUG FXGLAssetLoaderServi - Loading from file system: jar:file:///C:/Users/Julien/.m2/repository/com/github/almasb/fxgl/17/fxgl-17.jar!/fxglassets/textures/fxgl_default_cursor.png
17:49:48.122 [JavaFX Application Thread] DEBUG Input                - Registered new binding: Screenshot - CTRL+8
17:49:48.123 [JavaFX Application Thread] DEBUG Input                - Registered new binding: System info dump - CTRL+9
17:49:48.124 [JavaFX Application Thread] DEBUG Input                - Registered new binding: Restart - CTRL+R
17:49:48.126 [JavaFX Application Thread] DEBUG Input                - Registered new binding: Toggle Debug Camera - CTRL+7
17:49:48.130 [JavaFX Application Thread] DEBUG LoopRunner           - Starting loop
17:49:48.131 [JavaFX Application Thread] DEBUG LoopRunner           - Initializing ScheduledExecutorLoop with fps: 60
17:49:48.135 [JavaFX Application Thread] DEBUG Input                - Clearing active input actions
17:49:48.143 [JavaFX Application Thread] DEBUG GameApplicationServi - Removing overlay from FXGLStartupScene and adding to FXGLMainMenuDummyScene
17:49:48.144 [JavaFX Application Thread] DEBUG PrimaryStageWindow   - FXGLStartupScene -> FXGLMainMenuDummyScene
17:49:48.144 [JavaFX Application Thread] DEBUG PrimaryStageWindow   - Push state: DinosaurMenu
17:49:48.146 [JavaFX Application Thread] DEBUG Input                - Clearing active input actions
17:49:48.154 [JavaFX Application Thread] DEBUG GameApplicationServi - Removing overlay from FXGLMainMenuDummyScene and adding to DinosaurMenu
17:49:48.155 [JavaFX Application Thread] DEBUG PrimaryStageWindow   - FXGLMainMenuDummyScene -> DinosaurMenu
17:49:48.156 [JavaFX Application Thread] DEBUG FXGLApplication      - Registering font factories with UI factory
17:49:48.344 [FXGL Background Thread 2 ] INFO  UpdaterService       - Your current version:  17
17:49:48.344 [FXGL Background Thread 2 ] INFO  UpdaterService       - Latest stable version: 17.1
17:49:49.906 [JavaFX Application Thread] DEBUG FXGLApplication      - Exiting FXGL
17:49:49.906 [JavaFX Application Thread] DEBUG LoopRunner           - Stopping loop
17:49:49.906 [JavaFX Application Thread] DEBUG SystemBundleService  - Saving FXGL system data
17:49:49.909 [JavaFX Application Thread] DEBUG FileSystemAccess     - Writing to: C:\Users\Julien\Documents\Programmation\Open Source\dinosaur-exploder\system\fxgl.bundle
17:49:49.913 [JavaFX Application Thread] DEBUG Async                - Shutting down background threads
17:49:49.913 [JavaFX Application Thread] DEBUG PrimaryStageWindow   - Closing main window
17:49:49.930 [JavaFX Application Thread] DEBUG Logger               - Closing Logger
