19:42:32.350 [main                     ] DEBUG Logger               - Configured Logger
19:42:32.409 [main                     ] DEBUG GameApplication      - Logging settings
Title: Dinosaur Exploder
Version: 1.0
Width: 600
Height: 800
Fullscreen: false
Intro: false
Profiling: false
Single step:false
App Mode: DEVELOPER
Menu Key: ESCAPE
Stage Style: DECORATED
Scene Factory: class com.almasb.fxgl.app.scene.SceneFactory

19:42:32.913 [JavaFX Application Thread] DEBUG FXGLApplication      - Initializing FXGL
19:42:32.922 [JavaFX Application Thread] INFO  Engine               - FXGL-17 (31.12.2021 18.16) on WINDOWS (J:17.0.2 FX:17.0.1)
19:42:32.922 [JavaFX Application Thread] DEBUG Engine               - JRE Vendor Name: Oracle Corporation
19:42:32.923 [JavaFX Application Thread] DEBUG Engine               - Running on OS: Windows 10 version 10.0
19:42:32.923 [JavaFX Application Thread] DEBUG Engine               - Architecture: amd64
19:42:32.923 [JavaFX Application Thread] INFO  Engine               - Source code and latest versions at: https://github.com/AlmasB/FXGL
19:42:32.924 [JavaFX Application Thread] INFO  Engine               -       Ask questions and discuss at: https://github.com/AlmasB/FXGL/discussions
19:42:32.924 [JavaFX Application Thread] INFO  Engine               -              Join the FXGL chat at: https://gitter.im/AlmasB/FXGL
19:42:33.052 [JavaFX Application Thread] DEBUG PrimaryStageWindow   - Creating a JavaFX scene
19:42:33.115 [JavaFX Application Thread] DEBUG PrimaryStageWindow   - Target settings size: 600.0 x 800.0
19:42:33.116 [JavaFX Application Thread] DEBUG PrimaryStageWindow   - Scaled scene size:    600.0 x 800.0
19:42:33.116 [JavaFX Application Thread] DEBUG PrimaryStageWindow   - Scaled ratio: (1.0, 1.0)
19:42:33.118 [JavaFX Application Thread] DEBUG PrimaryStageWindow   - Set initial scene to FXGLStartupScene
19:42:33.127 [JavaFX Application Thread] DEBUG PrimaryStageWindow   - Opening main window
19:42:33.241 [JavaFX Application Thread] DEBUG PrimaryStageWindow   - Window border size: (14.66668701171875, 37.33331298828125)
19:42:33.242 [JavaFX Application Thread] DEBUG PrimaryStageWindow   - Scaled size: 600.0 x 800.0
19:42:33.243 [JavaFX Application Thread] DEBUG PrimaryStageWindow   - Scaled ratio: (1.0, 1.0)
19:42:33.243 [JavaFX Application Thread] DEBUG PrimaryStageWindow   - Scene size: 600.0 x 800.0
19:42:33.244 [JavaFX Application Thread] DEBUG PrimaryStageWindow   - Stage size: 614.6666870117188 x 837.3333129882812
19:42:33.254 [FXGL Background Thread 1 ] DEBUG Engine               - Initializing environment variables
19:42:33.310 [FXGL Background Thread 1 ] DEBUG FXGLAssetLoaderServi - User app class for loading assets: class com.dinosaur.dinosaurexploder.DinosaurApp
19:42:33.310 [FXGL Background Thread 1 ] DEBUG GameApplicationServi - Applying CSS: fxgl_dark.css
19:42:33.312 [FXGL Background Thread 1 ] DEBUG FXGLAssetLoaderServi - Loading from file system: jar:file:///C:/Users/Pepito/.m2/repository/com/github/almasb/fxgl/17/fxgl-17.jar!/fxglassets/ui/css/fxgl_dark.css
19:42:33.386 [FXGL Background Thread 1 ] DEBUG GameApplicationServi - Initializing application scenes
19:42:33.473 [FXGL Background Thread 1 ] DEBUG GameWorld            - Game world initialized
19:42:33.562 [FXGL Background Thread 1 ] DEBUG PhysicsWorld         - Physics world initialized: appHeight=800, physics.ppm=50.0
19:42:33.563 [FXGL Background Thread 1 ] DEBUG PhysicsWorld         - Using strategy: BRUTE_FORCE
19:42:33.569 [FXGL Background Thread 1 ] DEBUG GameScene            - Game scene initialized: 600x800
19:42:33.587 [FXGL Background Thread 1 ] WARN  FXGL.DefaultMenu     - FXGLDefaultMenu is not designed for resolutions < 800x600
19:42:33.587 [FXGL Background Thread 1 ] DEBUG FXGL.DefaultMenu     - createMenuBodyGameMenu()
19:42:33.608 [FXGL Background Thread 1 ] DEBUG FXGL.DefaultMenu     - createOptionsMenu()
19:42:33.623 [FXGL Background Thread 1 ] DEBUG FXGLAssetLoaderServi - Loading from file system: jar:file:///C:/Users/Pepito/.m2/repository/com/github/almasb/fxgl/17/fxgl-17.jar!/fxglassets/textures/particles/smoke.png
19:42:33.745 [FXGL Background Thread 1 ] DEBUG FXGLAssetLoaderServi - Loading from file system: jar:file:///C:/Users/Pepito/.m2/repository/com/github/almasb/fxgl/17/fxgl-17.jar!/fxglassets/textures/particles/trace_horizontal.png
19:42:33.789 [FXGL Background Thread 1 ] DEBUG GameApplicationServi - Application scenes initialized
19:42:33.807 [FXGL Background Thread 1 ] DEBUG SystemBundleService  - Loading FXGL system data
19:42:33.814 [FXGL Background Thread 1 ] DEBUG FileSystemAccess     - Reading from: C:\Users\Pepito\Documents\OpSoPr\project\dinosaur-exploder\system\fxgl.bundle
19:42:33.823 [FXGL Background Thread 1 ] DEBUG SystemBundleService  - Bundle FXGL: {}
19:42:33.823 [FXGL Background Thread 1 ] DEBUG UpdaterService       - Checking for updates
19:42:33.829 [FXGL Background Thread 4 ] DEBUG FXGLApplication      - Loading fonts
19:42:33.829 [FXGL Background Thread 1 ] DEBUG FXGLApplication      - Loading default localization
19:42:33.829 [FXGL Background Thread 4 ] DEBUG FXGLAssetLoaderServi - Loading from file system: jar:file:///C:/Users/Pepito/.m2/repository/com/github/almasb/fxgl/17/fxgl-17.jar!/fxglassets/ui/fonts/VarelaRound-Regular.ttf
19:42:33.830 [FXGL Background Thread 1 ] DEBUG FXGLAssetLoaderServi - Loading from file system: jar:file:///C:/Users/Pepito/.m2/repository/com/github/almasb/fxgl/17/fxgl-17.jar!/fxglassets/languages/english.lang
19:42:33.857 [FXGL Background Thread 1 ] INFO  FXGLApplication      - FXGL initialization took: 0.603 sec
19:42:33.879 [JavaFX Application Thread] DEBUG Input                - Registered new binding: action0 - Up
19:42:33.880 [JavaFX Application Thread] DEBUG Input                - Registered new binding: action1 - Down
19:42:33.881 [JavaFX Application Thread] DEBUG Input                - Registered new binding: action2 - Left
19:42:33.882 [JavaFX Application Thread] DEBUG Input                - Registered new binding: action3 - Right
19:42:33.883 [JavaFX Application Thread] DEBUG Input                - Registered new binding: action4 - Space
19:42:33.884 [JavaFX Application Thread] DEBUG FXGLAssetLoaderServi - Loading from file system: jar:file:///C:/Users/Pepito/.m2/repository/com/github/almasb/fxgl/17/fxgl-17.jar!/fxglassets/textures/fxgl_icon.png
19:42:33.924 [JavaFX Application Thread] DEBUG FXGLAssetLoaderServi - Loading from file system: jar:file:///C:/Users/Pepito/.m2/repository/com/github/almasb/fxgl/17/fxgl-17.jar!/fxglassets/textures/fxgl_default_cursor.png
19:42:33.931 [JavaFX Application Thread] DEBUG Input                - Registered new binding: Screenshot - CTRL+8
19:42:33.933 [JavaFX Application Thread] DEBUG Input                - Registered new binding: System info dump - CTRL+9
19:42:33.933 [JavaFX Application Thread] DEBUG Input                - Registered new binding: Restart - CTRL+R
19:42:33.935 [JavaFX Application Thread] DEBUG Input                - Registered new binding: Toggle Debug Camera - CTRL+7
19:42:33.939 [JavaFX Application Thread] DEBUG LoopRunner           - Starting loop
19:42:33.939 [JavaFX Application Thread] DEBUG LoopRunner           - Initializing JavaFX AnimationTimerLoop
19:42:33.941 [JavaFX Application Thread] DEBUG GameApplicationServi - Starting new game
19:42:33.943 [JavaFX Application Thread] DEBUG Input                - Clearing active input actions
19:42:33.956 [FXGL Background Thread 4 ] DEBUG FXGLAssetLoaderServi - Loading from file system: jar:file:///C:/Users/Pepito/.m2/repository/com/github/almasb/fxgl/17/fxgl-17.jar!/fxglassets/ui/fonts/Abel-Regular.ttf
19:42:33.967 [FXGL Background Thread 4 ] DEBUG FXGLAssetLoaderServi - Loading from file system: jar:file:///C:/Users/Pepito/.m2/repository/com/github/almasb/fxgl/17/fxgl-17.jar!/fxglassets/ui/fonts/TerminalLandMono-Regular.otf
19:42:33.968 [JavaFX Application Thread] DEBUG GameApplicationServi - Removing overlay from FXGLStartupScene and adding to FXGLLoadingScene
19:42:33.969 [JavaFX Application Thread] DEBUG PrimaryStageWindow   - FXGLStartupScene -> FXGLLoadingScene
19:42:33.970 [JavaFX Application Thread] DEBUG GameApplicationServi - Clearing previous game
19:42:33.970 [JavaFX Application Thread] DEBUG GameScene            - Clearing game scene
19:42:33.970 [JavaFX Application Thread] DEBUG GameWorld            - Clearing game world
19:42:33.971 [JavaFX Application Thread] DEBUG PhysicsWorld         - Clearing physics world
19:42:33.973 [FXGL Background Thread 1 ] DEBUG FXGLApplication      - Initializing game
19:42:33.976 [FXGL Background Thread 4 ] DEBUG FXGLAssetLoaderServi - Loading from file system: jar:file:///C:/Users/Pepito/.m2/repository/com/github/almasb/fxgl/17/fxgl-17.jar!/fxglassets/ui/fonts/Courier-Prime.ttf
19:42:34.002 [FXGL Background Thread 1 ] DEBUG FXGLAssetLoaderServi - Loading from file system: file:/C:/Users/Pepito/Documents/OpSoPr/project/dinosaur-exploder/target/classes/assets/textures/background.png
19:42:34.044 [JavaFX Application Thread] DEBUG FXGLApplication      - Registering font factories with UI factory
19:42:34.351 [FXGL Background Thread 1 ] DEBUG FXGLAssetLoaderServi - Loading from file system: file:/C:/Users/Pepito/Documents/OpSoPr/project/dinosaur-exploder/target/classes/assets/textures/spaceship.png
19:42:34.363 [FXGL Background Thread 1 ] INFO  FXGLApplication      - Game initialization took: 0.390 sec
19:42:34.364 [JavaFX Application Thread] DEBUG Input                - Clearing active input actions
19:42:34.375 [JavaFX Application Thread] DEBUG GameApplicationServi - Removing overlay from FXGLLoadingScene and adding to GameScene
19:42:34.376 [JavaFX Application Thread] DEBUG PrimaryStageWindow   - FXGLLoadingScene -> GameScene
19:42:34.845 [JavaFX Application Thread] DEBUG FXGLAssetLoaderServi - Loading from file system: file:/C:/Users/Pepito/Documents/OpSoPr/project/dinosaur-exploder/target/classes/assets/textures/basicProjectile.png
19:42:36.828 [FXGL Background Thread 3 ] DEBUG Engine               - Logging environment variables
19:42:36.828 [FXGL Background Thread 3 ] DEBUG Engine               - achievements: []
19:42:36.829 [FXGL Background Thread 3 ] DEBUG Engine               - actualHeight: 800.0
19:42:36.829 [FXGL Background Thread 3 ] DEBUG Engine               - actualHeightProperty: ReadOnlyDoubleProperty [value: 800.0]
19:42:36.829 [FXGL Background Thread 3 ] DEBUG Engine               - actualWidth: 600.0
19:42:36.829 [FXGL Background Thread 3 ] DEBUG Engine               - actualWidthProperty: ReadOnlyDoubleProperty [value: 600.0]
19:42:36.829 [FXGL Background Thread 3 ] DEBUG Engine               - appIcon: fxgl_icon.png
19:42:36.831 [FXGL Background Thread 3 ] DEBUG Engine               - applicationMode: DEVELOPER
19:42:36.833 [FXGL Background Thread 3 ] DEBUG Engine               - cSSList: [fxgl_dark.css]
19:42:36.833 [FXGL Background Thread 3 ] DEBUG Engine               - collisionDetectionStrategy: BRUTE_FORCE
19:42:36.833 [FXGL Background Thread 3 ] DEBUG Engine               - configClass: Optional.empty
19:42:36.833 [FXGL Background Thread 3 ] DEBUG Engine               - credits: []
19:42:36.834 [FXGL Background Thread 3 ] DEBUG Engine               - defaultCursor: CursorInfo(imageName=fxgl_default_cursor.png, hotspotX=7.0, hotspotY=6.0)
19:42:36.835 [FXGL Background Thread 3 ] DEBUG Engine               - devBBoxColorProperty: ObjectProperty [value: 0xff0000ff]
19:42:36.835 [FXGL Background Thread 3 ] DEBUG Engine               - devEnableDebugCameraProperty: BooleanProperty [value: false]
19:42:36.835 [FXGL Background Thread 3 ] DEBUG Engine               - devSensorColorProperty: ObjectProperty [value: 0xffff00ff]
19:42:36.836 [FXGL Background Thread 3 ] DEBUG Engine               - devShowBBoxProperty: BooleanProperty [value: false]
19:42:36.836 [FXGL Background Thread 3 ] DEBUG Engine               - devShowPositionProperty: BooleanProperty [value: false]
19:42:36.836 [FXGL Background Thread 3 ] DEBUG Engine               - enabledMenuItems: []
19:42:36.836 [FXGL Background Thread 3 ] DEBUG Engine               - engineServices: [class com.almasb.fxgl.app.services.FXGLAssetLoaderService, class com.almasb.fxgl.app.FXGLApplication$GameApplicationService, class com.almasb.fxgl.app.services.FXGLDialogService, class com.almasb.fxgl.app.services.IOTaskExecutorService, class com.almasb.fxgl.io.FileSystemService, class com.almasb.fxgl.localization.LocalizationService, class com.almasb.fxgl.app.services.SystemBundleService, class com.almasb.fxgl.profile.SaveLoadService, class com.almasb.fxgl.ui.FXGLUIFactoryServiceProvider, class com.almasb.fxgl.ui.FXGLDialogFactoryServiceProvider, class com.almasb.fxgl.audio.AudioPlayer, class com.almasb.fxgl.notification.impl.NotificationServiceProvider, class com.almasb.fxgl.achievement.AchievementService, class com.almasb.fxgl.cutscene.CutsceneService, class com.almasb.fxgl.minigames.MiniGameService, class com.almasb.fxgl.net.NetService, class com.almasb.fxgl.app.services.UpdaterService, class com.almasb.fxgl.dev.DevService]
19:42:36.836 [FXGL Background Thread 3 ] DEBUG Engine               - fontGame: Abel-Regular.ttf
19:42:36.836 [FXGL Background Thread 3 ] DEBUG Engine               - fontMono: TerminalLandMono-Regular.otf
19:42:36.837 [FXGL Background Thread 3 ] DEBUG Engine               - fontText: Courier-Prime.ttf
19:42:36.837 [FXGL Background Thread 3 ] DEBUG Engine               - fontUI: VarelaRound-Regular.ttf
19:42:36.837 [FXGL Background Thread 3 ] DEBUG Engine               - fullScreen: BooleanProperty [value: false]
19:42:36.837 [FXGL Background Thread 3 ] DEBUG Engine               - gameDifficulty: MEDIUM
19:42:36.837 [FXGL Background Thread 3 ] DEBUG Engine               - gameDifficultyProperty: ObjectProperty [value: MEDIUM]
19:42:36.837 [FXGL Background Thread 3 ] DEBUG Engine               - globalMusicVolume: 0.5
19:42:36.837 [FXGL Background Thread 3 ] DEBUG Engine               - globalMusicVolumeProperty: DoubleProperty [value: 0.5]
19:42:36.837 [FXGL Background Thread 3 ] DEBUG Engine               - globalSoundVolume: 0.5
19:42:36.838 [FXGL Background Thread 3 ] DEBUG Engine               - globalSoundVolumeProperty: DoubleProperty [value: 0.5]
19:42:36.838 [FXGL Background Thread 3 ] DEBUG Engine               - height: 800
19:42:36.838 [FXGL Background Thread 3 ] DEBUG Engine               - is3D: false
19:42:36.838 [FXGL Background Thread 3 ] DEBUG Engine               - isAndroid: false
19:42:36.838 [FXGL Background Thread 3 ] DEBUG Engine               - isBrowser: false
19:42:36.838 [FXGL Background Thread 3 ] DEBUG Engine               - isClickFeedbackEnabled: false
19:42:36.838 [FXGL Background Thread 3 ] DEBUG Engine               - isCloseConfirmation: false
19:42:36.838 [FXGL Background Thread 3 ] DEBUG Engine               - isDesktop: true
19:42:36.838 [FXGL Background Thread 3 ] DEBUG Engine               - isDeveloperMenuEnabled: false
19:42:36.839 [FXGL Background Thread 3 ] DEBUG Engine               - isEmbedded: false
19:42:36.839 [FXGL Background Thread 3 ] DEBUG Engine               - isEntityPreloadEnabled: true
19:42:36.839 [FXGL Background Thread 3 ] DEBUG Engine               - isExperimentalTiledLargeMap: false
19:42:36.839 [FXGL Background Thread 3 ] DEBUG Engine               - isFileSystemWriteAllowed: true
19:42:36.839 [FXGL Background Thread 3 ] DEBUG Engine               - isFullScreenAllowed: false
19:42:36.839 [FXGL Background Thread 3 ] DEBUG Engine               - isFullScreenFromStart: false
19:42:36.839 [FXGL Background Thread 3 ] DEBUG Engine               - isGameMenuEnabled: true
19:42:36.840 [FXGL Background Thread 3 ] DEBUG Engine               - isIOS: false
19:42:36.840 [FXGL Background Thread 3 ] DEBUG Engine               - isIntroEnabled: false
19:42:36.841 [FXGL Background Thread 3 ] DEBUG Engine               - isLinux: false
19:42:36.841 [FXGL Background Thread 3 ] DEBUG Engine               - isMac: false
19:42:36.841 [FXGL Background Thread 3 ] DEBUG Engine               - isMainMenuEnabled: false
19:42:36.842 [FXGL Background Thread 3 ] DEBUG Engine               - isManualResizeEnabled: false
19:42:36.843 [FXGL Background Thread 3 ] DEBUG Engine               - isMobile: false
19:42:36.843 [FXGL Background Thread 3 ] DEBUG Engine               - isNative: false
19:42:36.843 [FXGL Background Thread 3 ] DEBUG Engine               - isPauseMusicWhenMinimized: true
19:42:36.843 [FXGL Background Thread 3 ] DEBUG Engine               - isPreserveResizeRatio: false
19:42:36.843 [FXGL Background Thread 3 ] DEBUG Engine               - isProfilingEnabled: false
19:42:36.843 [FXGL Background Thread 3 ] DEBUG Engine               - isScaleAffectedOnResize: true
19:42:36.844 [FXGL Background Thread 3 ] DEBUG Engine               - isSingleStep: false
19:42:36.844 [FXGL Background Thread 3 ] DEBUG Engine               - isUserProfileEnabled: false
19:42:36.844 [FXGL Background Thread 3 ] DEBUG Engine               - isWindows: true
19:42:36.844 [FXGL Background Thread 3 ] DEBUG Engine               - language: ObjectProperty [value: ENGLISH]
19:42:36.844 [FXGL Background Thread 3 ] DEBUG Engine               - menuKey: ESCAPE
19:42:36.845 [FXGL Background Thread 3 ] DEBUG Engine               - mouseSensitivity: 0.2
19:42:36.845 [FXGL Background Thread 3 ] DEBUG Engine               - notificationViewClass: class com.almasb.fxgl.notification.view.XboxNotificationView
19:42:36.845 [FXGL Background Thread 3 ] DEBUG Engine               - pixelsPerMeter: 50.0
19:42:36.845 [FXGL Background Thread 3 ] DEBUG Engine               - platform: WINDOWS
19:42:36.845 [FXGL Background Thread 3 ] DEBUG Engine               - prefHeightProperty: ReadOnlyDoubleProperty [value: 800.0]
19:42:36.845 [FXGL Background Thread 3 ] DEBUG Engine               - prefWidthProperty: ReadOnlyDoubleProperty [value: 600.0]
19:42:36.845 [FXGL Background Thread 3 ] DEBUG Engine               - profileDir: profiles/
19:42:36.846 [FXGL Background Thread 3 ] DEBUG Engine               - profileName: StringProperty [value: DEFAULT]
19:42:36.846 [FXGL Background Thread 3 ] DEBUG Engine               - randomSeed: -1
19:42:36.846 [FXGL Background Thread 3 ] DEBUG Engine               - runtimeInfo: RuntimeInfo(platform=WINDOWS, version=17, build=31.12.2021 18.16)
19:42:36.846 [FXGL Background Thread 3 ] DEBUG Engine               - saveFileExt: sav
19:42:36.846 [FXGL Background Thread 3 ] DEBUG Engine               - scaledHeightProp$fxgl: DoubleProperty [bound, value: 800.0]
19:42:36.847 [FXGL Background Thread 3 ] DEBUG Engine               - scaledWidthProp$fxgl: DoubleProperty [bound, value: 600.0]
19:42:36.847 [FXGL Background Thread 3 ] DEBUG Engine               - sceneFactory: com.almasb.fxgl.app.scene.SceneFactory@3d81d9aa
19:42:36.847 [FXGL Background Thread 3 ] DEBUG Engine               - secondsIn24h: 60
19:42:36.847 [FXGL Background Thread 3 ] DEBUG Engine               - soundMenuBack: menu/back.wav
19:42:36.847 [FXGL Background Thread 3 ] DEBUG Engine               - soundMenuPress: menu/press.wav
19:42:36.847 [FXGL Background Thread 3 ] DEBUG Engine               - soundMenuSelect: menu/select.wav
19:42:36.847 [FXGL Background Thread 3 ] DEBUG Engine               - soundNotification: core/notification.wav
19:42:36.847 [FXGL Background Thread 3 ] DEBUG Engine               - stageStyle: DECORATED
19:42:36.847 [FXGL Background Thread 3 ] DEBUG Engine               - supportedLanguages: [ENGLISH, FRENCH, GERMAN, HUNGARIAN, RUSSIAN]
19:42:36.848 [FXGL Background Thread 3 ] DEBUG Engine               - ticksPerSecond: -1
19:42:36.848 [FXGL Background Thread 3 ] DEBUG Engine               - title: Dinosaur Exploder
19:42:36.848 [FXGL Background Thread 3 ] DEBUG Engine               - urlGithub: https://github.com/AlmasB/FXGL
19:42:36.848 [FXGL Background Thread 3 ] DEBUG Engine               - urlLeaderboard: http://fxgl-top.herokuapp.com/
19:42:36.848 [FXGL Background Thread 3 ] DEBUG Engine               - urlPOM: https://raw.githubusercontent.com/AlmasB/FXGL/release/README.md
19:42:36.848 [FXGL Background Thread 3 ] DEBUG Engine               - userAppClass: class com.dinosaur.dinosaurexploder.DinosaurApp
19:42:36.848 [FXGL Background Thread 3 ] DEBUG Engine               - version: 1.0
19:42:36.848 [FXGL Background Thread 3 ] DEBUG Engine               - versionCheckDays: 7
19:42:36.848 [FXGL Background Thread 3 ] DEBUG Engine               - width: 600
19:42:36.848 [FXGL Background Thread 3 ] DEBUG Engine               - Logging services
19:42:36.848 [FXGL Background Thread 3 ] DEBUG Engine               - class com.almasb.fxgl.app.services.FXGLAssetLoaderService
19:42:36.848 [FXGL Background Thread 3 ] DEBUG Engine               - class com.almasb.fxgl.app.FXGLApplication$GameApplicationService
19:42:36.849 [FXGL Background Thread 3 ] DEBUG Engine               - class com.almasb.fxgl.app.services.FXGLDialogService
19:42:36.849 [FXGL Background Thread 3 ] DEBUG Engine               - class com.almasb.fxgl.app.services.IOTaskExecutorService
19:42:36.849 [FXGL Background Thread 3 ] DEBUG Engine               - class com.almasb.fxgl.io.FileSystemService
19:42:36.849 [FXGL Background Thread 3 ] DEBUG Engine               - class com.almasb.fxgl.localization.LocalizationService
19:42:36.849 [FXGL Background Thread 3 ] DEBUG Engine               - class com.almasb.fxgl.app.services.SystemBundleService
19:42:36.849 [FXGL Background Thread 3 ] DEBUG Engine               - class com.almasb.fxgl.profile.SaveLoadService
19:42:36.849 [FXGL Background Thread 3 ] DEBUG Engine               - class com.almasb.fxgl.ui.FXGLUIFactoryServiceProvider
19:42:36.849 [FXGL Background Thread 3 ] DEBUG Engine               - class com.almasb.fxgl.ui.FXGLDialogFactoryServiceProvider
19:42:36.850 [FXGL Background Thread 3 ] DEBUG Engine               - class com.almasb.fxgl.audio.AudioPlayer
19:42:36.850 [FXGL Background Thread 3 ] DEBUG Engine               - class com.almasb.fxgl.notification.impl.NotificationServiceProvider
19:42:36.850 [FXGL Background Thread 3 ] DEBUG Engine               - class com.almasb.fxgl.achievement.AchievementService
19:42:36.850 [FXGL Background Thread 3 ] DEBUG Engine               - class com.almasb.fxgl.cutscene.CutsceneService
19:42:36.850 [FXGL Background Thread 3 ] DEBUG Engine               - class com.almasb.fxgl.minigames.MiniGameService
19:42:36.850 [FXGL Background Thread 3 ] DEBUG Engine               - class com.almasb.fxgl.net.NetService
19:42:36.850 [FXGL Background Thread 3 ] DEBUG Engine               - class com.almasb.fxgl.app.services.UpdaterService
19:42:36.850 [FXGL Background Thread 3 ] DEBUG Engine               - class com.almasb.fxgl.dev.DevService
19:42:40.616 [JavaFX Application Thread] DEBUG FXGLApplication      - Exiting FXGL
19:42:40.616 [JavaFX Application Thread] DEBUG LoopRunner           - Stopping loop
19:42:40.616 [JavaFX Application Thread] DEBUG SystemBundleService  - Saving FXGL system data
19:42:40.619 [JavaFX Application Thread] DEBUG FileSystemAccess     - Writing to: C:\Users\Pepito\Documents\OpSoPr\project\dinosaur-exploder\system\fxgl.bundle
19:42:40.621 [JavaFX Application Thread] DEBUG Async                - Shutting down background threads
19:42:40.621 [JavaFX Application Thread] DEBUG PrimaryStageWindow   - Closing main window
19:42:40.635 [JavaFX Application Thread] DEBUG Logger               - Closing Logger
